Using pre-set license
Built from '2022.3/staging' branch; Version is '2022.3.36f1 (95a4219250e5) revision 9806881'; Using compiler version '192829333'; Build Type 'Release'
OS: 'Windows 11  (10.0.22631) 64bit Professional' Language: 'en' Physical Memory: 15713 MB
BatchMode: 1, IsHumanControllingUs: 0, StartBugReporterOnCrash: 0, Is64bit: 1, IsPro: 1

COMMAND LINE ARGUMENTS:
C:\Program Files\Unity\Hub\Editor\2022.3.36f1\Editor\Unity.exe
-adb2
-batchMode
-noUpm
-name
AssetImportWorker21
-projectPath
C:/Users/emiry/Documents/GitHub/U80
-logFile
Logs/AssetImportWorker21.log
-srvPort
57102
Successfully changed project path to: C:/Users/emiry/Documents/GitHub/U80
C:/Users/emiry/Documents/GitHub/U80
[UnityMemory] Configuration Parameters - Can be set up in boot.config
    "memorysetup-bucket-allocator-granularity=16"
    "memorysetup-bucket-allocator-bucket-count=8"
    "memorysetup-bucket-allocator-block-size=33554432"
    "memorysetup-bucket-allocator-block-count=8"
    "memorysetup-main-allocator-block-size=16777216"
    "memorysetup-thread-allocator-block-size=16777216"
    "memorysetup-gfx-main-allocator-block-size=16777216"
    "memorysetup-gfx-thread-allocator-block-size=16777216"
    "memorysetup-cache-allocator-block-size=4194304"
    "memorysetup-typetree-allocator-block-size=2097152"
    "memorysetup-profiler-bucket-allocator-granularity=16"
    "memorysetup-profiler-bucket-allocator-bucket-count=8"
    "memorysetup-profiler-bucket-allocator-block-size=33554432"
    "memorysetup-profiler-bucket-allocator-block-count=8"
    "memorysetup-profiler-allocator-block-size=16777216"
    "memorysetup-profiler-editor-allocator-block-size=1048576"
    "memorysetup-temp-allocator-size-main=16777216"
    "memorysetup-job-temp-allocator-block-size=2097152"
    "memorysetup-job-temp-allocator-block-size-background=1048576"
    "memorysetup-job-temp-allocator-reduction-small-platforms=262144"
    "memorysetup-allocator-temp-initial-block-size-main=262144"
    "memorysetup-allocator-temp-initial-block-size-worker=262144"
    "memorysetup-temp-allocator-size-background-worker=32768"
    "memorysetup-temp-allocator-size-job-worker=262144"
    "memorysetup-temp-allocator-size-preload-manager=33554432"
    "memorysetup-temp-allocator-size-nav-mesh-worker=65536"
    "memorysetup-temp-allocator-size-audio-worker=65536"
    "memorysetup-temp-allocator-size-cloud-worker=32768"
    "memorysetup-temp-allocator-size-gi-baking-worker=262144"
    "memorysetup-temp-allocator-size-gfx=262144"
Player connection [31148] Host "[IP] 192.168.0.19 [Port] 0 [Flags] 2 [Guid] 173415409 [EditorId] 173415409 [Version] 1048832 [Id] WindowsEditor(7,Hootbu) [Debug] 1 [PackageName] WindowsEditor [ProjectName] Editor" joined multi-casting on [225.0.0.222:54997]...

Player connection [31148] Host "[IP] 192.168.0.19 [Port] 0 [Flags] 2 [Guid] 173415409 [EditorId] 173415409 [Version] 1048832 [Id] WindowsEditor(7,Hootbu) [Debug] 1 [PackageName] WindowsEditor [ProjectName] Editor" joined alternative multi-casting on [225.0.0.222:34997]...

[PhysX] Initialized MultithreadedTaskDispatcher with 16 workers.
Refreshing native plugins compatible for Editor in 11.32 ms, found 3 plugins.
Preloading 0 native plugins for Editor in 0.00 ms.
Initialize engine version: 2022.3.36f1 (95a4219250e5)
[Subsystems] Discovering subsystems at path C:/Program Files/Unity/Hub/Editor/2022.3.36f1/Editor/Data/Resources/UnitySubsystems
[Subsystems] Discovering subsystems at path C:/Users/emiry/Documents/GitHub/U80/Assets
GfxDevice: creating device client; threaded=0; jobified=0
Direct3D:
    Version:  Direct3D 11.0 [level 11.1]
    Renderer: NVIDIA GeForce RTX 3050 Ti Laptop GPU (ID=0x25a0)
    Vendor:   NVIDIA
    VRAM:     3962 MB
    Driver:   32.0.15.6070
Initialize mono
Mono path[0] = 'C:/Program Files/Unity/Hub/Editor/2022.3.36f1/Editor/Data/Managed'
Mono path[1] = 'C:/Program Files/Unity/Hub/Editor/2022.3.36f1/Editor/Data/MonoBleedingEdge/lib/mono/unityjit-win32'
Mono config path = 'C:/Program Files/Unity/Hub/Editor/2022.3.36f1/Editor/Data/MonoBleedingEdge/etc'
Using monoOptions --debugger-agent=transport=dt_socket,embedding=1,server=y,suspend=n,address=127.0.0.1:56808
Begin MonoManager ReloadAssembly
Registering precompiled unity dll's ...
Register platform support module: C:/Program Files/Unity/Hub/Editor/2022.3.36f1/Editor/Data/PlaybackEngines/WindowsStandaloneSupport/UnityEditor.WindowsStandalone.Extensions.dll
Registered in 0.008726 seconds.
- Loaded All Assemblies, in  0.382 seconds
Native extension for WindowsStandalone target not found
Mono: successfully reloaded assembly
- Finished resetting the current domain, in  0.278 seconds
Domain Reload Profiling: 658ms
	BeginReloadAssembly (131ms)
		ExecutionOrderSort (0ms)
		DisableScriptedObjects (0ms)
		BackupInstance (0ms)
		ReleaseScriptingObjects (0ms)
		CreateAndSetChildDomain (1ms)
	RebuildCommonClasses (36ms)
	RebuildNativeTypeToScriptingClass (10ms)
	initialDomainReloadingComplete (67ms)
	LoadAllAssembliesAndSetupDomain (136ms)
		LoadAssemblies (129ms)
		RebuildTransferFunctionScriptingTraits (0ms)
		AnalyzeDomain (134ms)
			TypeCache.Refresh (133ms)
				TypeCache.ScanAssembly (121ms)
			ScanForSourceGeneratedMonoScriptInfo (0ms)
			ResolveRequiredComponents (0ms)
	FinalizeReload (278ms)
		ReleaseScriptCaches (0ms)
		RebuildScriptCaches (0ms)
		SetupLoadedEditorAssemblies (222ms)
			LogAssemblyErrors (0ms)
			InitializePlatformSupportModulesInManaged (10ms)
			SetLoadedEditorAssemblies (8ms)
			RefreshPlugins (0ms)
			BeforeProcessingInitializeOnLoad (2ms)
			ProcessInitializeOnLoadAttributes (152ms)
			ProcessInitializeOnLoadMethodAttributes (50ms)
			AfterProcessingInitializeOnLoad (0ms)
			EditorAssembliesLoaded (0ms)
		ExecutionOrderSort2 (0ms)
		AwakeInstancesAfterBackupRestoration (0ms)
========================================================================
Worker process is ready to serve import requests
Begin MonoManager ReloadAssembly
- Loaded All Assemblies, in  0.926 seconds
Refreshing native plugins compatible for Editor in 5.62 ms, found 3 plugins.
Native extension for WindowsStandalone target not found
Package Manager log level set to [2]
[Package Manager] Server::EnsureServerProcessIsRunning -- launch failed, reason: Unity was launched with the -noUpm command-line argument
[Package Manager] UpmClient::Send -- Unable to send message (not connected to UPM process).
[Package Manager] Cannot connect to Unity Package Manager local server
Mono: successfully reloaded assembly
- Finished resetting the current domain, in  1.390 seconds
Domain Reload Profiling: 2313ms
	BeginReloadAssembly (184ms)
		ExecutionOrderSort (0ms)
		DisableScriptedObjects (7ms)
		BackupInstance (0ms)
		ReleaseScriptingObjects (0ms)
		CreateAndSetChildDomain (31ms)
	RebuildCommonClasses (37ms)
	RebuildNativeTypeToScriptingClass (14ms)
	initialDomainReloadingComplete (57ms)
	LoadAllAssembliesAndSetupDomain (630ms)
		LoadAssemblies (464ms)
		RebuildTransferFunctionScriptingTraits (0ms)
		AnalyzeDomain (271ms)
			TypeCache.Refresh (232ms)
				TypeCache.ScanAssembly (204ms)
			ScanForSourceGeneratedMonoScriptInfo (31ms)
			ResolveRequiredComponents (6ms)
	FinalizeReload (1391ms)
		ReleaseScriptCaches (0ms)
		RebuildScriptCaches (0ms)
		SetupLoadedEditorAssemblies (1152ms)
			LogAssemblyErrors (0ms)
			InitializePlatformSupportModulesInManaged (9ms)
			SetLoadedEditorAssemblies (6ms)
			RefreshPlugins (0ms)
			BeforeProcessingInitializeOnLoad (111ms)
			ProcessInitializeOnLoadAttributes (983ms)
			ProcessInitializeOnLoadMethodAttributes (30ms)
			AfterProcessingInitializeOnLoad (12ms)
			EditorAssembliesLoaded (0ms)
		ExecutionOrderSort2 (0ms)
		AwakeInstancesAfterBackupRestoration (11ms)
Launched and connected shader compiler UnityShaderCompiler.exe after 0.15 seconds
Refreshing native plugins compatible for Editor in 5.64 ms, found 3 plugins.
Preloading 0 native plugins for Editor in 0.00 ms.
Unloading 3486 Unused Serialized files (Serialized files now loaded: 0)
Unloading 62 unused Assets / (2.0 MB). Loaded Objects now: 3977.
Memory consumption went from 200.9 MB to 198.9 MB.
Total: 8.389400 ms (FindLiveObjects: 1.240000 ms CreateObjectMapping: 0.383100 ms MarkObjects: 5.043700 ms  DeleteObjects: 1.718500 ms)

AssetImportParameters requested are different than current active one (requested -> active):
  custom:container-demuxer-ogg: 62fdf1f143b41e24485cea50d1cbac27 -> 
  custom:video-codec-MediaFoundation-h265: 746d11721c4dcdbdad8f713fa42b33f4 -> 
  custom:video-decoder-ogg-theora: a1e56fd34408186e4bbccfd4996cb3dc -> 
  custom:framework-win-MediaFoundation: 216162199b28c13a410421893ffa2e32 -> 
  custom:CustomObjectIndexerAttribute: 9a22284fe3817be447336de3de66b15e -> 
  custom:container-demuxer-webm: 4f35f7cbe854078d1ac9338744f61a02 -> 
  custom:container-muxer-webm: aa71ff27fc2769a1b78a27578f13a17b -> 
  custom:video-decoder-webm-vp8: 9c59270c3fd7afecdb556c50c9e8de78 -> 
  custom:SearchIndexIgnoredProperties: e643bd26f0fe6173181afceb89e7c659 -> 
  custom:AudioImporter_EditorPlatform: d09bf68614088b80899f8185d706f6e7 -> 
  custom:video-encoder-webm-vp8: eb34c28f22e8b96e1ab97ce403110664 -> 
  custom:audio-decoder-ogg-vorbis: bf7c407c2cedff20999df2af8eb42d56 -> 
  custom:audio-encoder-webm-vorbis: bf7c407c2cedff20999df2af8eb42d56 -> 
========================================================================
Received Import Request.
  Time since last request: 166950.225569 seconds.
  path: Assets/Geopipe/Pack01/NYBlock01/Textures/ortho10gpc62ci6.png
  artifactKey: Guid(b3de96e4ba59749378a304058d0a598d) Importer(815301076,1909f56bfc062723c751e8b465ee728b)
Start importing Assets/Geopipe/Pack01/NYBlock01/Textures/ortho10gpc62ci6.png using Guid(b3de96e4ba59749378a304058d0a598d) Importer(815301076,1909f56bfc062723c751e8b465ee728b) [PhysX] Initialized MultithreadedTaskDispatcher with 16 workers.
[PhysX] Initialized MultithreadedTaskDispatcher with 16 workers.
 -> (artifact id: '2d8696447762d5dde353d925d6fdc51e') in 0.082896 seconds
Number of updated asset objects reloaded before import = 0
Number of asset objects unloaded after import = 2
========================================================================
Received Import Request.
  Time since last request: 0.000024 seconds.
  path: Assets/Geopipe/Pack01/NYBlock01/Textures/ortho10gpc62di2.png
  artifactKey: Guid(9e5fe046416e84a4eb793f9d1e5b35ed) Importer(815301076,1909f56bfc062723c751e8b465ee728b)
Start importing Assets/Geopipe/Pack01/NYBlock01/Textures/ortho10gpc62di2.png using Guid(9e5fe046416e84a4eb793f9d1e5b35ed) Importer(815301076,1909f56bfc062723c751e8b465ee728b) [PhysX] Initialized MultithreadedTaskDispatcher with 16 workers.
[PhysX] Initialized MultithreadedTaskDispatcher with 16 workers.
 -> (artifact id: '810e4d48f7f1d664c859b628b9e61197') in 0.016969 seconds
Number of updated asset objects reloaded before import = 0
Number of asset objects unloaded after import = 2
========================================================================
Received Import Request.
  Time since last request: 0.000207 seconds.
  path: Assets/Geopipe/Pack01/NYBlock01/Textures/ortho10gpc63840.png
  artifactKey: Guid(cf5906164bd37487eb33fd70efdc30ea) Importer(815301076,1909f56bfc062723c751e8b465ee728b)
Start importing Assets/Geopipe/Pack01/NYBlock01/Textures/ortho10gpc63840.png using Guid(cf5906164bd37487eb33fd70efdc30ea) Importer(815301076,1909f56bfc062723c751e8b465ee728b) [PhysX] Initialized MultithreadedTaskDispatcher with 16 workers.
[PhysX] Initialized MultithreadedTaskDispatcher with 16 workers.
 -> (artifact id: '1fd5a7097507077f0b4ac9d4e353b564') in 0.014174 seconds
Number of updated asset objects reloaded before import = 0
Number of asset objects unloaded after import = 2
========================================================================
Received Import Request.
  Time since last request: 0.000028 seconds.
  path: Assets/Geopipe/Pack01/NYBlock01/Textures/ortho10gpc62cm6.png
  artifactKey: Guid(f4e4f970faebb4dfa9b564b0628a40c7) Importer(815301076,1909f56bfc062723c751e8b465ee728b)
Start importing Assets/Geopipe/Pack01/NYBlock01/Textures/ortho10gpc62cm6.png using Guid(f4e4f970faebb4dfa9b564b0628a40c7) Importer(815301076,1909f56bfc062723c751e8b465ee728b) [PhysX] Initialized MultithreadedTaskDispatcher with 16 workers.
[PhysX] Initialized MultithreadedTaskDispatcher with 16 workers.
 -> (artifact id: '9ca7d0895d4078bb540bc6911933857e') in 0.015716 seconds
Number of updated asset objects reloaded before import = 0
Number of asset objects unloaded after import = 2
========================================================================
Received Import Request.
  Time since last request: 0.000039 seconds.
  path: Assets/Geopipe/Pack01/NYBlock01/Textures/ortho10gpc63804.png
  artifactKey: Guid(4d267f188b37a42aba6b39d7c1e85fd5) Importer(815301076,1909f56bfc062723c751e8b465ee728b)
Start importing Assets/Geopipe/Pack01/NYBlock01/Textures/ortho10gpc63804.png using Guid(4d267f188b37a42aba6b39d7c1e85fd5) Importer(815301076,1909f56bfc062723c751e8b465ee728b) [PhysX] Initialized MultithreadedTaskDispatcher with 16 workers.
[PhysX] Initialized MultithreadedTaskDispatcher with 16 workers.
 -> (artifact id: 'f9858667aeeda4739c1c87d142d5ce25') in 0.013442 seconds
Number of updated asset objects reloaded before import = 0
Number of asset objects unloaded after import = 2
========================================================================
Received Import Request.
  Time since last request: 0.532411 seconds.
  path: Assets/Geopipe/Pack01/NYBlock01/Textures/ortho10gpc63844.png
  artifactKey: Guid(3fd1ab63f7bac438d9c0d5f9c33370d1) Importer(815301076,1909f56bfc062723c751e8b465ee728b)
Start importing Assets/Geopipe/Pack01/NYBlock01/Textures/ortho10gpc63844.png using Guid(3fd1ab63f7bac438d9c0d5f9c33370d1) Importer(815301076,1909f56bfc062723c751e8b465ee728b) [PhysX] Initialized MultithreadedTaskDispatcher with 16 workers.
[PhysX] Initialized MultithreadedTaskDispatcher with 16 workers.
 -> (artifact id: '1f524c29b6c611777b40ff749415cdd2') in 0.010298 seconds
Number of updated asset objects reloaded before import = 0
Number of asset objects unloaded after import = 2
========================================================================
Received Import Request.
  Time since last request: 0.000017 seconds.
  path: Assets/Geopipe/Pack01/NYBlock01/Textures/road_asphalt.png
  artifactKey: Guid(7212bd7fcb964401ea8fe4a209bfc93c) Importer(815301076,1909f56bfc062723c751e8b465ee728b)
Start importing Assets/Geopipe/Pack01/NYBlock01/Textures/road_asphalt.png using Guid(7212bd7fcb964401ea8fe4a209bfc93c) Importer(815301076,1909f56bfc062723c751e8b465ee728b) [PhysX] Initialized MultithreadedTaskDispatcher with 16 workers.
[PhysX] Initialized MultithreadedTaskDispatcher with 16 workers.
 -> (artifact id: 'ce19e5d92dc29c4cc6e1a32ace04f45f') in 0.010681 seconds
Number of updated asset objects reloaded before import = 0
Number of asset objects unloaded after import = 2
========================================================================
Received Import Request.
  Time since last request: 0.000027 seconds.
  path: Assets/Geopipe/Pack01/NYBlock01/Textures/sidewalk_concrete_slab.png
  artifactKey: Guid(d104dc359640840b78e9775fe2d389e8) Importer(815301076,1909f56bfc062723c751e8b465ee728b)
Start importing Assets/Geopipe/Pack01/NYBlock01/Textures/sidewalk_concrete_slab.png using Guid(d104dc359640840b78e9775fe2d389e8) Importer(815301076,1909f56bfc062723c751e8b465ee728b) [PhysX] Initialized MultithreadedTaskDispatcher with 16 workers.
[PhysX] Initialized MultithreadedTaskDispatcher with 16 workers.
 -> (artifact id: '0e65deff28d756645713fa30ed4c73a9') in 0.011086 seconds
Number of updated asset objects reloaded before import = 0
Number of asset objects unloaded after import = 2
========================================================================
Received Import Request.
  Time since last request: 0.000024 seconds.
  path: Assets/Geopipe/Pack01/NYBlock01/Textures/ortho10gpc63860.png
  artifactKey: Guid(13d74681531ea4be999a270e0a559aea) Importer(815301076,1909f56bfc062723c751e8b465ee728b)
Start importing Assets/Geopipe/Pack01/NYBlock01/Textures/ortho10gpc63860.png using Guid(13d74681531ea4be999a270e0a559aea) Importer(815301076,1909f56bfc062723c751e8b465ee728b) [PhysX] Initialized MultithreadedTaskDispatcher with 16 workers.
[PhysX] Initialized MultithreadedTaskDispatcher with 16 workers.
 -> (artifact id: 'd1986b8433e7ff59b82b5976e5825c3e') in 0.012034 seconds
Number of updated asset objects reloaded before import = 0
Number of asset objects unloaded after import = 2
========================================================================
Received Import Request.
  Time since last request: 0.000022 seconds.
  path: Assets/Geopipe/Pack01/NYBlock01/Textures/street_light2.png
  artifactKey: Guid(23918d4b282b84bceb33a503baf421ed) Importer(815301076,1909f56bfc062723c751e8b465ee728b)
Start importing Assets/Geopipe/Pack01/NYBlock01/Textures/street_light2.png using Guid(23918d4b282b84bceb33a503baf421ed) Importer(815301076,1909f56bfc062723c751e8b465ee728b) [PhysX] Initialized MultithreadedTaskDispatcher with 16 workers.
[PhysX] Initialized MultithreadedTaskDispatcher with 16 workers.
 -> (artifact id: '2c8afbd56154f8c0f3a26ce31165a119') in 0.013002 seconds
Number of updated asset objects reloaded before import = 0
Number of asset objects unloaded after import = 2
========================================================================
Received Import Request.
  Time since last request: 0.000031 seconds.
  path: Assets/Geopipe/Pack01/NYBlock01/Textures/ortho10gpc63864.png
  artifactKey: Guid(7c7ad42a4f08e4272b1fa50b71ea4fa1) Importer(815301076,1909f56bfc062723c751e8b465ee728b)
Start importing Assets/Geopipe/Pack01/NYBlock01/Textures/ortho10gpc63864.png using Guid(7c7ad42a4f08e4272b1fa50b71ea4fa1) Importer(815301076,1909f56bfc062723c751e8b465ee728b) [PhysX] Initialized MultithreadedTaskDispatcher with 16 workers.
[PhysX] Initialized MultithreadedTaskDispatcher with 16 workers.
 -> (artifact id: '17111109a4ad6d9ad933960d8f685701') in 0.011624 seconds
Number of updated asset objects reloaded before import = 0
Number of asset objects unloaded after import = 2
========================================================================
Received Import Request.
  Time since last request: 0.000023 seconds.
  path: Assets/Geopipe/Pack01/NYBlock01/Textures/ortho10gpc63862.png
  artifactKey: Guid(62c71c592f94a461e9f80b8381031807) Importer(815301076,1909f56bfc062723c751e8b465ee728b)
Start importing Assets/Geopipe/Pack01/NYBlock01/Textures/ortho10gpc63862.png using Guid(62c71c592f94a461e9f80b8381031807) Importer(815301076,1909f56bfc062723c751e8b465ee728b) [PhysX] Initialized MultithreadedTaskDispatcher with 16 workers.
[PhysX] Initialized MultithreadedTaskDispatcher with 16 workers.
 -> (artifact id: 'cfc9fc6ff90cd250644739474644306f') in 0.016118 seconds
Number of updated asset objects reloaded before import = 0
Number of asset objects unloaded after import = 2
========================================================================
Received Import Request.
  Time since last request: 0.000025 seconds.
  path: Assets/Geopipe/Pack01/NYBlock01/Textures/ParkAvenue.png
  artifactKey: Guid(4ac358e8917ff4cc7b82c835c14d159a) Importer(815301076,1909f56bfc062723c751e8b465ee728b)
Start importing Assets/Geopipe/Pack01/NYBlock01/Textures/ParkAvenue.png using Guid(4ac358e8917ff4cc7b82c835c14d159a) Importer(815301076,1909f56bfc062723c751e8b465ee728b) [PhysX] Initialized MultithreadedTaskDispatcher with 16 workers.
[PhysX] Initialized MultithreadedTaskDispatcher with 16 workers.
 -> (artifact id: '1634a810e0e63fd2bf0f4774728db421') in 0.009889 seconds
Number of updated asset objects reloaded before import = 0
Number of asset objects unloaded after import = 2
========================================================================
Received Import Request.
  Time since last request: 1.402822 seconds.
  path: Assets/Geopipe/Pack01/NYBlock01/Textures/street_sign.png
  artifactKey: Guid(9f0c99ffadaa048aabc8a74b0d126129) Importer(815301076,1909f56bfc062723c751e8b465ee728b)
Start importing Assets/Geopipe/Pack01/NYBlock01/Textures/street_sign.png using Guid(9f0c99ffadaa048aabc8a74b0d126129) Importer(815301076,1909f56bfc062723c751e8b465ee728b) [PhysX] Initialized MultithreadedTaskDispatcher with 16 workers.
[PhysX] Initialized MultithreadedTaskDispatcher with 16 workers.
 -> (artifact id: 'c1569c4a5791934d966caee10fad41d1') in 0.011929 seconds
Number of updated asset objects reloaded before import = 0
Number of asset objects unloaded after import = 2
========================================================================
Received Import Request.
  Time since last request: 0.000016 seconds.
  path: Assets/Geopipe/Pack01/NYBlock01/Textures/subway_map_11.png
  artifactKey: Guid(3dc50a573dd7e490dae8ab1bd8a3e1ed) Importer(815301076,1909f56bfc062723c751e8b465ee728b)
Start importing Assets/Geopipe/Pack01/NYBlock01/Textures/subway_map_11.png using Guid(3dc50a573dd7e490dae8ab1bd8a3e1ed) Importer(815301076,1909f56bfc062723c751e8b465ee728b) [PhysX] Initialized MultithreadedTaskDispatcher with 16 workers.
[PhysX] Initialized MultithreadedTaskDispatcher with 16 workers.
 -> (artifact id: '0aeac3d7e246b617e3f320fec5c1aeaa') in 0.009406 seconds
Number of updated asset objects reloaded before import = 0
Number of asset objects unloaded after import = 2
========================================================================
Received Import Request.
  Time since last request: 0.000019 seconds.
  path: Assets/Geopipe/Pack01/NYBlock01/Textures/subway_map_14.png
  artifactKey: Guid(81eb49ce6062c446d86c64cd1eee9c83) Importer(815301076,1909f56bfc062723c751e8b465ee728b)
Start importing Assets/Geopipe/Pack01/NYBlock01/Textures/subway_map_14.png using Guid(81eb49ce6062c446d86c64cd1eee9c83) Importer(815301076,1909f56bfc062723c751e8b465ee728b) [PhysX] Initialized MultithreadedTaskDispatcher with 16 workers.
[PhysX] Initialized MultithreadedTaskDispatcher with 16 workers.
 -> (artifact id: '1ca74f34d5ec45b88d83386f767928f4') in 0.008867 seconds
Number of updated asset objects reloaded before import = 0
Number of asset objects unloaded after import = 2
========================================================================
Received Import Request.
  Time since last request: 0.000021 seconds.
  path: Assets/Geopipe/Pack01/NYBlock01/Textures/subway_map_05.png
  artifactKey: Guid(58549385aaf2541bbb6290cb0fdf7392) Importer(815301076,1909f56bfc062723c751e8b465ee728b)
Start importing Assets/Geopipe/Pack01/NYBlock01/Textures/subway_map_05.png using Guid(58549385aaf2541bbb6290cb0fdf7392) Importer(815301076,1909f56bfc062723c751e8b465ee728b) [PhysX] Initialized MultithreadedTaskDispatcher with 16 workers.
[PhysX] Initialized MultithreadedTaskDispatcher with 16 workers.
 -> (artifact id: '59f2ab1a59c3272e74c7c458a024f159') in 0.009967 seconds
Number of updated asset objects reloaded before import = 0
Number of asset objects unloaded after import = 2
========================================================================
Received Import Request.
  Time since last request: 0.000027 seconds.
  path: Assets/Geopipe/Pack01/NYBlock01/Textures/subway_map_07.png
  artifactKey: Guid(3f15cbafe55ac4dfd80b63e79de22e28) Importer(815301076,1909f56bfc062723c751e8b465ee728b)
Start importing Assets/Geopipe/Pack01/NYBlock01/Textures/subway_map_07.png using Guid(3f15cbafe55ac4dfd80b63e79de22e28) Importer(815301076,1909f56bfc062723c751e8b465ee728b) [PhysX] Initialized MultithreadedTaskDispatcher with 16 workers.
[PhysX] Initialized MultithreadedTaskDispatcher with 16 workers.
 -> (artifact id: '63dcf2c2ac3f53d902efaea1929ee6bf') in 0.007285 seconds
Number of updated asset objects reloaded before import = 0
Number of asset objects unloaded after import = 2
========================================================================
Received Import Request.
  Time since last request: 0.000019 seconds.
  path: Assets/Geopipe/Pack01/NYBlock01/Textures/subway_map_02.png
  artifactKey: Guid(c0d4771a1a5744f4a98eb84eb87a56a4) Importer(815301076,1909f56bfc062723c751e8b465ee728b)
Start importing Assets/Geopipe/Pack01/NYBlock01/Textures/subway_map_02.png using Guid(c0d4771a1a5744f4a98eb84eb87a56a4) Importer(815301076,1909f56bfc062723c751e8b465ee728b) [PhysX] Initialized MultithreadedTaskDispatcher with 16 workers.
[PhysX] Initialized MultithreadedTaskDispatcher with 16 workers.
 -> (artifact id: 'a8572dfe2aaab2a7ee276958e5fc92eb') in 0.009729 seconds
Number of updated asset objects reloaded before import = 0
Number of asset objects unloaded after import = 2
========================================================================
Received Import Request.
  Time since last request: 0.000045 seconds.
  path: Assets/Geopipe/Pack01/NYBlock01/Textures/terrain_1.png
  artifactKey: Guid(327c6382a5e7b4629958fe97aa6ab9c4) Importer(815301076,1909f56bfc062723c751e8b465ee728b)
Start importing Assets/Geopipe/Pack01/NYBlock01/Textures/terrain_1.png using Guid(327c6382a5e7b4629958fe97aa6ab9c4) Importer(815301076,1909f56bfc062723c751e8b465ee728b) [PhysX] Initialized MultithreadedTaskDispatcher with 16 workers.
[PhysX] Initialized MultithreadedTaskDispatcher with 16 workers.
 -> (artifact id: '26ba0f73af66acb5e9d2ed8668975f29') in 0.012982 seconds
Number of updated asset objects reloaded before import = 0
Number of asset objects unloaded after import = 2
========================================================================
Received Import Request.
  Time since last request: 0.000023 seconds.
  path: Assets/Geopipe/Pack01/NYBlock01/Textures/subway_map_08.png
  artifactKey: Guid(7f424fb0800e6401d947a13f9f07edfa) Importer(815301076,1909f56bfc062723c751e8b465ee728b)
Start importing Assets/Geopipe/Pack01/NYBlock01/Textures/subway_map_08.png using Guid(7f424fb0800e6401d947a13f9f07edfa) Importer(815301076,1909f56bfc062723c751e8b465ee728b) [PhysX] Initialized MultithreadedTaskDispatcher with 16 workers.
[PhysX] Initialized MultithreadedTaskDispatcher with 16 workers.
 -> (artifact id: 'b579388cc3ec9029a84d099ea68516cb') in 0.008147 seconds
Number of updated asset objects reloaded before import = 0
Number of asset objects unloaded after import = 2
========================================================================
Received Import Request.
  Time since last request: 2.916054 seconds.
  path: Assets/Geopipe/Pack01/NYBlock01/Textures/terrain_3.png
  artifactKey: Guid(8864e79a7a5764b49bd595f80043b593) Importer(815301076,1909f56bfc062723c751e8b465ee728b)
Start importing Assets/Geopipe/Pack01/NYBlock01/Textures/terrain_3.png using Guid(8864e79a7a5764b49bd595f80043b593) Importer(815301076,1909f56bfc062723c751e8b465ee728b) [PhysX] Initialized MultithreadedTaskDispatcher with 16 workers.
[PhysX] Initialized MultithreadedTaskDispatcher with 16 workers.
 -> (artifact id: '008a4971e34c4c819dcaa81d566ad573') in 0.013502 seconds
Number of updated asset objects reloaded before import = 0
Number of asset objects unloaded after import = 2
========================================================================
Received Import Request.
  Time since last request: 0.000023 seconds.
  path: Assets/Geopipe/Pack01/NYBlock01/Textures/terrain_12.png
  artifactKey: Guid(4723668dcc6b24cebb05232ace094059) Importer(815301076,1909f56bfc062723c751e8b465ee728b)
Start importing Assets/Geopipe/Pack01/NYBlock01/Textures/terrain_12.png using Guid(4723668dcc6b24cebb05232ace094059) Importer(815301076,1909f56bfc062723c751e8b465ee728b) [PhysX] Initialized MultithreadedTaskDispatcher with 16 workers.
[PhysX] Initialized MultithreadedTaskDispatcher with 16 workers.
 -> (artifact id: '0c27d6ba5697b50faad48509dc0f7da6') in 0.013891 seconds
Number of updated asset objects reloaded before import = 0
Number of asset objects unloaded after import = 2
========================================================================
Received Import Request.
  Time since last request: 0.000039 seconds.
  path: Assets/Geopipe/Pack01/NYBlock01/Textures/terrain_8.png
  artifactKey: Guid(54de3fa7ec94545d98cd1f63d5037003) Importer(815301076,1909f56bfc062723c751e8b465ee728b)
Start importing Assets/Geopipe/Pack01/NYBlock01/Textures/terrain_8.png using Guid(54de3fa7ec94545d98cd1f63d5037003) Importer(815301076,1909f56bfc062723c751e8b465ee728b) [PhysX] Initialized MultithreadedTaskDispatcher with 16 workers.
[PhysX] Initialized MultithreadedTaskDispatcher with 16 workers.
 -> (artifact id: 'add73d54b03d136c3d8846790e0d1c3a') in 0.014248 seconds
Number of updated asset objects reloaded before import = 0
Number of asset objects unloaded after import = 2
========================================================================
Received Import Request.
  Time since last request: 0.000019 seconds.
  path: Assets/Geopipe/Pack01/NYBlock01/Textures/terrain_15.png
  artifactKey: Guid(17beb795eeb364dd08a95c2299c4b69e) Importer(815301076,1909f56bfc062723c751e8b465ee728b)
Start importing Assets/Geopipe/Pack01/NYBlock01/Textures/terrain_15.png using Guid(17beb795eeb364dd08a95c2299c4b69e) Importer(815301076,1909f56bfc062723c751e8b465ee728b) [PhysX] Initialized MultithreadedTaskDispatcher with 16 workers.
[PhysX] Initialized MultithreadedTaskDispatcher with 16 workers.
 -> (artifact id: 'ffa90c397073c7314872b50c84f7af09') in 0.013681 seconds
Number of updated asset objects reloaded before import = 0
Number of asset objects unloaded after import = 2
========================================================================
Received Import Request.
  Time since last request: 0.000026 seconds.
  path: Assets/Geopipe/Pack01/NYBlock01/Textures/terrain_5.png
  artifactKey: Guid(565b60c4cfad44652baa4a2e79c09d3e) Importer(815301076,1909f56bfc062723c751e8b465ee728b)
Start importing Assets/Geopipe/Pack01/NYBlock01/Textures/terrain_5.png using Guid(565b60c4cfad44652baa4a2e79c09d3e) Importer(815301076,1909f56bfc062723c751e8b465ee728b) [PhysX] Initialized MultithreadedTaskDispatcher with 16 workers.
[PhysX] Initialized MultithreadedTaskDispatcher with 16 workers.
 -> (artifact id: '16395959a956474867fdbdcaf47656b5') in 0.011843 seconds
Number of updated asset objects reloaded before import = 0
Number of asset objects unloaded after import = 2
========================================================================
Received Import Request.
  Time since last request: 0.000021 seconds.
  path: Assets/Geopipe/Pack01/NYBlock01/Textures/terrain_7.png
  artifactKey: Guid(bf6053eb0b4e2474da45009d068188a8) Importer(815301076,1909f56bfc062723c751e8b465ee728b)
Start importing Assets/Geopipe/Pack01/NYBlock01/Textures/terrain_7.png using Guid(bf6053eb0b4e2474da45009d068188a8) Importer(815301076,1909f56bfc062723c751e8b465ee728b) [PhysX] Initialized MultithreadedTaskDispatcher with 16 workers.
[PhysX] Initialized MultithreadedTaskDispatcher with 16 workers.
 -> (artifact id: 'c77a735c09e72ffe85a0e3b7e3432a22') in 0.013509 seconds
Number of updated asset objects reloaded before import = 0
Number of asset objects unloaded after import = 2
========================================================================
Received Import Request.
  Time since last request: 0.000019 seconds.
  path: Assets/Geopipe/Pack01/NYBlock01/Textures/West44thStreet.png
  artifactKey: Guid(cb68106e1f7ad4b90aeb92f19e7e3326) Importer(815301076,1909f56bfc062723c751e8b465ee728b)
Start importing Assets/Geopipe/Pack01/NYBlock01/Textures/West44thStreet.png using Guid(cb68106e1f7ad4b90aeb92f19e7e3326) Importer(815301076,1909f56bfc062723c751e8b465ee728b) [PhysX] Initialized MultithreadedTaskDispatcher with 16 workers.
[PhysX] Initialized MultithreadedTaskDispatcher with 16 workers.
 -> (artifact id: '623b93dab1bc318d925096f59827faf6') in 0.007110 seconds
Number of updated asset objects reloaded before import = 0
Number of asset objects unloaded after import = 2
========================================================================
Received Import Request.
  Time since last request: 0.000018 seconds.
  path: Assets/Geopipe/Pack01/NYBlock01/Textures/West47thStreet.png
  artifactKey: Guid(0e09d2d522cae4496a0c700efebdf603) Importer(815301076,1909f56bfc062723c751e8b465ee728b)
Start importing Assets/Geopipe/Pack01/NYBlock01/Textures/West47thStreet.png using Guid(0e09d2d522cae4496a0c700efebdf603) Importer(815301076,1909f56bfc062723c751e8b465ee728b) [PhysX] Initialized MultithreadedTaskDispatcher with 16 workers.
[PhysX] Initialized MultithreadedTaskDispatcher with 16 workers.
 -> (artifact id: 'f58d72c334b1b1ef189dd6a4d32f53d5') in 0.007401 seconds
Number of updated asset objects reloaded before import = 0
Number of asset objects unloaded after import = 2
========================================================================
Received Import Request.
  Time since last request: 0.000031 seconds.
  path: Assets/Geopipe/Pack01/NYBlock01/Textures/tree_2.png
  artifactKey: Guid(c5c451ce8db12424b982934834f76e1f) Importer(815301076,1909f56bfc062723c751e8b465ee728b)
Start importing Assets/Geopipe/Pack01/NYBlock01/Textures/tree_2.png using Guid(c5c451ce8db12424b982934834f76e1f) Importer(815301076,1909f56bfc062723c751e8b465ee728b) [PhysX] Initialized MultithreadedTaskDispatcher with 16 workers.
[PhysX] Initialized MultithreadedTaskDispatcher with 16 workers.
 -> (artifact id: 'af0ce57134fe506e340022eafad16b31') in 0.011706 seconds
Number of updated asset objects reloaded before import = 0
Number of asset objects unloaded after import = 2
========================================================================
Received Import Request.
  Time since last request: 0.000022 seconds.
  path: Assets/Geopipe/Pack01/NYBlock01/Textures/tree_3.png
  artifactKey: Guid(308749c9be7c044f9aca8d9bb0cb077d) Importer(815301076,1909f56bfc062723c751e8b465ee728b)
Start importing Assets/Geopipe/Pack01/NYBlock01/Textures/tree_3.png using Guid(308749c9be7c044f9aca8d9bb0cb077d) Importer(815301076,1909f56bfc062723c751e8b465ee728b) [PhysX] Initialized MultithreadedTaskDispatcher with 16 workers.
[PhysX] Initialized MultithreadedTaskDispatcher with 16 workers.
 -> (artifact id: '9b847e4cde3b34dde4eb494e5c3e4748') in 0.011541 seconds
Number of updated asset objects reloaded before import = 0
Number of asset objects unloaded after import = 2
========================================================================
Received Import Request.
  Time since last request: 0.000021 seconds.
  path: Assets/Geopipe/Pack01/NYBlock01/Textures/windowedFacade_brick_2_diffuse_1024.png
  artifactKey: Guid(892beed249c0f423db5e37cff747dba2) Importer(815301076,1909f56bfc062723c751e8b465ee728b)
Start importing Assets/Geopipe/Pack01/NYBlock01/Textures/windowedFacade_brick_2_diffuse_1024.png using Guid(892beed249c0f423db5e37cff747dba2) Importer(815301076,1909f56bfc062723c751e8b465ee728b) [PhysX] Initialized MultithreadedTaskDispatcher with 16 workers.
[PhysX] Initialized MultithreadedTaskDispatcher with 16 workers.
 -> (artifact id: 'efde7bd65c9ec684cc810a141604be39') in 0.010205 seconds
Number of updated asset objects reloaded before import = 0
Number of asset objects unloaded after import = 2
========================================================================
Received Import Request.
  Time since last request: 0.000042 seconds.
  path: Assets/Geopipe/Pack01/NYBlock01/Textures/West51stStreet.png
  artifactKey: Guid(08c7daf44b4bb4ac88ffc6df7e7e4ac3) Importer(815301076,1909f56bfc062723c751e8b465ee728b)
Start importing Assets/Geopipe/Pack01/NYBlock01/Textures/West51stStreet.png using Guid(08c7daf44b4bb4ac88ffc6df7e7e4ac3) Importer(815301076,1909f56bfc062723c751e8b465ee728b) [PhysX] Initialized MultithreadedTaskDispatcher with 16 workers.
[PhysX] Initialized MultithreadedTaskDispatcher with 16 workers.
 -> (artifact id: '639de03c599a60bf6d20704dfa2fe01e') in 0.009333 seconds
Number of updated asset objects reloaded before import = 0
Number of asset objects unloaded after import = 2
========================================================================
Received Import Request.
  Time since last request: 0.000019 seconds.
  path: Assets/Geopipe/Pack01/NYBlock01/Textures/West52ndStreet.png
  artifactKey: Guid(08f4c084a2fed4754ae93aa1b7256507) Importer(815301076,1909f56bfc062723c751e8b465ee728b)
Start importing Assets/Geopipe/Pack01/NYBlock01/Textures/West52ndStreet.png using Guid(08f4c084a2fed4754ae93aa1b7256507) Importer(815301076,1909f56bfc062723c751e8b465ee728b) [PhysX] Initialized MultithreadedTaskDispatcher with 16 workers.
[PhysX] Initialized MultithreadedTaskDispatcher with 16 workers.
 -> (artifact id: 'bace1bf21d10a6956640d3e05c1be3df') in 0.007912 seconds
Number of updated asset objects reloaded before import = 0
Number of asset objects unloaded after import = 2
========================================================================
Received Import Request.
  Time since last request: 0.000024 seconds.
  path: Assets/Geopipe/Pack01/NYBlock01/Textures/West57thStreet.png
  artifactKey: Guid(fada59ab0955d4750ac7690ff6b699ed) Importer(815301076,1909f56bfc062723c751e8b465ee728b)
Start importing Assets/Geopipe/Pack01/NYBlock01/Textures/West57thStreet.png using Guid(fada59ab0955d4750ac7690ff6b699ed) Importer(815301076,1909f56bfc062723c751e8b465ee728b) [PhysX] Initialized MultithreadedTaskDispatcher with 16 workers.
[PhysX] Initialized MultithreadedTaskDispatcher with 16 workers.
 -> (artifact id: '5b0ab7fdd9e84422c7f0bbdc1c2e43ad') in 0.006328 seconds
Number of updated asset objects reloaded before import = 0
Number of asset objects unloaded after import = 2
========================================================================
Received Import Request.
  Time since last request: 0.000019 seconds.
  path: Assets/Geopipe/Pack01/NYBlock01/Textures/tree_4.png
  artifactKey: Guid(463ac1db941cb4cf683ef962ea149aaf) Importer(815301076,1909f56bfc062723c751e8b465ee728b)
Start importing Assets/Geopipe/Pack01/NYBlock01/Textures/tree_4.png using Guid(463ac1db941cb4cf683ef962ea149aaf) Importer(815301076,1909f56bfc062723c751e8b465ee728b) [PhysX] Initialized MultithreadedTaskDispatcher with 16 workers.
[PhysX] Initialized MultithreadedTaskDispatcher with 16 workers.
 -> (artifact id: 'c537e44e9b5135ad1757ddf5ca31e839') in 0.009838 seconds
Number of updated asset objects reloaded before import = 0
Number of asset objects unloaded after import = 2
========================================================================
Received Import Request.
  Time since last request: 0.000022 seconds.
  path: Assets/Geopipe/Pack01/NYBlock01/Textures/West45thStreet.png
  artifactKey: Guid(3904a90a133384e68a98da0293b43076) Importer(815301076,1909f56bfc062723c751e8b465ee728b)
Start importing Assets/Geopipe/Pack01/NYBlock01/Textures/West45thStreet.png using Guid(3904a90a133384e68a98da0293b43076) Importer(815301076,1909f56bfc062723c751e8b465ee728b) [PhysX] Initialized MultithreadedTaskDispatcher with 16 workers.
[PhysX] Initialized MultithreadedTaskDispatcher with 16 workers.
 -> (artifact id: 'd2c5a9a94f99177284a86edb3ab9c087') in 0.007135 seconds
Number of updated asset objects reloaded before import = 0
Number of asset objects unloaded after import = 2
========================================================================
Received Import Request.
  Time since last request: 0.000020 seconds.
  path: Assets/Geopipe/Pack01/NYBlock01/Textures/West43rdStreet.png
  artifactKey: Guid(4a91441f0b85d4b38b61666551148d6a) Importer(815301076,1909f56bfc062723c751e8b465ee728b)
Start importing Assets/Geopipe/Pack01/NYBlock01/Textures/West43rdStreet.png using Guid(4a91441f0b85d4b38b61666551148d6a) Importer(815301076,1909f56bfc062723c751e8b465ee728b) [PhysX] Initialized MultithreadedTaskDispatcher with 16 workers.
[PhysX] Initialized MultithreadedTaskDispatcher with 16 workers.
 -> (artifact id: 'ecba4deabfc10d615461ec2d85a835e2') in 0.010868 seconds
Number of updated asset objects reloaded before import = 0
Number of asset objects unloaded after import = 2
========================================================================
Received Import Request.
  Time since last request: 0.000017 seconds.
  path: Assets/Geopipe/Pack01/NYBlock01/Textures/West54thStreet.png
  artifactKey: Guid(40797c786ebf244dfab283ac6f166b95) Importer(815301076,1909f56bfc062723c751e8b465ee728b)
Start importing Assets/Geopipe/Pack01/NYBlock01/Textures/West54thStreet.png using Guid(40797c786ebf244dfab283ac6f166b95) Importer(815301076,1909f56bfc062723c751e8b465ee728b) [PhysX] Initialized MultithreadedTaskDispatcher with 16 workers.
[PhysX] Initialized MultithreadedTaskDispatcher with 16 workers.
 -> (artifact id: '7c89b9bde732476ed1eaf98f29c5d867') in 0.008720 seconds
Number of updated asset objects reloaded before import = 0
Number of asset objects unloaded after import = 2
========================================================================
Received Import Request.
  Time since last request: 0.000042 seconds.
  path: Assets/Geopipe/Pack01/NYBlock01/Textures/West50thStreet.png
  artifactKey: Guid(2483fb8ae38b9490fa92b0bea5275fa5) Importer(815301076,1909f56bfc062723c751e8b465ee728b)
Start importing Assets/Geopipe/Pack01/NYBlock01/Textures/West50thStreet.png using Guid(2483fb8ae38b9490fa92b0bea5275fa5) Importer(815301076,1909f56bfc062723c751e8b465ee728b) [PhysX] Initialized MultithreadedTaskDispatcher with 16 workers.
[PhysX] Initialized MultithreadedTaskDispatcher with 16 workers.
 -> (artifact id: '658ea52c3e568f92e1dbd27b2e7be4e3') in 0.006554 seconds
Number of updated asset objects reloaded before import = 0
Number of asset objects unloaded after import = 2
========================================================================
Received Import Request.
  Time since last request: 0.000016 seconds.
  path: Assets/Geopipe/Pack01/NYBlock01/Textures/terrain_16.png
  artifactKey: Guid(cf0cd25d3353041e89341c29e7268e6e) Importer(815301076,1909f56bfc062723c751e8b465ee728b)
Start importing Assets/Geopipe/Pack01/NYBlock01/Textures/terrain_16.png using Guid(cf0cd25d3353041e89341c29e7268e6e) Importer(815301076,1909f56bfc062723c751e8b465ee728b) [PhysX] Initialized MultithreadedTaskDispatcher with 16 workers.
[PhysX] Initialized MultithreadedTaskDispatcher with 16 workers.
 -> (artifact id: '1eabd35c70a8924ada26004449a7926b') in 0.014648 seconds
Number of updated asset objects reloaded before import = 0
Number of asset objects unloaded after import = 2
========================================================================
Received Import Request.
  Time since last request: 0.000028 seconds.
  path: Assets/Geopipe/Pack01/NYBlock01/Textures/windowedFacade_brick_2_normal_1024.png
  artifactKey: Guid(c15ac799c1e91433d92fc0f5352073ef) Importer(815301076,1909f56bfc062723c751e8b465ee728b)
Start importing Assets/Geopipe/Pack01/NYBlock01/Textures/windowedFacade_brick_2_normal_1024.png using Guid(c15ac799c1e91433d92fc0f5352073ef) Importer(815301076,1909f56bfc062723c751e8b465ee728b) [PhysX] Initialized MultithreadedTaskDispatcher with 16 workers.
[PhysX] Initialized MultithreadedTaskDispatcher with 16 workers.
 -> (artifact id: '8379583aa725b27207cf7c214036cd10') in 0.038543 seconds
Number of updated asset objects reloaded before import = 0
Number of asset objects unloaded after import = 2
========================================================================
Received Import Request.
  Time since last request: 0.000026 seconds.
  path: Assets/Geopipe/Pack01/NYBlock01/Textures/West48thStreet.png
  artifactKey: Guid(0aac1a688adca43e6981d93488f66863) Importer(815301076,1909f56bfc062723c751e8b465ee728b)
Start importing Assets/Geopipe/Pack01/NYBlock01/Textures/West48thStreet.png using Guid(0aac1a688adca43e6981d93488f66863) Importer(815301076,1909f56bfc062723c751e8b465ee728b) [PhysX] Initialized MultithreadedTaskDispatcher with 16 workers.
[PhysX] Initialized MultithreadedTaskDispatcher with 16 workers.
 -> (artifact id: '20d80a0bdd1586f6350732287cf14f27') in 0.007749 seconds
Number of updated asset objects reloaded before import = 0
Number of asset objects unloaded after import = 2
========================================================================
Received Import Request.
  Time since last request: 0.000021 seconds.
  path: Assets/Geopipe/Pack01/NYBlock01/Textures/windowedFacade_brick_1_diffuse_1024.png
  artifactKey: Guid(613328dd7a8664ac0b41f5eeca9d6eed) Importer(815301076,1909f56bfc062723c751e8b465ee728b)
Start importing Assets/Geopipe/Pack01/NYBlock01/Textures/windowedFacade_brick_1_diffuse_1024.png using Guid(613328dd7a8664ac0b41f5eeca9d6eed) Importer(815301076,1909f56bfc062723c751e8b465ee728b) [PhysX] Initialized MultithreadedTaskDispatcher with 16 workers.
[PhysX] Initialized MultithreadedTaskDispatcher with 16 workers.
 -> (artifact id: 'fa8cdb67383e905493e8506e39e99c3b') in 0.009950 seconds
Number of updated asset objects reloaded before import = 0
Number of asset objects unloaded after import = 2
========================================================================
Received Import Request.
  Time since last request: 0.280151 seconds.
  path: Assets/Geopipe/Pack01/NYBlock01/Textures/windowedFacade_brick_2_specularGlossiness_1024.png
  artifactKey: Guid(60a8386794975468f9b27ecbd234f483) Importer(815301076,1909f56bfc062723c751e8b465ee728b)
Start importing Assets/Geopipe/Pack01/NYBlock01/Textures/windowedFacade_brick_2_specularGlossiness_1024.png using Guid(60a8386794975468f9b27ecbd234f483) Importer(815301076,1909f56bfc062723c751e8b465ee728b) [PhysX] Initialized MultithreadedTaskDispatcher with 16 workers.
[PhysX] Initialized MultithreadedTaskDispatcher with 16 workers.
 -> (artifact id: '338e7d4cd5f4317e1cfe61de4a56381f') in 0.009076 seconds
Number of updated asset objects reloaded before import = 0
Number of asset objects unloaded after import = 2
========================================================================
Received Import Request.
  Time since last request: 0.000032 seconds.
  path: Assets/Geopipe/Pack01/NYBlock01/Textures/windowedFacade_brick_4_normal_1024.png
  artifactKey: Guid(a1fe4a1ec06f8426e94a176e37aea5b2) Importer(815301076,1909f56bfc062723c751e8b465ee728b)
Start importing Assets/Geopipe/Pack01/NYBlock01/Textures/windowedFacade_brick_4_normal_1024.png using Guid(a1fe4a1ec06f8426e94a176e37aea5b2) Importer(815301076,1909f56bfc062723c751e8b465ee728b) [PhysX] Initialized MultithreadedTaskDispatcher with 16 workers.
[PhysX] Initialized MultithreadedTaskDispatcher with 16 workers.
 -> (artifact id: 'a3fa011eebbe1629400388f815138e9b') in 0.012343 seconds
Number of updated asset objects reloaded before import = 0
Number of asset objects unloaded after import = 2
========================================================================
Received Import Request.
  Time since last request: 0.000027 seconds.
  path: Assets/Geopipe/Pack01/NYBlock01/Textures/windowedFacade_concrete_1_specularGlossiness_1024.png
  artifactKey: Guid(ebfd453d677b44b59a15452cdb2e854a) Importer(815301076,1909f56bfc062723c751e8b465ee728b)
Start importing Assets/Geopipe/Pack01/NYBlock01/Textures/windowedFacade_concrete_1_specularGlossiness_1024.png using Guid(ebfd453d677b44b59a15452cdb2e854a) Importer(815301076,1909f56bfc062723c751e8b465ee728b) [PhysX] Initialized MultithreadedTaskDispatcher with 16 workers.
[PhysX] Initialized MultithreadedTaskDispatcher with 16 workers.
 -> (artifact id: '9c395a2d60beac5778e6f04a5b2f57e7') in 0.011640 seconds
Number of updated asset objects reloaded before import = 0
Number of asset objects unloaded after import = 2
========================================================================
Received Import Request.
  Time since last request: 0.000027 seconds.
  path: Assets/Geopipe/Pack01/NYBlock01/Textures/windowedFacade_brick_5_specularGlossiness_1024.png
  artifactKey: Guid(f57b101f6b7454a16acb65644291706e) Importer(815301076,1909f56bfc062723c751e8b465ee728b)
Start importing Assets/Geopipe/Pack01/NYBlock01/Textures/windowedFacade_brick_5_specularGlossiness_1024.png using Guid(f57b101f6b7454a16acb65644291706e) Importer(815301076,1909f56bfc062723c751e8b465ee728b) [PhysX] Initialized MultithreadedTaskDispatcher with 16 workers.
[PhysX] Initialized MultithreadedTaskDispatcher with 16 workers.
 -> (artifact id: '90d2a108a191e2fe9bacb65e5af6775b') in 0.011223 seconds
Number of updated asset objects reloaded before import = 0
Number of asset objects unloaded after import = 2
========================================================================
Received Import Request.
  Time since last request: 0.000027 seconds.
  path: Assets/Geopipe/Pack01/NYBlock01/Textures/windowedFacade_brick_3_normal_1024.png
  artifactKey: Guid(841df0c99b6674041a5db5d556335d1d) Importer(815301076,1909f56bfc062723c751e8b465ee728b)
Start importing Assets/Geopipe/Pack01/NYBlock01/Textures/windowedFacade_brick_3_normal_1024.png using Guid(841df0c99b6674041a5db5d556335d1d) Importer(815301076,1909f56bfc062723c751e8b465ee728b) [PhysX] Initialized MultithreadedTaskDispatcher with 16 workers.
[PhysX] Initialized MultithreadedTaskDispatcher with 16 workers.
 -> (artifact id: 'aa4723a822bad23297e3a7a981404168') in 0.010291 seconds
Number of updated asset objects reloaded before import = 0
Number of asset objects unloaded after import = 2
========================================================================
Received Import Request.
  Time since last request: 0.000030 seconds.
  path: Assets/Geopipe/Pack01/NYBlock01/Textures/windowedFacade_glass_2_normal_1024.png
  artifactKey: Guid(c5a58f118db3b4cc9b2977faf0702048) Importer(815301076,1909f56bfc062723c751e8b465ee728b)
Start importing Assets/Geopipe/Pack01/NYBlock01/Textures/windowedFacade_glass_2_normal_1024.png using Guid(c5a58f118db3b4cc9b2977faf0702048) Importer(815301076,1909f56bfc062723c751e8b465ee728b) [PhysX] Initialized MultithreadedTaskDispatcher with 16 workers.
[PhysX] Initialized MultithreadedTaskDispatcher with 16 workers.
 -> (artifact id: '8735cf30065f7c60be1d50bed29dbf90') in 0.011087 seconds
Number of updated asset objects reloaded before import = 0
Number of asset objects unloaded after import = 2
========================================================================
Received Import Request.
  Time since last request: 0.000057 seconds.
  path: Assets/Geopipe/Pack01/NYBlock01/Textures/windowedFacade_concrete_1_diffuse_1024.png
  artifactKey: Guid(f2465b15837194d1cb013ad74c4b4caf) Importer(815301076,1909f56bfc062723c751e8b465ee728b)
Start importing Assets/Geopipe/Pack01/NYBlock01/Textures/windowedFacade_concrete_1_diffuse_1024.png using Guid(f2465b15837194d1cb013ad74c4b4caf) Importer(815301076,1909f56bfc062723c751e8b465ee728b) [PhysX] Initialized MultithreadedTaskDispatcher with 16 workers.
[PhysX] Initialized MultithreadedTaskDispatcher with 16 workers.
 -> (artifact id: '6a99d125cc1d4d7d54a103dcfcd8d7ff') in 0.011533 seconds
Number of updated asset objects reloaded before import = 0
Number of asset objects unloaded after import = 2
========================================================================
Received Import Request.
  Time since last request: 0.000035 seconds.
  path: Assets/Geopipe/Pack01/NYBlock01/Textures/windowedFacade_glass_2_diffuse_1024.png
  artifactKey: Guid(baa6001bef29b419a9c37e3392e5d537) Importer(815301076,1909f56bfc062723c751e8b465ee728b)
Start importing Assets/Geopipe/Pack01/NYBlock01/Textures/windowedFacade_glass_2_diffuse_1024.png using Guid(baa6001bef29b419a9c37e3392e5d537) Importer(815301076,1909f56bfc062723c751e8b465ee728b) [PhysX] Initialized MultithreadedTaskDispatcher with 16 workers.
[PhysX] Initialized MultithreadedTaskDispatcher with 16 workers.
 -> (artifact id: 'b9193f55461b1f611f96c70bb36e2a78') in 0.009854 seconds
Number of updated asset objects reloaded before import = 0
Number of asset objects unloaded after import = 2
========================================================================
Received Import Request.
  Time since last request: 0.000040 seconds.
  path: Assets/Geopipe/Pack01/NYBlock01/Textures/windowedFacade_glass_2_specularGlossiness_1024.png
  artifactKey: Guid(6ff36271f513a4f159761f76d1fd75f8) Importer(815301076,1909f56bfc062723c751e8b465ee728b)
Start importing Assets/Geopipe/Pack01/NYBlock01/Textures/windowedFacade_glass_2_specularGlossiness_1024.png using Guid(6ff36271f513a4f159761f76d1fd75f8) Importer(815301076,1909f56bfc062723c751e8b465ee728b) [PhysX] Initialized MultithreadedTaskDispatcher with 16 workers.
[PhysX] Initialized MultithreadedTaskDispatcher with 16 workers.
 -> (artifact id: '7bf26ad3fcbce73fea866c21cd273434') in 0.008990 seconds
Number of updated asset objects reloaded before import = 0
Number of asset objects unloaded after import = 2
========================================================================
Received Import Request.
  Time since last request: 0.000027 seconds.
  path: Assets/Geopipe/Pack01/NYBlock01/Textures/windowedFacade_metal_1_normal_1024.png
  artifactKey: Guid(5e69a2ec2a3994dc3960153fe5a01f36) Importer(815301076,1909f56bfc062723c751e8b465ee728b)
Start importing Assets/Geopipe/Pack01/NYBlock01/Textures/windowedFacade_metal_1_normal_1024.png using Guid(5e69a2ec2a3994dc3960153fe5a01f36) Importer(815301076,1909f56bfc062723c751e8b465ee728b) [PhysX] Initialized MultithreadedTaskDispatcher with 16 workers.
[PhysX] Initialized MultithreadedTaskDispatcher with 16 workers.
 -> (artifact id: 'ff0aceedad9576d44dd120bce16d0a09') in 0.016154 seconds
Number of updated asset objects reloaded before import = 0
Number of asset objects unloaded after import = 2
========================================================================
Received Import Request.
  Time since last request: 0.000039 seconds.
  path: Assets/Geopipe/Pack01/NYBlock01/Textures/windowedFacade_brick_4_diffuse_1024.png
  artifactKey: Guid(e89984dddf05248ddb26ea34e3a2df30) Importer(815301076,1909f56bfc062723c751e8b465ee728b)
Start importing Assets/Geopipe/Pack01/NYBlock01/Textures/windowedFacade_brick_4_diffuse_1024.png using Guid(e89984dddf05248ddb26ea34e3a2df30) Importer(815301076,1909f56bfc062723c751e8b465ee728b) [PhysX] Initialized MultithreadedTaskDispatcher with 16 workers.
[PhysX] Initialized MultithreadedTaskDispatcher with 16 workers.
 -> (artifact id: '3c07cc2559ea4fa701310a168461f8df') in 0.010451 seconds
Number of updated asset objects reloaded before import = 0
Number of asset objects unloaded after import = 2
========================================================================
Received Import Request.
  Time since last request: 0.000034 seconds.
  path: Assets/Geopipe/Pack01/NYBlock01/Textures/windowedFacade_brick_5_normal_1024.png
  artifactKey: Guid(ec5a54f4c42504c2ab72d6dededfe4a1) Importer(815301076,1909f56bfc062723c751e8b465ee728b)
Start importing Assets/Geopipe/Pack01/NYBlock01/Textures/windowedFacade_brick_5_normal_1024.png using Guid(ec5a54f4c42504c2ab72d6dededfe4a1) Importer(815301076,1909f56bfc062723c751e8b465ee728b) [PhysX] Initialized MultithreadedTaskDispatcher with 16 workers.
[PhysX] Initialized MultithreadedTaskDispatcher with 16 workers.
 -> (artifact id: 'acc51337b8734f94b904fcff9c827ff7') in 0.011612 seconds
Number of updated asset objects reloaded before import = 0
Number of asset objects unloaded after import = 2
========================================================================
Received Import Request.
  Time since last request: 0.000045 seconds.
  path: Assets/Geopipe/Pack01/NYBlock01/Textures/windowedFacade_brick_5_diffuse_1024.png
  artifactKey: Guid(17963fba92f314a1da6684352d3031a2) Importer(815301076,1909f56bfc062723c751e8b465ee728b)
Start importing Assets/Geopipe/Pack01/NYBlock01/Textures/windowedFacade_brick_5_diffuse_1024.png using Guid(17963fba92f314a1da6684352d3031a2) Importer(815301076,1909f56bfc062723c751e8b465ee728b) [PhysX] Initialized MultithreadedTaskDispatcher with 16 workers.
[PhysX] Initialized MultithreadedTaskDispatcher with 16 workers.
 -> (artifact id: '6b80da0caebd5fb029248052769c9115') in 0.009795 seconds
Number of updated asset objects reloaded before import = 0
Number of asset objects unloaded after import = 2
========================================================================
Received Import Request.
  Time since last request: 0.000047 seconds.
  path: Assets/Geopipe/Pack01/NYBlock01/Textures/windowedFacade_glass_1_diffuse_1024.png
  artifactKey: Guid(ee975283e1ebe49c38cba034bd95d952) Importer(815301076,1909f56bfc062723c751e8b465ee728b)
Start importing Assets/Geopipe/Pack01/NYBlock01/Textures/windowedFacade_glass_1_diffuse_1024.png using Guid(ee975283e1ebe49c38cba034bd95d952) Importer(815301076,1909f56bfc062723c751e8b465ee728b) [PhysX] Initialized MultithreadedTaskDispatcher with 16 workers.
[PhysX] Initialized MultithreadedTaskDispatcher with 16 workers.
 -> (artifact id: '71f34bd98087f88884b38990dae4b063') in 0.011097 seconds
Number of updated asset objects reloaded before import = 0
Number of asset objects unloaded after import = 2
========================================================================
Received Import Request.
  Time since last request: 0.000026 seconds.
  path: Assets/Geopipe/Pack01/NYBlock01/Textures/windowedFacade_glass_1_normal_1024.png
  artifactKey: Guid(4fcca31fc420642f28daa22e0a24ec76) Importer(815301076,1909f56bfc062723c751e8b465ee728b)
Start importing Assets/Geopipe/Pack01/NYBlock01/Textures/windowedFacade_glass_1_normal_1024.png using Guid(4fcca31fc420642f28daa22e0a24ec76) Importer(815301076,1909f56bfc062723c751e8b465ee728b) [PhysX] Initialized MultithreadedTaskDispatcher with 16 workers.
[PhysX] Initialized MultithreadedTaskDispatcher with 16 workers.
 -> (artifact id: '774275bd58b0756b1678c65bd2daa750') in 0.010535 seconds
Number of updated asset objects reloaded before import = 0
Number of asset objects unloaded after import = 2
========================================================================
Received Import Request.
  Time since last request: 3.510979 seconds.
  path: Assets/Geopipe/Pack01/NYBlock01/Textures/windowedFacade_plaster_1_diffuse_1024.png
  artifactKey: Guid(683cd9400ad5a402f9242343aaec8cfd) Importer(815301076,1909f56bfc062723c751e8b465ee728b)
Start importing Assets/Geopipe/Pack01/NYBlock01/Textures/windowedFacade_plaster_1_diffuse_1024.png using Guid(683cd9400ad5a402f9242343aaec8cfd) Importer(815301076,1909f56bfc062723c751e8b465ee728b) [PhysX] Initialized MultithreadedTaskDispatcher with 16 workers.
[PhysX] Initialized MultithreadedTaskDispatcher with 16 workers.
 -> (artifact id: '5b2bb5ca09342bfc7220561c8a927847') in 0.019026 seconds
Number of updated asset objects reloaded before import = 0
Number of asset objects unloaded after import = 2
========================================================================
Received Import Request.
  Time since last request: 0.000025 seconds.
  path: Assets/Geopipe/Pack01/NYBlock01/Textures/windowedFacade_plaster_2_specularGlossiness_1024.png
  artifactKey: Guid(b238757ea6ee542e5b5837c35a8af090) Importer(815301076,1909f56bfc062723c751e8b465ee728b)
Start importing Assets/Geopipe/Pack01/NYBlock01/Textures/windowedFacade_plaster_2_specularGlossiness_1024.png using Guid(b238757ea6ee542e5b5837c35a8af090) Importer(815301076,1909f56bfc062723c751e8b465ee728b) [PhysX] Initialized MultithreadedTaskDispatcher with 16 workers.
[PhysX] Initialized MultithreadedTaskDispatcher with 16 workers.
 -> (artifact id: '6de4218689a805d68cef5a523be27406') in 0.009793 seconds
Number of updated asset objects reloaded before import = 0
Number of asset objects unloaded after import = 2
========================================================================
Received Import Request.
  Time since last request: 0.000018 seconds.
  path: Assets/Geopipe/Pack01/NYBlock01/Textures/windowedFacade_plaster_3_specularGlossiness_1024.png
  artifactKey: Guid(ebfa19504fd3d4c9ea88936b5ed179f2) Importer(815301076,1909f56bfc062723c751e8b465ee728b)
Start importing Assets/Geopipe/Pack01/NYBlock01/Textures/windowedFacade_plaster_3_specularGlossiness_1024.png using Guid(ebfa19504fd3d4c9ea88936b5ed179f2) Importer(815301076,1909f56bfc062723c751e8b465ee728b) [PhysX] Initialized MultithreadedTaskDispatcher with 16 workers.
[PhysX] Initialized MultithreadedTaskDispatcher with 16 workers.
 -> (artifact id: '6f1f2f1b4a27df9fede84e9fc14d5c03') in 0.011329 seconds
Number of updated asset objects reloaded before import = 0
Number of asset objects unloaded after import = 2
========================================================================
Received Import Request.
  Time since last request: 0.000022 seconds.
  path: Assets/Geopipe/Pack01/NYBlock01/Textures/windowedFacade_plaster_2_normal_1024.png
  artifactKey: Guid(ba3c027be3fdb4d31b1dd427a61b1226) Importer(815301076,1909f56bfc062723c751e8b465ee728b)
Start importing Assets/Geopipe/Pack01/NYBlock01/Textures/windowedFacade_plaster_2_normal_1024.png using Guid(ba3c027be3fdb4d31b1dd427a61b1226) Importer(815301076,1909f56bfc062723c751e8b465ee728b) [PhysX] Initialized MultithreadedTaskDispatcher with 16 workers.
[PhysX] Initialized MultithreadedTaskDispatcher with 16 workers.
 -> (artifact id: 'dd30a507f114a66ff9b728471ac202ca') in 0.010949 seconds
Number of updated asset objects reloaded before import = 0
Number of asset objects unloaded after import = 2
========================================================================
Received Import Request.
  Time since last request: 0.000031 seconds.
  path: Assets/Geopipe/Pack01/NYBlock01/Textures/windowedFacade_plaster_2_diffuse_1024.png
  artifactKey: Guid(fe95945ad588346d2a1ee64e2f22462a) Importer(815301076,1909f56bfc062723c751e8b465ee728b)
Start importing Assets/Geopipe/Pack01/NYBlock01/Textures/windowedFacade_plaster_2_diffuse_1024.png using Guid(fe95945ad588346d2a1ee64e2f22462a) Importer(815301076,1909f56bfc062723c751e8b465ee728b) [PhysX] Initialized MultithreadedTaskDispatcher with 16 workers.
[PhysX] Initialized MultithreadedTaskDispatcher with 16 workers.
 -> (artifact id: '6300b5692b489dad87a203919b408e25') in 0.007682 seconds
Number of updated asset objects reloaded before import = 0
Number of asset objects unloaded after import = 2
========================================================================
Received Import Request.
  Time since last request: 0.000030 seconds.
  path: Assets/Geopipe/Pack01/NYBlock01/Textures/windowedFacade_plaster_3_normal_1024.png
  artifactKey: Guid(34a14c37f950841dbb0ff79bb6d10020) Importer(815301076,1909f56bfc062723c751e8b465ee728b)
Start importing Assets/Geopipe/Pack01/NYBlock01/Textures/windowedFacade_plaster_3_normal_1024.png using Guid(34a14c37f950841dbb0ff79bb6d10020) Importer(815301076,1909f56bfc062723c751e8b465ee728b) [PhysX] Initialized MultithreadedTaskDispatcher with 16 workers.
[PhysX] Initialized MultithreadedTaskDispatcher with 16 workers.
 -> (artifact id: '1871942294aacac067cacb8bf9ff5fba') in 0.010046 seconds
Number of updated asset objects reloaded before import = 0
Number of asset objects unloaded after import = 2
========================================================================
Received Import Request.
  Time since last request: 299.622120 seconds.
  path: Assets/Geopipe/Pack01/NYBlock01/Materials/ortho10gpc63846.mat
  artifactKey: Guid(2c9a0a4e2d2194c91ac11ae28c3c54e9) Importer(815301076,1909f56bfc062723c751e8b465ee728b)
Start importing Assets/Geopipe/Pack01/NYBlock01/Materials/ortho10gpc63846.mat using Guid(2c9a0a4e2d2194c91ac11ae28c3c54e9) Importer(815301076,1909f56bfc062723c751e8b465ee728b) [PhysX] Initialized MultithreadedTaskDispatcher with 16 workers.
[PhysX] Initialized MultithreadedTaskDispatcher with 16 workers.
 -> (artifact id: 'ac3aa31310b9b3cabb827204059f86da') in 0.071153 seconds
Number of updated asset objects reloaded before import = 0
Number of asset objects unloaded after import = 2
========================================================================
Received Import Request.
  Time since last request: 0.000031 seconds.
  path: Assets/Geopipe/Pack01/NYBlock01/Materials/ortho10gpc63900.mat
  artifactKey: Guid(85bd9031419fe454e855bd60f28ca187) Importer(815301076,1909f56bfc062723c751e8b465ee728b)
Start importing Assets/Geopipe/Pack01/NYBlock01/Materials/ortho10gpc63900.mat using Guid(85bd9031419fe454e855bd60f28ca187) Importer(815301076,1909f56bfc062723c751e8b465ee728b) [PhysX] Initialized MultithreadedTaskDispatcher with 16 workers.
[PhysX] Initialized MultithreadedTaskDispatcher with 16 workers.
 -> (artifact id: '1d005d65c52df531320cfae444599f0e') in 0.012280 seconds
Number of updated asset objects reloaded before import = 0
Number of asset objects unloaded after import = 2
========================================================================
Received Import Request.
  Time since last request: 0.000032 seconds.
  path: Assets/Geopipe/Pack01/NYBlock01/Materials/ParkAvenue.mat
  artifactKey: Guid(701a4e36161de425eb1cdf8bb4c8d4e0) Importer(815301076,1909f56bfc062723c751e8b465ee728b)
Start importing Assets/Geopipe/Pack01/NYBlock01/Materials/ParkAvenue.mat using Guid(701a4e36161de425eb1cdf8bb4c8d4e0) Importer(815301076,1909f56bfc062723c751e8b465ee728b) [PhysX] Initialized MultithreadedTaskDispatcher with 16 workers.
[PhysX] Initialized MultithreadedTaskDispatcher with 16 workers.
 -> (artifact id: '98bc3f6101c30950fcc450a3ff420c6b') in 0.009619 seconds
Number of updated asset objects reloaded before import = 0
Number of asset objects unloaded after import = 2
========================================================================
Received Import Request.
  Time since last request: 0.000027 seconds.
  path: Assets/Geopipe/Pack01/NYBlock01/Materials/street_light2.mat
  artifactKey: Guid(aaca55123a8614769b59b6b60c564e24) Importer(815301076,1909f56bfc062723c751e8b465ee728b)
Start importing Assets/Geopipe/Pack01/NYBlock01/Materials/street_light2.mat using Guid(aaca55123a8614769b59b6b60c564e24) Importer(815301076,1909f56bfc062723c751e8b465ee728b) [PhysX] Initialized MultithreadedTaskDispatcher with 16 workers.
[PhysX] Initialized MultithreadedTaskDispatcher with 16 workers.
 -> (artifact id: '673c4535080d45dbb4b0287bc83eaa43') in 0.010519 seconds
Number of updated asset objects reloaded before import = 0
Number of asset objects unloaded after import = 2
========================================================================
Received Import Request.
  Time since last request: 0.000027 seconds.
  path: Assets/Geopipe/Pack01/NYBlock01/Materials/road_asphalt.mat
  artifactKey: Guid(a1454a0b0c47041bda06d807139b979f) Importer(815301076,1909f56bfc062723c751e8b465ee728b)
Start importing Assets/Geopipe/Pack01/NYBlock01/Materials/road_asphalt.mat using Guid(a1454a0b0c47041bda06d807139b979f) Importer(815301076,1909f56bfc062723c751e8b465ee728b) [PhysX] Initialized MultithreadedTaskDispatcher with 16 workers.
[PhysX] Initialized MultithreadedTaskDispatcher with 16 workers.
 -> (artifact id: 'c7e86f0d9304a4fc18742f77b41fc13a') in 0.010159 seconds
Number of updated asset objects reloaded before import = 0
Number of asset objects unloaded after import = 2
========================================================================
Received Import Request.
  Time since last request: 0.000018 seconds.
  path: Assets/Geopipe/Pack01/NYBlock01/Materials/street_sign0.mat
  artifactKey: Guid(1148a1dc177e84303a7a725951ed161b) Importer(815301076,1909f56bfc062723c751e8b465ee728b)
Start importing Assets/Geopipe/Pack01/NYBlock01/Materials/street_sign0.mat using Guid(1148a1dc177e84303a7a725951ed161b) Importer(815301076,1909f56bfc062723c751e8b465ee728b) [PhysX] Initialized MultithreadedTaskDispatcher with 16 workers.
[PhysX] Initialized MultithreadedTaskDispatcher with 16 workers.
 -> (artifact id: '4c3a50207b11040344273765316ac330') in 0.012214 seconds
Number of updated asset objects reloaded before import = 0
Number of asset objects unloaded after import = 2
========================================================================
Received Import Request.
  Time since last request: 0.000021 seconds.
  path: Assets/Geopipe/Pack01/NYBlock01/Materials/sidewalk_concrete_slab.mat
  artifactKey: Guid(3a6163b94c8a544b1ae43e55dbdc05bb) Importer(815301076,1909f56bfc062723c751e8b465ee728b)
Start importing Assets/Geopipe/Pack01/NYBlock01/Materials/sidewalk_concrete_slab.mat using Guid(3a6163b94c8a544b1ae43e55dbdc05bb) Importer(815301076,1909f56bfc062723c751e8b465ee728b) [PhysX] Initialized MultithreadedTaskDispatcher with 16 workers.
[PhysX] Initialized MultithreadedTaskDispatcher with 16 workers.
 -> (artifact id: '2426f4beee306ea6b4c9dcae556d6204') in 0.007764 seconds
Number of updated asset objects reloaded before import = 0
Number of asset objects unloaded after import = 2
========================================================================
Received Import Request.
  Time since last request: 0.000025 seconds.
  path: Assets/Geopipe/Pack01/NYBlock01/Materials/subway_map_05.mat
  artifactKey: Guid(6e4e8ed91513b4b758a1370bdc64b431) Importer(815301076,1909f56bfc062723c751e8b465ee728b)
Start importing Assets/Geopipe/Pack01/NYBlock01/Materials/subway_map_05.mat using Guid(6e4e8ed91513b4b758a1370bdc64b431) Importer(815301076,1909f56bfc062723c751e8b465ee728b) [PhysX] Initialized MultithreadedTaskDispatcher with 16 workers.
[PhysX] Initialized MultithreadedTaskDispatcher with 16 workers.
 -> (artifact id: '347f205c4a451fba9d7ab3aee180e5b2') in 0.007962 seconds
Number of updated asset objects reloaded before import = 0
Number of asset objects unloaded after import = 2
========================================================================
Received Import Request.
  Time since last request: 0.000025 seconds.
  path: Assets/Geopipe/Pack01/NYBlock01/Materials/subway_map_04.mat
  artifactKey: Guid(decb47c1fefde44e1b8f713b96507ad4) Importer(815301076,1909f56bfc062723c751e8b465ee728b)
Start importing Assets/Geopipe/Pack01/NYBlock01/Materials/subway_map_04.mat using Guid(decb47c1fefde44e1b8f713b96507ad4) Importer(815301076,1909f56bfc062723c751e8b465ee728b) [PhysX] Initialized MultithreadedTaskDispatcher with 16 workers.
[PhysX] Initialized MultithreadedTaskDispatcher with 16 workers.
 -> (artifact id: '281feefee22e821af722512799dd6699') in 0.011498 seconds
Number of updated asset objects reloaded before import = 0
Number of asset objects unloaded after import = 2
========================================================================
Received Import Request.
  Time since last request: 0.000019 seconds.
  path: Assets/Geopipe/Pack01/NYBlock01/Materials/RockefellerPlaza.mat
  artifactKey: Guid(5baca44c253544a79997ee1d7a8f443b) Importer(815301076,1909f56bfc062723c751e8b465ee728b)
Start importing Assets/Geopipe/Pack01/NYBlock01/Materials/RockefellerPlaza.mat using Guid(5baca44c253544a79997ee1d7a8f443b) Importer(815301076,1909f56bfc062723c751e8b465ee728b) [PhysX] Initialized MultithreadedTaskDispatcher with 16 workers.
[PhysX] Initialized MultithreadedTaskDispatcher with 16 workers.
 -> (artifact id: '4ef5d4093713bb26094503770f586bf5') in 0.007486 seconds
Number of updated asset objects reloaded before import = 0
Number of asset objects unloaded after import = 2
========================================================================
Received Import Request.
  Time since last request: 0.000019 seconds.
  path: Assets/Geopipe/Pack01/NYBlock01/Materials/ortho10gpc63920.mat
  artifactKey: Guid(8550346ce94664d528ecb5573084216d) Importer(815301076,1909f56bfc062723c751e8b465ee728b)
Start importing Assets/Geopipe/Pack01/NYBlock01/Materials/ortho10gpc63920.mat using Guid(8550346ce94664d528ecb5573084216d) Importer(815301076,1909f56bfc062723c751e8b465ee728b) [PhysX] Initialized MultithreadedTaskDispatcher with 16 workers.
[PhysX] Initialized MultithreadedTaskDispatcher with 16 workers.
 -> (artifact id: 'd1ce40e662dac9606d681add899afd49') in 0.011263 seconds
Number of updated asset objects reloaded before import = 0
Number of asset objects unloaded after import = 2
========================================================================
Received Import Request.
  Time since last request: 3.500887 seconds.
  path: Assets/Geopipe/Pack01/NYBlock01/Materials/subway_map_07.mat
  artifactKey: Guid(fe5ef725d129c43319a662e1c1f5b779) Importer(815301076,1909f56bfc062723c751e8b465ee728b)
Start importing Assets/Geopipe/Pack01/NYBlock01/Materials/subway_map_07.mat using Guid(fe5ef725d129c43319a662e1c1f5b779) Importer(815301076,1909f56bfc062723c751e8b465ee728b) [PhysX] Initialized MultithreadedTaskDispatcher with 16 workers.
[PhysX] Initialized MultithreadedTaskDispatcher with 16 workers.
 -> (artifact id: '47177a34a25c2b8c666f3a8623082424') in 0.016763 seconds
Number of updated asset objects reloaded before import = 0
Number of asset objects unloaded after import = 2
========================================================================
Received Import Request.
  Time since last request: 0.000018 seconds.
  path: Assets/Geopipe/Pack01/NYBlock01/Materials/terrain_9.mat
  artifactKey: Guid(2bc0c92b9244748e286a7d3b2aa9288b) Importer(815301076,1909f56bfc062723c751e8b465ee728b)
Start importing Assets/Geopipe/Pack01/NYBlock01/Materials/terrain_9.mat using Guid(2bc0c92b9244748e286a7d3b2aa9288b) Importer(815301076,1909f56bfc062723c751e8b465ee728b) [PhysX] Initialized MultithreadedTaskDispatcher with 16 workers.
[PhysX] Initialized MultithreadedTaskDispatcher with 16 workers.
 -> (artifact id: 'a3c3733409da75a14bba6f5e14ab8973') in 0.010644 seconds
Number of updated asset objects reloaded before import = 0
Number of asset objects unloaded after import = 2
========================================================================
Received Import Request.
  Time since last request: 0.000017 seconds.
  path: Assets/Geopipe/Pack01/NYBlock01/Materials/terrain_7.mat
  artifactKey: Guid(004b2056ac0f94e47bc32915ab0dee36) Importer(815301076,1909f56bfc062723c751e8b465ee728b)
Start importing Assets/Geopipe/Pack01/NYBlock01/Materials/terrain_7.mat using Guid(004b2056ac0f94e47bc32915ab0dee36) Importer(815301076,1909f56bfc062723c751e8b465ee728b) [PhysX] Initialized MultithreadedTaskDispatcher with 16 workers.
[PhysX] Initialized MultithreadedTaskDispatcher with 16 workers.
 -> (artifact id: '770c1a5b17874eebd363ed080ae18921') in 0.009435 seconds
Number of updated asset objects reloaded before import = 0
Number of asset objects unloaded after import = 2
========================================================================
Received Import Request.
  Time since last request: 0.000023 seconds.
  path: Assets/Geopipe/Pack01/NYBlock01/Materials/terrain_0.mat
  artifactKey: Guid(da8d45f64b57144c486a12764f49d73c) Importer(815301076,1909f56bfc062723c751e8b465ee728b)
Start importing Assets/Geopipe/Pack01/NYBlock01/Materials/terrain_0.mat using Guid(da8d45f64b57144c486a12764f49d73c) Importer(815301076,1909f56bfc062723c751e8b465ee728b) [PhysX] Initialized MultithreadedTaskDispatcher with 16 workers.
[PhysX] Initialized MultithreadedTaskDispatcher with 16 workers.
 -> (artifact id: 'ffae29fefea964188f80091fee047e64') in 0.008052 seconds
Number of updated asset objects reloaded before import = 0
Number of asset objects unloaded after import = 2
========================================================================
Received Import Request.
  Time since last request: 0.000015 seconds.
  path: Assets/Geopipe/Pack01/NYBlock01/Materials/subway_map_11.mat
  artifactKey: Guid(089d8cd90062e426c807956e27629641) Importer(815301076,1909f56bfc062723c751e8b465ee728b)
Start importing Assets/Geopipe/Pack01/NYBlock01/Materials/subway_map_11.mat using Guid(089d8cd90062e426c807956e27629641) Importer(815301076,1909f56bfc062723c751e8b465ee728b) [PhysX] Initialized MultithreadedTaskDispatcher with 16 workers.
[PhysX] Initialized MultithreadedTaskDispatcher with 16 workers.
 -> (artifact id: '01f89a8978e4c65488a754bd762025ae') in 0.010949 seconds
Number of updated asset objects reloaded before import = 0
Number of asset objects unloaded after import = 2
========================================================================
Received Import Request.
  Time since last request: 0.000022 seconds.
  path: Assets/Geopipe/Pack01/NYBlock01/Materials/subway_map_14.mat
  artifactKey: Guid(4251f735be8dc4f4e9e1126b16998ab0) Importer(815301076,1909f56bfc062723c751e8b465ee728b)
Start importing Assets/Geopipe/Pack01/NYBlock01/Materials/subway_map_14.mat using Guid(4251f735be8dc4f4e9e1126b16998ab0) Importer(815301076,1909f56bfc062723c751e8b465ee728b) [PhysX] Initialized MultithreadedTaskDispatcher with 16 workers.
[PhysX] Initialized MultithreadedTaskDispatcher with 16 workers.
 -> (artifact id: '00f2639a689e5ce0328a7026714d2128') in 0.013918 seconds
Number of updated asset objects reloaded before import = 0
Number of asset objects unloaded after import = 2
========================================================================
Received Import Request.
  Time since last request: 0.000027 seconds.
  path: Assets/Geopipe/Pack01/NYBlock01/Materials/terrain_8.mat
  artifactKey: Guid(7b62b9ca744084f8ba5e14fcb22f3686) Importer(815301076,1909f56bfc062723c751e8b465ee728b)
Start importing Assets/Geopipe/Pack01/NYBlock01/Materials/terrain_8.mat using Guid(7b62b9ca744084f8ba5e14fcb22f3686) Importer(815301076,1909f56bfc062723c751e8b465ee728b) [PhysX] Initialized MultithreadedTaskDispatcher with 16 workers.
[PhysX] Initialized MultithreadedTaskDispatcher with 16 workers.
 -> (artifact id: '5c92ef940ea65eaebdd7b9dbba81aaf1') in 0.009026 seconds
Number of updated asset objects reloaded before import = 0
Number of asset objects unloaded after import = 2
========================================================================
Received Import Request.
  Time since last request: 0.000019 seconds.
  path: Assets/Geopipe/Pack01/NYBlock01/Materials/terrain_1.mat
  artifactKey: Guid(0a5f972f07a5242b58cc2234f78a483b) Importer(815301076,1909f56bfc062723c751e8b465ee728b)
Start importing Assets/Geopipe/Pack01/NYBlock01/Materials/terrain_1.mat using Guid(0a5f972f07a5242b58cc2234f78a483b) Importer(815301076,1909f56bfc062723c751e8b465ee728b) [PhysX] Initialized MultithreadedTaskDispatcher with 16 workers.
[PhysX] Initialized MultithreadedTaskDispatcher with 16 workers.
 -> (artifact id: '0da086832a3bdf0dab12607e29761ef1') in 0.009173 seconds
Number of updated asset objects reloaded before import = 0
Number of asset objects unloaded after import = 2
========================================================================
Received Import Request.
  Time since last request: 1.669106 seconds.
  path: Assets/Geopipe/Pack01/NYBlock01/Materials/terrain_12.mat
  artifactKey: Guid(afa6c62ceb8104a92b7614769fcb7b2c) Importer(815301076,1909f56bfc062723c751e8b465ee728b)
Start importing Assets/Geopipe/Pack01/NYBlock01/Materials/terrain_12.mat using Guid(afa6c62ceb8104a92b7614769fcb7b2c) Importer(815301076,1909f56bfc062723c751e8b465ee728b) [PhysX] Initialized MultithreadedTaskDispatcher with 16 workers.
[PhysX] Initialized MultithreadedTaskDispatcher with 16 workers.
 -> (artifact id: 'a04d071fa09a90c2aa95f4e5aa6160c4') in 0.009348 seconds
Number of updated asset objects reloaded before import = 0
Number of asset objects unloaded after import = 2
========================================================================
Received Import Request.
  Time since last request: 0.000017 seconds.
  path: Assets/Geopipe/Pack01/NYBlock01/Materials/tree_4.mat
  artifactKey: Guid(801ffab98e6ff4012875041d8530cd74) Importer(815301076,1909f56bfc062723c751e8b465ee728b)
Start importing Assets/Geopipe/Pack01/NYBlock01/Materials/tree_4.mat using Guid(801ffab98e6ff4012875041d8530cd74) Importer(815301076,1909f56bfc062723c751e8b465ee728b) [PhysX] Initialized MultithreadedTaskDispatcher with 16 workers.
[PhysX] Initialized MultithreadedTaskDispatcher with 16 workers.
 -> (artifact id: '83bc17d534837e38c8874109130f4508') in 0.012619 seconds
Number of updated asset objects reloaded before import = 0
Number of asset objects unloaded after import = 2
========================================================================
Received Import Request.
  Time since last request: 0.000027 seconds.
  path: Assets/Geopipe/Pack01/NYBlock01/Materials/tree_0.mat
  artifactKey: Guid(c335cd3362e914d8b8186be8c9443de7) Importer(815301076,1909f56bfc062723c751e8b465ee728b)
Start importing Assets/Geopipe/Pack01/NYBlock01/Materials/tree_0.mat using Guid(c335cd3362e914d8b8186be8c9443de7) Importer(815301076,1909f56bfc062723c751e8b465ee728b) [PhysX] Initialized MultithreadedTaskDispatcher with 16 workers.
[PhysX] Initialized MultithreadedTaskDispatcher with 16 workers.
 -> (artifact id: '3e6c16d976e88905bc98825dc5b02fb0') in 0.010049 seconds
Number of updated asset objects reloaded before import = 0
Number of asset objects unloaded after import = 2
========================================================================
Received Import Request.
  Time since last request: 0.000019 seconds.
  path: Assets/Geopipe/Pack01/NYBlock01/Materials/tree_1.mat
  artifactKey: Guid(a41d23d03b59141d08e36d1ab1ad8424) Importer(815301076,1909f56bfc062723c751e8b465ee728b)
Start importing Assets/Geopipe/Pack01/NYBlock01/Materials/tree_1.mat using Guid(a41d23d03b59141d08e36d1ab1ad8424) Importer(815301076,1909f56bfc062723c751e8b465ee728b) [PhysX] Initialized MultithreadedTaskDispatcher with 16 workers.
[PhysX] Initialized MultithreadedTaskDispatcher with 16 workers.
 -> (artifact id: 'f424e7ec2f9564f87512eded5f9a33fd') in 0.008417 seconds
Number of updated asset objects reloaded before import = 0
Number of asset objects unloaded after import = 2
========================================================================
Received Import Request.
  Time since last request: 0.000051 seconds.
  path: Assets/Geopipe/Pack01/NYBlock01/Materials/terrain_14.mat
  artifactKey: Guid(a96279464862f455b85c94460ab59578) Importer(815301076,1909f56bfc062723c751e8b465ee728b)
Start importing Assets/Geopipe/Pack01/NYBlock01/Materials/terrain_14.mat using Guid(a96279464862f455b85c94460ab59578) Importer(815301076,1909f56bfc062723c751e8b465ee728b) [PhysX] Initialized MultithreadedTaskDispatcher with 16 workers.
[PhysX] Initialized MultithreadedTaskDispatcher with 16 workers.
 -> (artifact id: '243826139e4b02082625b20b1b691987') in 0.014777 seconds
Number of updated asset objects reloaded before import = 0
Number of asset objects unloaded after import = 2
========================================================================
Received Import Request.
  Time since last request: 0.000029 seconds.
  path: Assets/Geopipe/Pack01/NYBlock01/Materials/tree_2.mat
  artifactKey: Guid(c1c7b1348bb9f4981a94b61866062e8c) Importer(815301076,1909f56bfc062723c751e8b465ee728b)
Start importing Assets/Geopipe/Pack01/NYBlock01/Materials/tree_2.mat using Guid(c1c7b1348bb9f4981a94b61866062e8c) Importer(815301076,1909f56bfc062723c751e8b465ee728b) [PhysX] Initialized MultithreadedTaskDispatcher with 16 workers.
[PhysX] Initialized MultithreadedTaskDispatcher with 16 workers.
 -> (artifact id: 'e25a80d390fd0a3e5ef1cf0752dd7049') in 0.011936 seconds
Number of updated asset objects reloaded before import = 0
Number of asset objects unloaded after import = 2
========================================================================
Received Import Request.
  Time since last request: 0.000032 seconds.
  path: Assets/Geopipe/Pack01/NYBlock01/Materials/tree_5.mat
  artifactKey: Guid(28b4b3122ad2342578ca65426152427c) Importer(815301076,1909f56bfc062723c751e8b465ee728b)
Start importing Assets/Geopipe/Pack01/NYBlock01/Materials/tree_5.mat using Guid(28b4b3122ad2342578ca65426152427c) Importer(815301076,1909f56bfc062723c751e8b465ee728b) [PhysX] Initialized MultithreadedTaskDispatcher with 16 workers.
[PhysX] Initialized MultithreadedTaskDispatcher with 16 workers.
 -> (artifact id: 'bdf36b263f20136cdcab4033371e28c4') in 0.011013 seconds
Number of updated asset objects reloaded before import = 0
Number of asset objects unloaded after import = 2
========================================================================
Received Import Request.
  Time since last request: 0.527691 seconds.
  path: Assets/Geopipe/Pack01/NYBlock01/Materials/waste_receptacle0132 - Metal_04t10gpc62ci6en.mat
  artifactKey: Guid(0ad776fa65ee246229a87cc1222d749d) Importer(815301076,1909f56bfc062723c751e8b465ee728b)
Start importing Assets/Geopipe/Pack01/NYBlock01/Materials/waste_receptacle0132 - Metal_04t10gpc62ci6en.mat using Guid(0ad776fa65ee246229a87cc1222d749d) Importer(815301076,1909f56bfc062723c751e8b465ee728b) [PhysX] Initialized MultithreadedTaskDispatcher with 16 workers.
[PhysX] Initialized MultithreadedTaskDispatcher with 16 workers.
 -> (artifact id: 'ffda706f24a2cc01986958b864e8963d') in 0.005897 seconds
Number of updated asset objects reloaded before import = 0
Number of asset objects unloaded after import = 1
========================================================================
Received Import Request.
  Time since last request: 0.000019 seconds.
  path: Assets/Geopipe/Pack01/NYBlock01/Materials/West52ndStreet.mat
  artifactKey: Guid(81e20f556468e4aacb8fa4e5b0f77cfe) Importer(815301076,1909f56bfc062723c751e8b465ee728b)
Start importing Assets/Geopipe/Pack01/NYBlock01/Materials/West52ndStreet.mat using Guid(81e20f556468e4aacb8fa4e5b0f77cfe) Importer(815301076,1909f56bfc062723c751e8b465ee728b) [PhysX] Initialized MultithreadedTaskDispatcher with 16 workers.
[PhysX] Initialized MultithreadedTaskDispatcher with 16 workers.
 -> (artifact id: '7083c34e919314bcf2461a0a44702335') in 0.007492 seconds
Number of updated asset objects reloaded before import = 0
Number of asset objects unloaded after import = 2
========================================================================
Received Import Request.
  Time since last request: 0.000020 seconds.
  path: Assets/Geopipe/Pack01/NYBlock01/Materials/West54thStreet.mat
  artifactKey: Guid(88e4833a05e7b4e8ebb3d6d3d0aa7764) Importer(815301076,1909f56bfc062723c751e8b465ee728b)
Start importing Assets/Geopipe/Pack01/NYBlock01/Materials/West54thStreet.mat using Guid(88e4833a05e7b4e8ebb3d6d3d0aa7764) Importer(815301076,1909f56bfc062723c751e8b465ee728b) [PhysX] Initialized MultithreadedTaskDispatcher with 16 workers.
[PhysX] Initialized MultithreadedTaskDispatcher with 16 workers.
 -> (artifact id: '9ef13991198207325ec13e6957201795') in 0.013874 seconds
Number of updated asset objects reloaded before import = 0
Number of asset objects unloaded after import = 2
========================================================================
Received Import Request.
  Time since last request: 0.000024 seconds.
  path: Assets/Geopipe/Pack01/NYBlock01/Materials/West50thStreet.mat
  artifactKey: Guid(9164023243c8d4d068197fe822ab32cd) Importer(815301076,1909f56bfc062723c751e8b465ee728b)
Start importing Assets/Geopipe/Pack01/NYBlock01/Materials/West50thStreet.mat using Guid(9164023243c8d4d068197fe822ab32cd) Importer(815301076,1909f56bfc062723c751e8b465ee728b) [PhysX] Initialized MultithreadedTaskDispatcher with 16 workers.
[PhysX] Initialized MultithreadedTaskDispatcher with 16 workers.
 -> (artifact id: 'bf1b24752cd81262d98bf1572aa75923') in 0.008186 seconds
Number of updated asset objects reloaded before import = 0
Number of asset objects unloaded after import = 2
========================================================================
Received Import Request.
  Time since last request: 3.095951 seconds.
  path: Assets/Geopipe/Pack01/NYBlock01/Materials/West57thStreet.mat
  artifactKey: Guid(dc592ec7d34924e86b90a35378d62c78) Importer(815301076,1909f56bfc062723c751e8b465ee728b)
Start importing Assets/Geopipe/Pack01/NYBlock01/Materials/West57thStreet.mat using Guid(dc592ec7d34924e86b90a35378d62c78) Importer(815301076,1909f56bfc062723c751e8b465ee728b) [PhysX] Initialized MultithreadedTaskDispatcher with 16 workers.
[PhysX] Initialized MultithreadedTaskDispatcher with 16 workers.
 -> (artifact id: '162f92513d0c038cad7dcd16c45d83dc') in 0.007470 seconds
Number of updated asset objects reloaded before import = 0
Number of asset objects unloaded after import = 2
========================================================================
Received Import Request.
  Time since last request: 0.000017 seconds.
  path: Assets/Geopipe/Pack01/NYBlock01/Materials/windowedFacade_glass_3_diffuse_1024.mat
  artifactKey: Guid(bca721ee6b9de4ebda85154936e88d16) Importer(815301076,1909f56bfc062723c751e8b465ee728b)
Start importing Assets/Geopipe/Pack01/NYBlock01/Materials/windowedFacade_glass_3_diffuse_1024.mat using Guid(bca721ee6b9de4ebda85154936e88d16) Importer(815301076,1909f56bfc062723c751e8b465ee728b) [PhysX] Initialized MultithreadedTaskDispatcher with 16 workers.
[PhysX] Initialized MultithreadedTaskDispatcher with 16 workers.
 -> (artifact id: 'ef417b2d710f661e1fc1f45fbbdd976a') in 0.015239 seconds
Number of updated asset objects reloaded before import = 0
Number of asset objects unloaded after import = 4
========================================================================
Received Import Request.
  Time since last request: 0.000018 seconds.
  path: Assets/Geopipe/Pack01/NYBlock01/Materials/windowedFacade_concrete_2_diffuse_1024.mat
  artifactKey: Guid(e6b6c3330d21f4e9291212eca665093e) Importer(815301076,1909f56bfc062723c751e8b465ee728b)
Start importing Assets/Geopipe/Pack01/NYBlock01/Materials/windowedFacade_concrete_2_diffuse_1024.mat using Guid(e6b6c3330d21f4e9291212eca665093e) Importer(815301076,1909f56bfc062723c751e8b465ee728b) [PhysX] Initialized MultithreadedTaskDispatcher with 16 workers.
[PhysX] Initialized MultithreadedTaskDispatcher with 16 workers.
 -> (artifact id: 'ff28711aa56dd9bda49f7848a716090b') in 0.015279 seconds
Number of updated asset objects reloaded before import = 0
Number of asset objects unloaded after import = 4
========================================================================
Received Import Request.
  Time since last request: 0.000017 seconds.
  path: Assets/Geopipe/Pack01/NYBlock01/Materials/windowedFacade_glass_1_diffuse_1024.mat
  artifactKey: Guid(37b125ad989a74088a7e44ab3e21af01) Importer(815301076,1909f56bfc062723c751e8b465ee728b)
Start importing Assets/Geopipe/Pack01/NYBlock01/Materials/windowedFacade_glass_1_diffuse_1024.mat using Guid(37b125ad989a74088a7e44ab3e21af01) Importer(815301076,1909f56bfc062723c751e8b465ee728b) [PhysX] Initialized MultithreadedTaskDispatcher with 16 workers.
[PhysX] Initialized MultithreadedTaskDispatcher with 16 workers.
 -> (artifact id: '599f41790345fab46e0cd6b65bba0af0') in 0.014652 seconds
Number of updated asset objects reloaded before import = 0
Number of asset objects unloaded after import = 4
========================================================================
Received Import Request.
  Time since last request: 0.031484 seconds.
  path: Assets/Geopipe/Pack01/NYBlock01/Materials/windowedFacade_stone_2_diffuse_1024.mat
  artifactKey: Guid(34b6e58407c6c4347b82eb9170eea6fc) Importer(815301076,1909f56bfc062723c751e8b465ee728b)
Start importing Assets/Geopipe/Pack01/NYBlock01/Materials/windowedFacade_stone_2_diffuse_1024.mat using Guid(34b6e58407c6c4347b82eb9170eea6fc) Importer(815301076,1909f56bfc062723c751e8b465ee728b) [PhysX] Initialized MultithreadedTaskDispatcher with 16 workers.
[PhysX] Initialized MultithreadedTaskDispatcher with 16 workers.
 -> (artifact id: '739c11ad10ebc1f14f8163ee3d161816') in 0.014195 seconds
Number of updated asset objects reloaded before import = 0
Number of asset objects unloaded after import = 4
Editor requested this worker to shutdown with reason: Scaling down because of idle timeout
TcpMessagingSession - receive error: operation aborted. errorcode: 995, details: The I/O operation has been aborted because of either a thread exit or an application request.
AssetImportWorker is now disconnected from the server
Process exiting
Exiting without the bug reporter. Application will terminate with return code 0