Using pre-set license
Built from '2022.3/staging' branch; Version is '2022.3.36f1 (95a4219250e5) revision 9806881'; Using compiler version '192829333'; Build Type 'Release'
OS: 'Windows 11  (10.0.22631) 64bit Professional' Language: 'en' Physical Memory: 15713 MB
BatchMode: 1, IsHumanControllingUs: 0, StartBugReporterOnCrash: 0, Is64bit: 1, IsPro: 1

COMMAND LINE ARGUMENTS:
C:\Program Files\Unity\Hub\Editor\2022.3.36f1\Editor\Unity.exe
-adb2
-batchMode
-noUpm
-name
AssetImportWorker44
-projectPath
C:/Users/emiry/Documents/GitHub/U80
-logFile
Logs/AssetImportWorker44.log
-srvPort
57102
Successfully changed project path to: C:/Users/emiry/Documents/GitHub/U80
C:/Users/emiry/Documents/GitHub/U80
[UnityMemory] Configuration Parameters - Can be set up in boot.config
    "memorysetup-bucket-allocator-granularity=16"
    "memorysetup-bucket-allocator-bucket-count=8"
    "memorysetup-bucket-allocator-block-size=33554432"
    "memorysetup-bucket-allocator-block-count=8"
    "memorysetup-main-allocator-block-size=16777216"
    "memorysetup-thread-allocator-block-size=16777216"
    "memorysetup-gfx-main-allocator-block-size=16777216"
    "memorysetup-gfx-thread-allocator-block-size=16777216"
    "memorysetup-cache-allocator-block-size=4194304"
    "memorysetup-typetree-allocator-block-size=2097152"
    "memorysetup-profiler-bucket-allocator-granularity=16"
    "memorysetup-profiler-bucket-allocator-bucket-count=8"
    "memorysetup-profiler-bucket-allocator-block-size=33554432"
    "memorysetup-profiler-bucket-allocator-block-count=8"
    "memorysetup-profiler-allocator-block-size=16777216"
    "memorysetup-profiler-editor-allocator-block-size=1048576"
    "memorysetup-temp-allocator-size-main=16777216"
    "memorysetup-job-temp-allocator-block-size=2097152"
    "memorysetup-job-temp-allocator-block-size-background=1048576"
    "memorysetup-job-temp-allocator-reduction-small-platforms=262144"
    "memorysetup-allocator-temp-initial-block-size-main=262144"
    "memorysetup-allocator-temp-initial-block-size-worker=262144"
    "memorysetup-temp-allocator-size-background-worker=32768"
    "memorysetup-temp-allocator-size-job-worker=262144"
    "memorysetup-temp-allocator-size-preload-manager=33554432"
    "memorysetup-temp-allocator-size-nav-mesh-worker=65536"
    "memorysetup-temp-allocator-size-audio-worker=65536"
    "memorysetup-temp-allocator-size-cloud-worker=32768"
    "memorysetup-temp-allocator-size-gi-baking-worker=262144"
    "memorysetup-temp-allocator-size-gfx=262144"
Player connection [36836] Host "[IP] 192.168.0.19 [Port] 0 [Flags] 2 [Guid] 3705154047 [EditorId] 3705154047 [Version] 1048832 [Id] WindowsEditor(7,Hootbu) [Debug] 1 [PackageName] WindowsEditor [ProjectName] Editor" joined multi-casting on [225.0.0.222:54997]...

Player connection [36836] Host "[IP] 192.168.0.19 [Port] 0 [Flags] 2 [Guid] 3705154047 [EditorId] 3705154047 [Version] 1048832 [Id] WindowsEditor(7,Hootbu) [Debug] 1 [PackageName] WindowsEditor [ProjectName] Editor" joined alternative multi-casting on [225.0.0.222:34997]...

[PhysX] Initialized MultithreadedTaskDispatcher with 16 workers.
Refreshing native plugins compatible for Editor in 10.53 ms, found 3 plugins.
Preloading 0 native plugins for Editor in 0.00 ms.
Initialize engine version: 2022.3.36f1 (95a4219250e5)
[Subsystems] Discovering subsystems at path C:/Program Files/Unity/Hub/Editor/2022.3.36f1/Editor/Data/Resources/UnitySubsystems
[Subsystems] Discovering subsystems at path C:/Users/emiry/Documents/GitHub/U80/Assets
GfxDevice: creating device client; threaded=0; jobified=0
Direct3D:
    Version:  Direct3D 11.0 [level 11.1]
    Renderer: NVIDIA GeForce RTX 3050 Ti Laptop GPU (ID=0x25a0)
    Vendor:   NVIDIA
    VRAM:     3962 MB
    Driver:   32.0.15.6070
Initialize mono
Mono path[0] = 'C:/Program Files/Unity/Hub/Editor/2022.3.36f1/Editor/Data/Managed'
Mono path[1] = 'C:/Program Files/Unity/Hub/Editor/2022.3.36f1/Editor/Data/MonoBleedingEdge/lib/mono/unityjit-win32'
Mono config path = 'C:/Program Files/Unity/Hub/Editor/2022.3.36f1/Editor/Data/MonoBleedingEdge/etc'
Using monoOptions --debugger-agent=transport=dt_socket,embedding=1,server=y,suspend=n,address=127.0.0.1:56936
Begin MonoManager ReloadAssembly
Registering precompiled unity dll's ...
Register platform support module: C:/Program Files/Unity/Hub/Editor/2022.3.36f1/Editor/Data/PlaybackEngines/WindowsStandaloneSupport/UnityEditor.WindowsStandalone.Extensions.dll
Registered in 0.008042 seconds.
- Loaded All Assemblies, in  0.527 seconds
Native extension for WindowsStandalone target not found
Mono: successfully reloaded assembly
- Finished resetting the current domain, in  0.285 seconds
Domain Reload Profiling: 808ms
	BeginReloadAssembly (185ms)
		ExecutionOrderSort (0ms)
		DisableScriptedObjects (0ms)
		BackupInstance (0ms)
		ReleaseScriptingObjects (0ms)
		CreateAndSetChildDomain (1ms)
	RebuildCommonClasses (46ms)
	RebuildNativeTypeToScriptingClass (12ms)
	initialDomainReloadingComplete (79ms)
	LoadAllAssembliesAndSetupDomain (199ms)
		LoadAssemblies (184ms)
		RebuildTransferFunctionScriptingTraits (0ms)
		AnalyzeDomain (196ms)
			TypeCache.Refresh (194ms)
				TypeCache.ScanAssembly (177ms)
			ScanForSourceGeneratedMonoScriptInfo (0ms)
			ResolveRequiredComponents (0ms)
	FinalizeReload (285ms)
		ReleaseScriptCaches (0ms)
		RebuildScriptCaches (0ms)
		SetupLoadedEditorAssemblies (230ms)
			LogAssemblyErrors (0ms)
			InitializePlatformSupportModulesInManaged (9ms)
			SetLoadedEditorAssemblies (7ms)
			RefreshPlugins (0ms)
			BeforeProcessingInitializeOnLoad (2ms)
			ProcessInitializeOnLoadAttributes (155ms)
			ProcessInitializeOnLoadMethodAttributes (57ms)
			AfterProcessingInitializeOnLoad (0ms)
			EditorAssembliesLoaded (0ms)
		ExecutionOrderSort2 (0ms)
		AwakeInstancesAfterBackupRestoration (0ms)
========================================================================
Worker process is ready to serve import requests
Begin MonoManager ReloadAssembly
- Loaded All Assemblies, in  0.712 seconds
Refreshing native plugins compatible for Editor in 3.86 ms, found 3 plugins.
Native extension for WindowsStandalone target not found
Package Manager log level set to [2]
[Package Manager] Server::EnsureServerProcessIsRunning -- launch failed, reason: Unity was launched with the -noUpm command-line argument
[Package Manager] UpmClient::Send -- Unable to send message (not connected to UPM process).
[Package Manager] Cannot connect to Unity Package Manager local server
Mono: successfully reloaded assembly
- Finished resetting the current domain, in  0.661 seconds
Domain Reload Profiling: 1371ms
	BeginReloadAssembly (161ms)
		ExecutionOrderSort (0ms)
		DisableScriptedObjects (6ms)
		BackupInstance (0ms)
		ReleaseScriptingObjects (0ms)
		CreateAndSetChildDomain (20ms)
	RebuildCommonClasses (32ms)
	RebuildNativeTypeToScriptingClass (9ms)
	initialDomainReloadingComplete (41ms)
	LoadAllAssembliesAndSetupDomain (467ms)
		LoadAssemblies (387ms)
		RebuildTransferFunctionScriptingTraits (0ms)
		AnalyzeDomain (174ms)
			TypeCache.Refresh (153ms)
				TypeCache.ScanAssembly (140ms)
			ScanForSourceGeneratedMonoScriptInfo (15ms)
			ResolveRequiredComponents (5ms)
	FinalizeReload (662ms)
		ReleaseScriptCaches (0ms)
		RebuildScriptCaches (0ms)
		SetupLoadedEditorAssemblies (524ms)
			LogAssemblyErrors (0ms)
			InitializePlatformSupportModulesInManaged (6ms)
			SetLoadedEditorAssemblies (3ms)
			RefreshPlugins (0ms)
			BeforeProcessingInitializeOnLoad (61ms)
			ProcessInitializeOnLoadAttributes (427ms)
			ProcessInitializeOnLoadMethodAttributes (21ms)
			AfterProcessingInitializeOnLoad (7ms)
			EditorAssembliesLoaded (0ms)
		ExecutionOrderSort2 (0ms)
		AwakeInstancesAfterBackupRestoration (7ms)
Launched and connected shader compiler UnityShaderCompiler.exe after 0.08 seconds
Refreshing native plugins compatible for Editor in 4.85 ms, found 3 plugins.
Preloading 0 native plugins for Editor in 0.00 ms.
Unloading 3865 Unused Serialized files (Serialized files now loaded: 0)
Unloading 69 unused Assets / (2.0 MB). Loaded Objects now: 4362.
Memory consumption went from 209.7 MB to 207.7 MB.
Total: 8.403400 ms (FindLiveObjects: 0.356800 ms CreateObjectMapping: 0.333800 ms MarkObjects: 6.995000 ms  DeleteObjects: 0.716200 ms)

AssetImportParameters requested are different than current active one (requested -> active):
  custom:scripting/monoscript/fileName/ProOnlyRangeDrawer.cs: 06dbe8928c84ff230293cb0233df1ecf -> 
  custom:scripting/monoscript/fileName/UMouseExample.cs: 06ff0cf67586c692ac70428e7b92deb0 -> 
  custom:container-demuxer-ogg: 62fdf1f143b41e24485cea50d1cbac27 -> 
  custom:scripting/monoscript/fileName/UaMenu.cs: 82495984b996c9bd458f6dae6952899d -> 
  custom:scripting/monoscript/fileName/TypeSpecBus.cs: bdf891ea43972f99bd350e20e54e2548 -> 
  custom:scripting/monoscript/fileName/LUAppState.cs: dd879bee3a6e5af3d4125fb39f7658a2 -> 
  custom:video-codec-MediaFoundation-h265: 746d11721c4dcdbdad8f713fa42b33f4 -> 
  custom:video-decoder-ogg-theora: a1e56fd34408186e4bbccfd4996cb3dc -> 
  custom:scripting/monoscript/fileName/UStateHandlerExample.cs: e2354a47a3578f345f469a64b7c2ae88 -> 
  custom:scripting/monoscript/fileName/TypeSpecCar.cs: 4ae669c0479d6ce0b8b48d42f088c449 -> 
  custom:framework-win-MediaFoundation: 216162199b28c13a410421893ffa2e32 -> 
  custom:scripting/monoscript/fileName/VRoadProWindow.cs: 5c5b5f6b5b4591c405e6482a71222208 -> 
  custom:scripting/monoscript/fileName/URunTraffic.cs: ecda640a73b5f1869b517619e1535e85 -> 
  custom:scripting/monoscript/fileName/UaPlaySim.cs: 961b6e95b7d27f67e651da849808769f -> 
  custom:CustomObjectIndexerAttribute: 9a22284fe3817be447336de3de66b15e -> 
  custom:scripting/monoscript/fileName/UBuildMap.cs: ba6ca95d60e8dfb71d7ea960ed721b0a -> 
  custom:scripting/monoscript/fileName/UaCamControllerMain.cs: 608d6bfa8bce69f6af7eb0956d66c3f8 -> 
  custom:scripting/monoscript/fileName/Inspectable.cs: 8ead47a13b172630a7ed4c5efe8f13a0 -> 
  custom:container-demuxer-webm: 4f35f7cbe854078d1ac9338744f61a02 -> 
  custom:scripting/monoscript/fileName/UaMapMesh.cs: b66190f0285420f3bc2605dda63a5078 -> 
  custom:scripting/monoscript/fileName/UaBotHandler.cs: 795d79af38c398cb95c812b8006d49f7 -> 
  custom:scripting/monoscript/fileName/UaMapMeshMod.cs: c4833c742638c0c376d232484c33ef08 -> 
  custom:scripting/monoscript/fileName/UaMouse.cs: 990db2078e3ac352b1ad7f578047ae37 -> 
  custom:scripting/monoscript/fileName/TypeSpecTrailer.cs: c3ba11576f622c42f695f463ca32201e -> 
  custom:scripting/monoscript/fileName/VRoadEditorWindow.cs: 4521b77ca15c3f0d13a89bae499f7fad -> 
  custom:container-muxer-webm: aa71ff27fc2769a1b78a27578f13a17b -> 
  custom:scripting/monoscript/fileName/UPlaySimExamplePrefab.cs: d45adc0f0aa2cbdc230e508f78c98512 -> 
  custom:scripting/monoscript/fileName/SubMesh.cs: 97ce68bef3a65664402b82bdbf7ec7f2 -> 
  custom:video-decoder-webm-vp8: 9c59270c3fd7afecdb556c50c9e8de78 -> 
  custom:scripting/monoscript/fileName/MeshTools.cs: bc8e9953a6f81d796be6a4867efbeca6 -> 
  custom:SearchIndexIgnoredProperties: e643bd26f0fe6173181afceb89e7c659 -> 
  custom:AudioImporter_EditorPlatform: d09bf68614088b80899f8185d706f6e7 -> 
  custom:scripting/monoscript/fileName/XyzExtensions.cs: 699a038b2c4b7bdfd27595f05c673221 -> 
  custom:scripting/monoscript/fileName/ProOnlyDrawer.cs: 140c74f6d98aa6a2f75693f5a2cf72de -> 
  custom:scripting/monoscript/fileName/URunTrafficAndroid.cs: 13ba57ee74ec160ed8ca441a704aed81 -> 
  custom:scripting/monoscript/fileName/UPlaySimExample.cs: db2853e1d5d0b0b01a3cea3bd2175faa -> 
  custom:scripting/monoscript/fileName/SceneSaveMonitor.cs: 002ada5a09e4c3ea15cbb45620dd9ea4 -> 
  custom:scripting/monoscript/fileName/NamedSubMesh.cs: f9f93af626b46fe3d18408f6771d72b8 -> 
  custom:scripting/monoscript/fileName/TypeSpecTruck.cs: 4e1a951ed4ac097814c5926b8bcf0bd6 -> 
  custom:video-encoder-webm-vp8: eb34c28f22e8b96e1ab97ce403110664 -> 
  custom:scripting/monoscript/fileName/UExitHandler.cs: 65b422a42c87c5906ca5ab6c9917cd3f -> 
  custom:scripting/monoscript/fileName/ReadOnlyDrawer.cs: b26c4fb1328166ff0500ab0eb78a23c9 -> 
  custom:scripting/monoscript/fileName/AnimatorPedEventReceiver.cs: 02970d66fc89aa32d11fbf4ed57b2393 -> 
  custom:audio-decoder-ogg-vorbis: bf7c407c2cedff20999df2af8eb42d56 -> 
  custom:scripting/monoscript/fileName/UExternalReporterExample.cs: b47dced26726bc1c6cca3385d51d545e -> 
  custom:scripting/monoscript/fileName/UaGamePad.cs: c009e1ef2c316b725495851113c4bcc1 -> 
  custom:scripting/monoscript/fileName/UComment.cs: 2f18d587f279c5c266364d1be9c69d89 -> 
  custom:scripting/monoscript/fileName/UaStateHandler.cs: 2c899633784028fc2ed2ec0f88d26ad5 -> 
  custom:scripting/monoscript/fileName/VRoadWindow.cs: 9b3e75131f5e1d1006211fcab64dc0d7 -> 
  custom:scripting/monoscript/fileName/RoofWrapper.cs: 1e67134df3309cf12ec355d1e5f72a72 -> 
  custom:scripting/monoscript/fileName/UCamControllerExample.cs: d60969678431ad1e2c929f367987fdf1 -> 
  custom:scripting/monoscript/fileName/UBotHandlerExample.cs: a6b4b3b74faa6205a93a9c9249a520f5 -> 
  custom:scripting/monoscript/fileName/UaExternalReporter.cs: 9f8124b70e002cfea54794948b421510 -> 
  custom:audio-encoder-webm-vorbis: bf7c407c2cedff20999df2af8eb42d56 -> 
  custom:scripting/monoscript/fileName/UMenuExample.cs: a5fe31719e8c44b99bec5f364b1a80dc -> 
  custom:scripting/monoscript/fileName/ExternalMapBuilder.cs: e8b19924eeafd6b5db8da6982614af93 -> 
  custom:scripting/monoscript/fileName/UMapMeshExample.cs: aaf935164b4a0db731a09f13538b3a9f -> 
  custom:scripting/monoscript/fileName/SA.cs: 2a89a45dff2f5d604c0dc515647f54f9 -> 
========================================================================
Received Import Request.
  Time since last request: 176142.079924 seconds.
  path: Assets/RoadArchitect/Materials/FedSigns/Square/NoTrucks2.mat
  artifactKey: Guid(6f27a355ef1a5af489752059c4a985e7) Importer(815301076,1909f56bfc062723c751e8b465ee728b)
Start importing Assets/RoadArchitect/Materials/FedSigns/Square/NoTrucks2.mat using Guid(6f27a355ef1a5af489752059c4a985e7) Importer(815301076,1909f56bfc062723c751e8b465ee728b) [PhysX] Initialized MultithreadedTaskDispatcher with 16 workers.
[PhysX] Initialized MultithreadedTaskDispatcher with 16 workers.
 -> (artifact id: 'ca4f2df545fce7fc2c5e55737f396d1f') in 0.142599 seconds
Number of updated asset objects reloaded before import = 0
Number of asset objects unloaded after import = 3
========================================================================
Received Import Request.
  Time since last request: 0.000029 seconds.
  path: Assets/RoadArchitect/Materials/FedSigns/396/NoPed.mat
  artifactKey: Guid(398aa1ed6e8fe7c438bb1579104b1218) Importer(815301076,1909f56bfc062723c751e8b465ee728b)
Start importing Assets/RoadArchitect/Materials/FedSigns/396/NoPed.mat using Guid(398aa1ed6e8fe7c438bb1579104b1218) Importer(815301076,1909f56bfc062723c751e8b465ee728b) [PhysX] Initialized MultithreadedTaskDispatcher with 16 workers.
[PhysX] Initialized MultithreadedTaskDispatcher with 16 workers.
 -> (artifact id: 'c09de206c38632e69f2b2619362c3f0a') in 0.013321 seconds
Number of updated asset objects reloaded before import = 0
Number of asset objects unloaded after import = 3
========================================================================
Received Import Request.
  Time since last request: 0.000025 seconds.
  path: Assets/RoadArchitect/Materials/FedSigns/617/NY252A.mat
  artifactKey: Guid(af4623f72fcd4c641860a2f362b9dbe5) Importer(815301076,1909f56bfc062723c751e8b465ee728b)
Start importing Assets/RoadArchitect/Materials/FedSigns/617/NY252A.mat using Guid(af4623f72fcd4c641860a2f362b9dbe5) Importer(815301076,1909f56bfc062723c751e8b465ee728b) [PhysX] Initialized MultithreadedTaskDispatcher with 16 workers.
[PhysX] Initialized MultithreadedTaskDispatcher with 16 workers.
 -> (artifact id: '6bde01fbf12a878d8f02cb4d77f04c4b') in 0.012745 seconds
Number of updated asset objects reloaded before import = 0
Number of asset objects unloaded after import = 3
========================================================================
Received Import Request.
  Time since last request: 1.105039 seconds.
  path: Assets/RoadArchitect/Materials/FedSigns/Square/NoHitchhiking.mat
  artifactKey: Guid(fffe513f7bbc397408dca28e668dba25) Importer(815301076,1909f56bfc062723c751e8b465ee728b)
Start importing Assets/RoadArchitect/Materials/FedSigns/Square/NoHitchhiking.mat using Guid(fffe513f7bbc397408dca28e668dba25) Importer(815301076,1909f56bfc062723c751e8b465ee728b) [PhysX] Initialized MultithreadedTaskDispatcher with 16 workers.
[PhysX] Initialized MultithreadedTaskDispatcher with 16 workers.
 -> (artifact id: 'f15c9c0b5897d63ef91e40f1120d8c0f') in 0.013695 seconds
Number of updated asset objects reloaded before import = 0
Number of asset objects unloaded after import = 3
========================================================================
Received Import Request.
  Time since last request: 0.063749 seconds.
  path: Assets/Simple city plain/Mesh/Materials/metal.mat
  artifactKey: Guid(714563deeebca124a9f384bee45769d3) Importer(815301076,1909f56bfc062723c751e8b465ee728b)
Start importing Assets/Simple city plain/Mesh/Materials/metal.mat using Guid(714563deeebca124a9f384bee45769d3) Importer(815301076,1909f56bfc062723c751e8b465ee728b) [PhysX] Initialized MultithreadedTaskDispatcher with 16 workers.
[PhysX] Initialized MultithreadedTaskDispatcher with 16 workers.
 -> (artifact id: '5c497741ed0f5b893285d6a8d58345bf') in 0.007595 seconds
Number of updated asset objects reloaded before import = 0
Number of asset objects unloaded after import = 1
========================================================================
Received Import Request.
  Time since last request: 0.000023 seconds.
  path: Assets/RoadArchitect/Materials/FedSigns/861/MilesSign.mat
  artifactKey: Guid(7be9c75ccf0631a4cbda1bdbfe844854) Importer(815301076,1909f56bfc062723c751e8b465ee728b)
Start importing Assets/RoadArchitect/Materials/FedSigns/861/MilesSign.mat using Guid(7be9c75ccf0631a4cbda1bdbfe844854) Importer(815301076,1909f56bfc062723c751e8b465ee728b) [PhysX] Initialized MultithreadedTaskDispatcher with 16 workers.
[PhysX] Initialized MultithreadedTaskDispatcher with 16 workers.
 -> (artifact id: '152b0c99e98586469736039f52de60ae') in 0.013333 seconds
Number of updated asset objects reloaded before import = 0
Number of asset objects unloaded after import = 3
========================================================================
Received Import Request.
  Time since last request: 2.196187 seconds.
  path: Assets/RoadArchitect/Materials/FedSigns/Diamond/General/LoopStreet.mat
  artifactKey: Guid(8d6709ecc306613468d3b2ea0175360b) Importer(815301076,1909f56bfc062723c751e8b465ee728b)
Start importing Assets/RoadArchitect/Materials/FedSigns/Diamond/General/LoopStreet.mat using Guid(8d6709ecc306613468d3b2ea0175360b) Importer(815301076,1909f56bfc062723c751e8b465ee728b) [PhysX] Initialized MultithreadedTaskDispatcher with 16 workers.
[PhysX] Initialized MultithreadedTaskDispatcher with 16 workers.
 -> (artifact id: 'aa26561394ead041b734d2cf6b1fd732') in 0.013524 seconds
Number of updated asset objects reloaded before import = 0
Number of asset objects unloaded after import = 3
========================================================================
Received Import Request.
  Time since last request: 0.000019 seconds.
  path: Assets/RoadArchitect/Materials/FedSigns/330/MedianAlertLeft.mat
  artifactKey: Guid(5b0d79f541e7d8c45aba2e5caa1e166e) Importer(815301076,1909f56bfc062723c751e8b465ee728b)
Start importing Assets/RoadArchitect/Materials/FedSigns/330/MedianAlertLeft.mat using Guid(5b0d79f541e7d8c45aba2e5caa1e166e) Importer(815301076,1909f56bfc062723c751e8b465ee728b) [PhysX] Initialized MultithreadedTaskDispatcher with 16 workers.
[PhysX] Initialized MultithreadedTaskDispatcher with 16 workers.
 -> (artifact id: '4e25335582a19b0b885465d45e5ff76a') in 0.024085 seconds
Number of updated asset objects reloaded before import = 0
Number of asset objects unloaded after import = 3
========================================================================
Received Import Request.
  Time since last request: 0.035718 seconds.
  path: Assets/RoadArchitect/Materials/FedSigns/396/KeepRight.mat
  artifactKey: Guid(f13dfd05a62436246859dd81ca11f6c3) Importer(815301076,1909f56bfc062723c751e8b465ee728b)
Start importing Assets/RoadArchitect/Materials/FedSigns/396/KeepRight.mat using Guid(f13dfd05a62436246859dd81ca11f6c3) Importer(815301076,1909f56bfc062723c751e8b465ee728b) [PhysX] Initialized MultithreadedTaskDispatcher with 16 workers.
[PhysX] Initialized MultithreadedTaskDispatcher with 16 workers.
 -> (artifact id: '1b249f1b4e4726ef124aade3b353d1a7') in 0.050158 seconds
Number of updated asset objects reloaded before import = 0
Number of asset objects unloaded after import = 3
========================================================================
Received Import Request.
  Time since last request: 0.000016 seconds.
  path: Assets/RoadArchitect/Materials/FedSigns/Diamond/General/LaneEndsMergeLeft.mat
  artifactKey: Guid(c7f9b1297b9296c48a6da71aebf7343a) Importer(815301076,1909f56bfc062723c751e8b465ee728b)
Start importing Assets/RoadArchitect/Materials/FedSigns/Diamond/General/LaneEndsMergeLeft.mat using Guid(c7f9b1297b9296c48a6da71aebf7343a) Importer(815301076,1909f56bfc062723c751e8b465ee728b) [PhysX] Initialized MultithreadedTaskDispatcher with 16 workers.
[PhysX] Initialized MultithreadedTaskDispatcher with 16 workers.
 -> (artifact id: '749b1ac3e9ea16adb5cbaa3ec435484b') in 0.039555 seconds
Number of updated asset objects reloaded before import = 0
Number of asset objects unloaded after import = 3
========================================================================
Received Import Request.
  Time since last request: 0.033159 seconds.
  path: Assets/RoadArchitect/Materials/Markers/InterStretch-Both-2L.mat
  artifactKey: Guid(f2ade6e885553ae4d9d7177f9df91e05) Importer(815301076,1909f56bfc062723c751e8b465ee728b)
Start importing Assets/RoadArchitect/Materials/Markers/InterStretch-Both-2L.mat using Guid(f2ade6e885553ae4d9d7177f9df91e05) Importer(815301076,1909f56bfc062723c751e8b465ee728b) [PhysX] Initialized MultithreadedTaskDispatcher with 16 workers.
[PhysX] Initialized MultithreadedTaskDispatcher with 16 workers.
 -> (artifact id: 'e592ccf7997bbb2617b80ebd06a6904c') in 0.034970 seconds
Number of updated asset objects reloaded before import = 0
Number of asset objects unloaded after import = 2
========================================================================
Received Import Request.
  Time since last request: 0.000024 seconds.
  path: Assets/RoadArchitect/Materials/Markers/InterStretch-None-4L.mat
  artifactKey: Guid(2dff8fc4dcaa52f418f6fc19ac851632) Importer(815301076,1909f56bfc062723c751e8b465ee728b)
Start importing Assets/RoadArchitect/Materials/Markers/InterStretch-None-4L.mat using Guid(2dff8fc4dcaa52f418f6fc19ac851632) Importer(815301076,1909f56bfc062723c751e8b465ee728b) [PhysX] Initialized MultithreadedTaskDispatcher with 16 workers.
[PhysX] Initialized MultithreadedTaskDispatcher with 16 workers.
 -> (artifact id: '97fd3f4d8a0b2445782422ea22202deb') in 0.021499 seconds
Number of updated asset objects reloaded before import = 0
Number of asset objects unloaded after import = 2
========================================================================
Received Import Request.
  Time since last request: 0.000018 seconds.
  path: Assets/Simple city plain/Material & Texture/Colors_buildings/J1.mat
  artifactKey: Guid(8bf8e8eb3c4ec9c4e9f79488c39bff59) Importer(815301076,1909f56bfc062723c751e8b465ee728b)
Start importing Assets/Simple city plain/Material & Texture/Colors_buildings/J1.mat using Guid(8bf8e8eb3c4ec9c4e9f79488c39bff59) Importer(815301076,1909f56bfc062723c751e8b465ee728b) [PhysX] Initialized MultithreadedTaskDispatcher with 16 workers.
[PhysX] Initialized MultithreadedTaskDispatcher with 16 workers.
 -> (artifact id: 'dbc01a053bb6f27acf0330847c433d67') in 0.016044 seconds
Number of updated asset objects reloaded before import = 0
Number of asset objects unloaded after import = 1
========================================================================
Received Import Request.
  Time since last request: 0.000024 seconds.
  path: Assets/RoadArchitect/Materials/Markers/InterYellowLWhiteR-4L.mat
  artifactKey: Guid(91cf8fb0430d36b41b48bc5a9b5d9d5f) Importer(815301076,1909f56bfc062723c751e8b465ee728b)
Start importing Assets/RoadArchitect/Materials/Markers/InterYellowLWhiteR-4L.mat using Guid(91cf8fb0430d36b41b48bc5a9b5d9d5f) Importer(815301076,1909f56bfc062723c751e8b465ee728b) [PhysX] Initialized MultithreadedTaskDispatcher with 16 workers.
[PhysX] Initialized MultithreadedTaskDispatcher with 16 workers.
 -> (artifact id: 'bf2a5fc56bd09e2d96a1f3b8aeeac8dd') in 0.058156 seconds
Number of updated asset objects reloaded before import = 0
Number of asset objects unloaded after import = 2
========================================================================
Received Import Request.
  Time since last request: 0.000019 seconds.
  path: Assets/Simple city plain/Material & Texture/Colors_buildings/K2.mat
  artifactKey: Guid(0b5ab4b8a0e43004ba5e294fbe6cf73a) Importer(815301076,1909f56bfc062723c751e8b465ee728b)
Start importing Assets/Simple city plain/Material & Texture/Colors_buildings/K2.mat using Guid(0b5ab4b8a0e43004ba5e294fbe6cf73a) Importer(815301076,1909f56bfc062723c751e8b465ee728b) [PhysX] Initialized MultithreadedTaskDispatcher with 16 workers.
[PhysX] Initialized MultithreadedTaskDispatcher with 16 workers.
 -> (artifact id: '7aa651e2b04d4417b9ef9976ce456d25') in 0.010706 seconds
Number of updated asset objects reloaded before import = 0
Number of asset objects unloaded after import = 1
========================================================================
Received Import Request.
  Time since last request: 0.000022 seconds.
  path: Assets/RoadArchitect/Materials/Markers/InterStretch-Left-6L.mat
  artifactKey: Guid(4c4e33fa8e835dd4881168a1833c11be) Importer(815301076,1909f56bfc062723c751e8b465ee728b)
Start importing Assets/RoadArchitect/Materials/Markers/InterStretch-Left-6L.mat using Guid(4c4e33fa8e835dd4881168a1833c11be) Importer(815301076,1909f56bfc062723c751e8b465ee728b) [PhysX] Initialized MultithreadedTaskDispatcher with 16 workers.
[PhysX] Initialized MultithreadedTaskDispatcher with 16 workers.
 -> (artifact id: 'a840212ce7074f7d04436a59537d185e') in 0.010617 seconds
Number of updated asset objects reloaded before import = 0
Number of asset objects unloaded after import = 2
========================================================================
Received Import Request.
  Time since last request: 0.000018 seconds.
  path: Assets/RoadArchitect/Materials/Markers/InterWhiteLYellowR-6L.mat
  artifactKey: Guid(a29c3c11d0d80134ca025de513d39677) Importer(815301076,1909f56bfc062723c751e8b465ee728b)
Start importing Assets/RoadArchitect/Materials/Markers/InterWhiteLYellowR-6L.mat using Guid(a29c3c11d0d80134ca025de513d39677) Importer(815301076,1909f56bfc062723c751e8b465ee728b) [PhysX] Initialized MultithreadedTaskDispatcher with 16 workers.
[PhysX] Initialized MultithreadedTaskDispatcher with 16 workers.
 -> (artifact id: 'cb1af436b37799a1b97d025cc7f2aa77') in 0.008198 seconds
Number of updated asset objects reloaded before import = 0
Number of asset objects unloaded after import = 2
========================================================================
Received Import Request.
  Time since last request: 0.000018 seconds.
  path: Assets/Simple city plain/Material & Texture/Colors_buildings/k11.mat
  artifactKey: Guid(a7f2d3722f408d146b37cba315bc996f) Importer(815301076,1909f56bfc062723c751e8b465ee728b)
Start importing Assets/Simple city plain/Material & Texture/Colors_buildings/k11.mat using Guid(a7f2d3722f408d146b37cba315bc996f) Importer(815301076,1909f56bfc062723c751e8b465ee728b) [PhysX] Initialized MultithreadedTaskDispatcher with 16 workers.
[PhysX] Initialized MultithreadedTaskDispatcher with 16 workers.
 -> (artifact id: 'a33c1f63b0f305696e8b951644f8e55b') in 0.006890 seconds
Number of updated asset objects reloaded before import = 0
Number of asset objects unloaded after import = 1
========================================================================
Received Import Request.
  Time since last request: 0.000019 seconds.
  path: Assets/Simple city plain/Material & Texture/Colors_buildings/K13.mat
  artifactKey: Guid(385015333524c4947bf237c08e46d007) Importer(815301076,1909f56bfc062723c751e8b465ee728b)
Start importing Assets/Simple city plain/Material & Texture/Colors_buildings/K13.mat using Guid(385015333524c4947bf237c08e46d007) Importer(815301076,1909f56bfc062723c751e8b465ee728b) [PhysX] Initialized MultithreadedTaskDispatcher with 16 workers.
[PhysX] Initialized MultithreadedTaskDispatcher with 16 workers.
 -> (artifact id: '871c549600917fc56b675dd432d464dc') in 0.006266 seconds
Number of updated asset objects reloaded before import = 0
Number of asset objects unloaded after import = 1
========================================================================
Received Import Request.
  Time since last request: 0.000198 seconds.
  path: Assets/RoadArchitect/Materials/Markers/InterYellowLWhiteR-6L.mat
  artifactKey: Guid(42d5e7ab747390246b676b486fcf5425) Importer(815301076,1909f56bfc062723c751e8b465ee728b)
Start importing Assets/RoadArchitect/Materials/Markers/InterYellowLWhiteR-6L.mat using Guid(42d5e7ab747390246b676b486fcf5425) Importer(815301076,1909f56bfc062723c751e8b465ee728b) [PhysX] Initialized MultithreadedTaskDispatcher with 16 workers.
[PhysX] Initialized MultithreadedTaskDispatcher with 16 workers.
 -> (artifact id: '6ea43f3faad1e82862913197cde91edd') in 0.009137 seconds
Number of updated asset objects reloaded before import = 0
Number of asset objects unloaded after import = 2
========================================================================
Received Import Request.
  Time since last request: 0.000032 seconds.
  path: Assets/RoadArchitect/Materials/Markers/InterStretch-Both-6L.mat
  artifactKey: Guid(474cbe57c8fcc3443b712f507fd1dcf4) Importer(815301076,1909f56bfc062723c751e8b465ee728b)
Start importing Assets/RoadArchitect/Materials/Markers/InterStretch-Both-6L.mat using Guid(474cbe57c8fcc3443b712f507fd1dcf4) Importer(815301076,1909f56bfc062723c751e8b465ee728b) [PhysX] Initialized MultithreadedTaskDispatcher with 16 workers.
[PhysX] Initialized MultithreadedTaskDispatcher with 16 workers.
 -> (artifact id: '545b7fcdbf24f6f7638650499bb1bdb6') in 0.008290 seconds
Number of updated asset objects reloaded before import = 0
Number of asset objects unloaded after import = 2
========================================================================
Received Import Request.
  Time since last request: 1.014261 seconds.
  path: Assets/RoadArchitect/Materials/Markers/InterCenter-None-6L.mat
  artifactKey: Guid(1fe3ad090d7a11b49b8b8f9802edf3c3) Importer(815301076,1909f56bfc062723c751e8b465ee728b)
Start importing Assets/RoadArchitect/Materials/Markers/InterCenter-None-6L.mat using Guid(1fe3ad090d7a11b49b8b8f9802edf3c3) Importer(815301076,1909f56bfc062723c751e8b465ee728b) [PhysX] Initialized MultithreadedTaskDispatcher with 16 workers.
[PhysX] Initialized MultithreadedTaskDispatcher with 16 workers.
 -> (artifact id: '139020e20bf9e50e5f12007b2d894408') in 0.015040 seconds
Number of updated asset objects reloaded before import = 0
Number of asset objects unloaded after import = 2
========================================================================
Received Import Request.
  Time since last request: 0.000015 seconds.
  path: Assets/RoadArchitect/Materials/Markers/InterLaneDisabled.mat
  artifactKey: Guid(6bb6699ca82784b4da80b2fd0a9ebc24) Importer(815301076,1909f56bfc062723c751e8b465ee728b)
Start importing Assets/RoadArchitect/Materials/Markers/InterLaneDisabled.mat using Guid(6bb6699ca82784b4da80b2fd0a9ebc24) Importer(815301076,1909f56bfc062723c751e8b465ee728b) [PhysX] Initialized MultithreadedTaskDispatcher with 16 workers.
[PhysX] Initialized MultithreadedTaskDispatcher with 16 workers.
 -> (artifact id: '956435ce2352b0eb1e12b88a644583e2') in 0.009928 seconds
Number of updated asset objects reloaded before import = 0
Number of asset objects unloaded after import = 2
========================================================================
Received Import Request.
  Time since last request: 0.000019 seconds.
  path: Assets/RoadArchitect/Materials/Markers/InterLaneDisabledOuterR.mat
  artifactKey: Guid(0e43b8fdbe2af0849bff5069e269146d) Importer(815301076,1909f56bfc062723c751e8b465ee728b)
Start importing Assets/RoadArchitect/Materials/Markers/InterLaneDisabledOuterR.mat using Guid(0e43b8fdbe2af0849bff5069e269146d) Importer(815301076,1909f56bfc062723c751e8b465ee728b) [PhysX] Initialized MultithreadedTaskDispatcher with 16 workers.
[PhysX] Initialized MultithreadedTaskDispatcher with 16 workers.
 -> (artifact id: '4c23deb40af6de044a8a9bb803a1016b') in 0.008707 seconds
Number of updated asset objects reloaded before import = 0
Number of asset objects unloaded after import = 2
========================================================================
Received Import Request.
  Time since last request: 0.032580 seconds.
  path: Assets/RoadArchitect/Materials/Markers/InterCenter-Left-2L-3.mat
  artifactKey: Guid(ef78d397329bed4458faab5a0b4366b8) Importer(815301076,1909f56bfc062723c751e8b465ee728b)
Start importing Assets/RoadArchitect/Materials/Markers/InterCenter-Left-2L-3.mat using Guid(ef78d397329bed4458faab5a0b4366b8) Importer(815301076,1909f56bfc062723c751e8b465ee728b) [PhysX] Initialized MultithreadedTaskDispatcher with 16 workers.
[PhysX] Initialized MultithreadedTaskDispatcher with 16 workers.
 -> (artifact id: '0ea61e65963da9ff1283d17cced260e2') in 0.008383 seconds
Number of updated asset objects reloaded before import = 0
Number of asset objects unloaded after import = 2
========================================================================
Received Import Request.
  Time since last request: 0.000015 seconds.
  path: Assets/RoadArchitect/Materials/Markers/InterCenter-Left-4L-3-crev.mat
  artifactKey: Guid(dad87969e150f45458fa3111dab1e9b0) Importer(815301076,1909f56bfc062723c751e8b465ee728b)
Start importing Assets/RoadArchitect/Materials/Markers/InterCenter-Left-4L-3-crev.mat using Guid(dad87969e150f45458fa3111dab1e9b0) Importer(815301076,1909f56bfc062723c751e8b465ee728b) [PhysX] Initialized MultithreadedTaskDispatcher with 16 workers.
[PhysX] Initialized MultithreadedTaskDispatcher with 16 workers.
 -> (artifact id: 'baaf3691afe96194d7becfecd32e7422') in 0.008179 seconds
Number of updated asset objects reloaded before import = 0
Number of asset objects unloaded after import = 2
========================================================================
Received Import Request.
  Time since last request: 0.000015 seconds.
  path: Assets/RoadArchitect/Materials/Markers/InterCenter-Left-6L-3.mat
  artifactKey: Guid(11c9a8f2fbd08c24aaf401fbc33ec6e5) Importer(815301076,1909f56bfc062723c751e8b465ee728b)
Start importing Assets/RoadArchitect/Materials/Markers/InterCenter-Left-6L-3.mat using Guid(11c9a8f2fbd08c24aaf401fbc33ec6e5) Importer(815301076,1909f56bfc062723c751e8b465ee728b) [PhysX] Initialized MultithreadedTaskDispatcher with 16 workers.
[PhysX] Initialized MultithreadedTaskDispatcher with 16 workers.
 -> (artifact id: '58f9b5287c389a900ddbaff79c082d83') in 0.008921 seconds
Number of updated asset objects reloaded before import = 0
Number of asset objects unloaded after import = 2
========================================================================
Received Import Request.
  Time since last request: 0.029487 seconds.
  path: Assets/Simple city plain/Material & Texture/Colors_buildings/I3.mat
  artifactKey: Guid(ce22e4b8667c6c4498256004a51def48) Importer(815301076,1909f56bfc062723c751e8b465ee728b)
Start importing Assets/Simple city plain/Material & Texture/Colors_buildings/I3.mat using Guid(ce22e4b8667c6c4498256004a51def48) Importer(815301076,1909f56bfc062723c751e8b465ee728b) [PhysX] Initialized MultithreadedTaskDispatcher with 16 workers.
[PhysX] Initialized MultithreadedTaskDispatcher with 16 workers.
 -> (artifact id: '285d682c6552bac0dcdc1f7a25743509') in 0.006250 seconds
Number of updated asset objects reloaded before import = 0
Number of asset objects unloaded after import = 1
========================================================================
Received Import Request.
  Time since last request: 0.000017 seconds.
  path: Assets/RoadArchitect/Materials/Markers/InterCenter-Both-2L-3.mat
  artifactKey: Guid(2e06911c0e3934940aa9f7ce2fb9c834) Importer(815301076,1909f56bfc062723c751e8b465ee728b)
Start importing Assets/RoadArchitect/Materials/Markers/InterCenter-Both-2L-3.mat using Guid(2e06911c0e3934940aa9f7ce2fb9c834) Importer(815301076,1909f56bfc062723c751e8b465ee728b) [PhysX] Initialized MultithreadedTaskDispatcher with 16 workers.
[PhysX] Initialized MultithreadedTaskDispatcher with 16 workers.
 -> (artifact id: '5ed83d845e7729221f356344761c2527') in 0.008393 seconds
Number of updated asset objects reloaded before import = 0
Number of asset objects unloaded after import = 2
========================================================================
Received Import Request.
  Time since last request: 0.361779 seconds.
  path: Assets/RoadArchitect/Materials/FedSigns/Diamond/General/HighCrossWinds2.mat
  artifactKey: Guid(6a8c11ce7f8e84a4aa0972b2c75abdf5) Importer(815301076,1909f56bfc062723c751e8b465ee728b)
Start importing Assets/RoadArchitect/Materials/FedSigns/Diamond/General/HighCrossWinds2.mat using Guid(6a8c11ce7f8e84a4aa0972b2c75abdf5) Importer(815301076,1909f56bfc062723c751e8b465ee728b) [PhysX] Initialized MultithreadedTaskDispatcher with 16 workers.
[PhysX] Initialized MultithreadedTaskDispatcher with 16 workers.
 -> (artifact id: '410453987b8398c4f97b5bf522a06c8b') in 0.012477 seconds
Number of updated asset objects reloaded before import = 0
Number of asset objects unloaded after import = 3
========================================================================
Received Import Request.
  Time since last request: 0.000019 seconds.
  path: Assets/RoadArchitect/Materials/FedSigns/Diamond/General/HighWater.mat
  artifactKey: Guid(0842c196345af2644a3407b96d29c3fe) Importer(815301076,1909f56bfc062723c751e8b465ee728b)
Start importing Assets/RoadArchitect/Materials/FedSigns/Diamond/General/HighWater.mat using Guid(0842c196345af2644a3407b96d29c3fe) Importer(815301076,1909f56bfc062723c751e8b465ee728b) [PhysX] Initialized MultithreadedTaskDispatcher with 16 workers.
[PhysX] Initialized MultithreadedTaskDispatcher with 16 workers.
 -> (artifact id: '26c7191613010705c6aa4769d7925ff0') in 0.009833 seconds
Number of updated asset objects reloaded before import = 0
Number of asset objects unloaded after import = 3
========================================================================
Received Import Request.
  Time since last request: 0.033744 seconds.
  path: Assets/RoadArchitect/Materials/FedSigns/Square/H18.mat
  artifactKey: Guid(c844fddf2c8f11e49929ad6e4f4c44fd) Importer(815301076,1909f56bfc062723c751e8b465ee728b)
Start importing Assets/RoadArchitect/Materials/FedSigns/Square/H18.mat using Guid(c844fddf2c8f11e49929ad6e4f4c44fd) Importer(815301076,1909f56bfc062723c751e8b465ee728b) [PhysX] Initialized MultithreadedTaskDispatcher with 16 workers.
[PhysX] Initialized MultithreadedTaskDispatcher with 16 workers.
 -> (artifact id: 'dd66ca3d95ea205c3d72e5c2e566f00c') in 0.009843 seconds
Number of updated asset objects reloaded before import = 0
Number of asset objects unloaded after import = 3
========================================================================
Received Import Request.
  Time since last request: 0.000019 seconds.
  path: Assets/RoadArchitect/Materials/FedSigns/Square/H40.mat
  artifactKey: Guid(64ce1036758dbee47945c6df60e711d4) Importer(815301076,1909f56bfc062723c751e8b465ee728b)
Start importing Assets/RoadArchitect/Materials/FedSigns/Square/H40.mat using Guid(64ce1036758dbee47945c6df60e711d4) Importer(815301076,1909f56bfc062723c751e8b465ee728b) [PhysX] Initialized MultithreadedTaskDispatcher with 16 workers.
[PhysX] Initialized MultithreadedTaskDispatcher with 16 workers.
 -> (artifact id: '0fbf80c2bb2f358cdabf195987174b8b') in 0.009144 seconds
Number of updated asset objects reloaded before import = 0
Number of asset objects unloaded after import = 3
========================================================================
Received Import Request.
  Time since last request: 0.037369 seconds.
  path: Assets/Simple city plain/Mesh/Materials/Grid.mat
  artifactKey: Guid(aad452e74f3ae2947ac7e2fedf6fd6ae) Importer(815301076,1909f56bfc062723c751e8b465ee728b)
Start importing Assets/Simple city plain/Mesh/Materials/Grid.mat using Guid(aad452e74f3ae2947ac7e2fedf6fd6ae) Importer(815301076,1909f56bfc062723c751e8b465ee728b) [PhysX] Initialized MultithreadedTaskDispatcher with 16 workers.
[PhysX] Initialized MultithreadedTaskDispatcher with 16 workers.
 -> (artifact id: '581a24c8adf51c70570832aa30b52901') in 0.005637 seconds
Number of updated asset objects reloaded before import = 0
Number of asset objects unloaded after import = 1
========================================================================
Received Import Request.
  Time since last request: 0.000017 seconds.
  path: Assets/RoadArchitect/Materials/FedSigns/Square/H1.mat
  artifactKey: Guid(eed4146a4dd8ba940a742b4ad4f1c82a) Importer(815301076,1909f56bfc062723c751e8b465ee728b)
Start importing Assets/RoadArchitect/Materials/FedSigns/Square/H1.mat using Guid(eed4146a4dd8ba940a742b4ad4f1c82a) Importer(815301076,1909f56bfc062723c751e8b465ee728b) [PhysX] Initialized MultithreadedTaskDispatcher with 16 workers.
[PhysX] Initialized MultithreadedTaskDispatcher with 16 workers.
 -> (artifact id: 'c78a5ba9648a790d8bcc43d60d43478b') in 0.008084 seconds
Number of updated asset objects reloaded before import = 0
Number of asset objects unloaded after import = 3
========================================================================
Received Import Request.
  Time since last request: 0.034345 seconds.
  path: Assets/Simple city plain/Material & Texture/Colors_buildings/G1.mat
  artifactKey: Guid(73daffab7784ec040ba2d4d7302527f8) Importer(815301076,1909f56bfc062723c751e8b465ee728b)
Start importing Assets/Simple city plain/Material & Texture/Colors_buildings/G1.mat using Guid(73daffab7784ec040ba2d4d7302527f8) Importer(815301076,1909f56bfc062723c751e8b465ee728b) [PhysX] Initialized MultithreadedTaskDispatcher with 16 workers.
[PhysX] Initialized MultithreadedTaskDispatcher with 16 workers.
 -> (artifact id: '4096d4e49d2ba2e18399d642974b3b8f') in 0.005966 seconds
Number of updated asset objects reloaded before import = 0
Number of asset objects unloaded after import = 1
========================================================================
Received Import Request.
  Time since last request: 0.000018 seconds.
  path: Assets/Simple city plain/Mesh/Materials/Gold.mat
  artifactKey: Guid(519675094c54c0a47b3b4c16e8f27526) Importer(815301076,1909f56bfc062723c751e8b465ee728b)
Start importing Assets/Simple city plain/Mesh/Materials/Gold.mat using Guid(519675094c54c0a47b3b4c16e8f27526) Importer(815301076,1909f56bfc062723c751e8b465ee728b) [PhysX] Initialized MultithreadedTaskDispatcher with 16 workers.
[PhysX] Initialized MultithreadedTaskDispatcher with 16 workers.
 -> (artifact id: '9cf9e170b5c94cd12af5924bf020fd5e') in 0.006109 seconds
Number of updated asset objects reloaded before import = 0
Number of asset objects unloaded after import = 1
========================================================================
Received Import Request.
  Time since last request: 4.909815 seconds.
  path: Assets/Simple city plain/Mesh/Materials/Fire_escape_03.mat
  artifactKey: Guid(ff6f585b4c69e674d9c2d4cff6357a11) Importer(815301076,1909f56bfc062723c751e8b465ee728b)
Start importing Assets/Simple city plain/Mesh/Materials/Fire_escape_03.mat using Guid(ff6f585b4c69e674d9c2d4cff6357a11) Importer(815301076,1909f56bfc062723c751e8b465ee728b) [PhysX] Initialized MultithreadedTaskDispatcher with 16 workers.
[PhysX] Initialized MultithreadedTaskDispatcher with 16 workers.
 -> (artifact id: '27f0e9879182fd9f59ce63f280638321') in 0.014663 seconds
Number of updated asset objects reloaded before import = 0
Number of asset objects unloaded after import = 1
========================================================================
Received Import Request.
  Time since last request: 0.000021 seconds.
  path: Assets/RoadArchitect/Materials/FedSigns/Diamond/General/FreewayEnds.mat
  artifactKey: Guid(b6890aed1a00f054884af7518e5f771c) Importer(815301076,1909f56bfc062723c751e8b465ee728b)
Start importing Assets/RoadArchitect/Materials/FedSigns/Diamond/General/FreewayEnds.mat using Guid(b6890aed1a00f054884af7518e5f771c) Importer(815301076,1909f56bfc062723c751e8b465ee728b) [PhysX] Initialized MultithreadedTaskDispatcher with 16 workers.
[PhysX] Initialized MultithreadedTaskDispatcher with 16 workers.
 -> (artifact id: 'f32380e0215cdce392ca76371ed494f1') in 0.032137 seconds
Number of updated asset objects reloaded before import = 0
Number of asset objects unloaded after import = 3
========================================================================
Received Import Request.
  Time since last request: 0.000017 seconds.
  path: Assets/RoadArchitect/Materials/FedSigns/Diamond/General/FireEngine.mat
  artifactKey: Guid(61e556866a173b94aad5db677923b332) Importer(815301076,1909f56bfc062723c751e8b465ee728b)
Start importing Assets/RoadArchitect/Materials/FedSigns/Diamond/General/FireEngine.mat using Guid(61e556866a173b94aad5db677923b332) Importer(815301076,1909f56bfc062723c751e8b465ee728b) [PhysX] Initialized MultithreadedTaskDispatcher with 16 workers.
[PhysX] Initialized MultithreadedTaskDispatcher with 16 workers.
 -> (artifact id: '742e9edcc4ce527c77e57a9cf03295fc') in 0.037380 seconds
Number of updated asset objects reloaded before import = 0
Number of asset objects unloaded after import = 3
========================================================================
Received Import Request.
  Time since last request: 0.100599 seconds.
  path: Assets/RoadArchitect/Materials/FedSigns/396/EndSchoolZone.mat
  artifactKey: Guid(b3e86b9d709fae84fb5afbc56fdca84b) Importer(815301076,1909f56bfc062723c751e8b465ee728b)
Start importing Assets/RoadArchitect/Materials/FedSigns/396/EndSchoolZone.mat using Guid(b3e86b9d709fae84fb5afbc56fdca84b) Importer(815301076,1909f56bfc062723c751e8b465ee728b) [PhysX] Initialized MultithreadedTaskDispatcher with 16 workers.
[PhysX] Initialized MultithreadedTaskDispatcher with 16 workers.
 -> (artifact id: '2f8bb99009d173af2c84b331603ce341') in 0.041156 seconds
Number of updated asset objects reloaded before import = 0
Number of asset objects unloaded after import = 3
========================================================================
Received Import Request.
  Time since last request: 0.000018 seconds.
  path: Assets/Simple city plain/Mesh/Materials/Facade_02.mat
  artifactKey: Guid(aefba34e1a80f7b4087c41908d90a4ff) Importer(815301076,1909f56bfc062723c751e8b465ee728b)
Start importing Assets/Simple city plain/Mesh/Materials/Facade_02.mat using Guid(aefba34e1a80f7b4087c41908d90a4ff) Importer(815301076,1909f56bfc062723c751e8b465ee728b) [PhysX] Initialized MultithreadedTaskDispatcher with 16 workers.
[PhysX] Initialized MultithreadedTaskDispatcher with 16 workers.
 -> (artifact id: 'd1441e50153e126f3df13c439f258f11') in 0.024988 seconds
Number of updated asset objects reloaded before import = 0
Number of asset objects unloaded after import = 1
========================================================================
Received Import Request.
  Time since last request: 0.000015 seconds.
  path: Assets/Simple city plain/Mesh/Materials/Facade_01.mat
  artifactKey: Guid(598e89195212e794c98ea2772a95f7c7) Importer(815301076,1909f56bfc062723c751e8b465ee728b)
Start importing Assets/Simple city plain/Mesh/Materials/Facade_01.mat using Guid(598e89195212e794c98ea2772a95f7c7) Importer(815301076,1909f56bfc062723c751e8b465ee728b) [PhysX] Initialized MultithreadedTaskDispatcher with 16 workers.
[PhysX] Initialized MultithreadedTaskDispatcher with 16 workers.
 -> (artifact id: '56634faaeded02e3b6cf7cae431bb804') in 0.023820 seconds
Number of updated asset objects reloaded before import = 0
Number of asset objects unloaded after import = 1
========================================================================
Received Import Request.
  Time since last request: 0.000088 seconds.
  path: Assets/RoadArchitect/Materials/FedSigns/617/ExceptSundaysAndHolidays.mat
  artifactKey: Guid(411289b6c3e64334ab825d162c5a65f9) Importer(815301076,1909f56bfc062723c751e8b465ee728b)
Start importing Assets/RoadArchitect/Materials/FedSigns/617/ExceptSundaysAndHolidays.mat using Guid(411289b6c3e64334ab825d162c5a65f9) Importer(815301076,1909f56bfc062723c751e8b465ee728b) [PhysX] Initialized MultithreadedTaskDispatcher with 16 workers.
[PhysX] Initialized MultithreadedTaskDispatcher with 16 workers.
 -> (artifact id: 'f2e9581f5901fa0ab519e9e1ff7499ba') in 0.022814 seconds
Number of updated asset objects reloaded before import = 0
Number of asset objects unloaded after import = 3
========================================================================
Received Import Request.
  Time since last request: 0.000024 seconds.
  path: Assets/Simple city plain/Material & Texture/Colors_buildings/F3.mat
  artifactKey: Guid(2d6209e982156604ea6d7c513bc7b774) Importer(815301076,1909f56bfc062723c751e8b465ee728b)
Start importing Assets/Simple city plain/Material & Texture/Colors_buildings/F3.mat using Guid(2d6209e982156604ea6d7c513bc7b774) Importer(815301076,1909f56bfc062723c751e8b465ee728b) [PhysX] Initialized MultithreadedTaskDispatcher with 16 workers.
[PhysX] Initialized MultithreadedTaskDispatcher with 16 workers.
 -> (artifact id: '9e64abfae52ffa7cbb06526a1c561ac3') in 0.006668 seconds
Number of updated asset objects reloaded before import = 0
Number of asset objects unloaded after import = 1
========================================================================
Received Import Request.
  Time since last request: 0.141816 seconds.
  path: Assets/Simple city plain/Material & Texture/Colors_buildings/E3.mat
  artifactKey: Guid(4e806bb1fdee85a44aca49978bc274e7) Importer(815301076,1909f56bfc062723c751e8b465ee728b)
Start importing Assets/Simple city plain/Material & Texture/Colors_buildings/E3.mat using Guid(4e806bb1fdee85a44aca49978bc274e7) Importer(815301076,1909f56bfc062723c751e8b465ee728b) [PhysX] Initialized MultithreadedTaskDispatcher with 16 workers.
[PhysX] Initialized MultithreadedTaskDispatcher with 16 workers.
 -> (artifact id: '0e473e77186a86b90f3b64327e9ee88d') in 0.007406 seconds
Number of updated asset objects reloaded before import = 0
Number of asset objects unloaded after import = 1
========================================================================
Received Import Request.
  Time since last request: 13.424838 seconds.
  path: Assets/RoadArchitect/Materials/FedSigns/Diamond/General/DeadEnd.mat
  artifactKey: Guid(5c91db2edffe90a45903cc4102b1fedf) Importer(815301076,1909f56bfc062723c751e8b465ee728b)
Start importing Assets/RoadArchitect/Materials/FedSigns/Diamond/General/DeadEnd.mat using Guid(5c91db2edffe90a45903cc4102b1fedf) Importer(815301076,1909f56bfc062723c751e8b465ee728b) [PhysX] Initialized MultithreadedTaskDispatcher with 16 workers.
[PhysX] Initialized MultithreadedTaskDispatcher with 16 workers.
 -> (artifact id: '48f50944896471546f2754e4f845b436') in 0.024500 seconds
Number of updated asset objects reloaded before import = 0
Number of asset objects unloaded after import = 3
========================================================================
Received Import Request.
  Time since last request: 0.000014 seconds.
  path: Assets/RoadArchitect/Materials/FedSigns/Diamond/Children/DeafChild.mat
  artifactKey: Guid(9daecb25756546e46a1ec9e272da0220) Importer(815301076,1909f56bfc062723c751e8b465ee728b)
Start importing Assets/RoadArchitect/Materials/FedSigns/Diamond/Children/DeafChild.mat using Guid(9daecb25756546e46a1ec9e272da0220) Importer(815301076,1909f56bfc062723c751e8b465ee728b) [PhysX] Initialized MultithreadedTaskDispatcher with 16 workers.
[PhysX] Initialized MultithreadedTaskDispatcher with 16 workers.
 -> (artifact id: 'dfd761882ce2172487b553272df81996') in 0.015312 seconds
Number of updated asset objects reloaded before import = 0
Number of asset objects unloaded after import = 3
Editor requested this worker to shutdown with reason: Scaling down because of idle timeout
TcpMessagingSession - receive error: operation aborted. errorcode: 995, details: The I/O operation has been aborted because of either a thread exit or an application request.
AssetImportWorker is now disconnected from the server
Process exiting
Exiting without the bug reporter. Application will terminate with return code 0