Using pre-set license
Built from '2022.3/staging' branch; Version is '2022.3.36f1 (95a4219250e5) revision 9806881'; Using compiler version '192829333'; Build Type 'Release'
OS: 'Windows 11  (10.0.22631) 64bit Professional' Language: 'en' Physical Memory: 15713 MB
BatchMode: 1, IsHumanControllingUs: 0, StartBugReporterOnCrash: 0, Is64bit: 1, IsPro: 1

COMMAND LINE ARGUMENTS:
C:\Program Files\Unity\Hub\Editor\2022.3.36f1\Editor\Unity.exe
-adb2
-batchMode
-noUpm
-name
AssetImportWorker41
-projectPath
C:/Users/emiry/Documents/GitHub/U80
-logFile
Logs/AssetImportWorker41.log
-srvPort
57102
Successfully changed project path to: C:/Users/emiry/Documents/GitHub/U80
C:/Users/emiry/Documents/GitHub/U80
[UnityMemory] Configuration Parameters - Can be set up in boot.config
    "memorysetup-bucket-allocator-granularity=16"
    "memorysetup-bucket-allocator-bucket-count=8"
    "memorysetup-bucket-allocator-block-size=33554432"
    "memorysetup-bucket-allocator-block-count=8"
    "memorysetup-main-allocator-block-size=16777216"
    "memorysetup-thread-allocator-block-size=16777216"
    "memorysetup-gfx-main-allocator-block-size=16777216"
    "memorysetup-gfx-thread-allocator-block-size=16777216"
    "memorysetup-cache-allocator-block-size=4194304"
    "memorysetup-typetree-allocator-block-size=2097152"
    "memorysetup-profiler-bucket-allocator-granularity=16"
    "memorysetup-profiler-bucket-allocator-bucket-count=8"
    "memorysetup-profiler-bucket-allocator-block-size=33554432"
    "memorysetup-profiler-bucket-allocator-block-count=8"
    "memorysetup-profiler-allocator-block-size=16777216"
    "memorysetup-profiler-editor-allocator-block-size=1048576"
    "memorysetup-temp-allocator-size-main=16777216"
    "memorysetup-job-temp-allocator-block-size=2097152"
    "memorysetup-job-temp-allocator-block-size-background=1048576"
    "memorysetup-job-temp-allocator-reduction-small-platforms=262144"
    "memorysetup-allocator-temp-initial-block-size-main=262144"
    "memorysetup-allocator-temp-initial-block-size-worker=262144"
    "memorysetup-temp-allocator-size-background-worker=32768"
    "memorysetup-temp-allocator-size-job-worker=262144"
    "memorysetup-temp-allocator-size-preload-manager=33554432"
    "memorysetup-temp-allocator-size-nav-mesh-worker=65536"
    "memorysetup-temp-allocator-size-audio-worker=65536"
    "memorysetup-temp-allocator-size-cloud-worker=32768"
    "memorysetup-temp-allocator-size-gi-baking-worker=262144"
    "memorysetup-temp-allocator-size-gfx=262144"
Player connection [36768] Host "[IP] 192.168.0.19 [Port] 0 [Flags] 2 [Guid] 410862512 [EditorId] 410862512 [Version] 1048832 [Id] WindowsEditor(7,Hootbu) [Debug] 1 [PackageName] WindowsEditor [ProjectName] Editor" joined multi-casting on [225.0.0.222:54997]...

Player connection [36768] Host "[IP] 192.168.0.19 [Port] 0 [Flags] 2 [Guid] 410862512 [EditorId] 410862512 [Version] 1048832 [Id] WindowsEditor(7,Hootbu) [Debug] 1 [PackageName] WindowsEditor [ProjectName] Editor" joined alternative multi-casting on [225.0.0.222:34997]...

[PhysX] Initialized MultithreadedTaskDispatcher with 16 workers.
Refreshing native plugins compatible for Editor in 8.42 ms, found 3 plugins.
Preloading 0 native plugins for Editor in 0.00 ms.
Initialize engine version: 2022.3.36f1 (95a4219250e5)
[Subsystems] Discovering subsystems at path C:/Program Files/Unity/Hub/Editor/2022.3.36f1/Editor/Data/Resources/UnitySubsystems
[Subsystems] Discovering subsystems at path C:/Users/emiry/Documents/GitHub/U80/Assets
GfxDevice: creating device client; threaded=0; jobified=0
Direct3D:
    Version:  Direct3D 11.0 [level 11.1]
    Renderer: NVIDIA GeForce RTX 3050 Ti Laptop GPU (ID=0x25a0)
    Vendor:   NVIDIA
    VRAM:     3962 MB
    Driver:   32.0.15.6070
Initialize mono
Mono path[0] = 'C:/Program Files/Unity/Hub/Editor/2022.3.36f1/Editor/Data/Managed'
Mono path[1] = 'C:/Program Files/Unity/Hub/Editor/2022.3.36f1/Editor/Data/MonoBleedingEdge/lib/mono/unityjit-win32'
Mono config path = 'C:/Program Files/Unity/Hub/Editor/2022.3.36f1/Editor/Data/MonoBleedingEdge/etc'
Using monoOptions --debugger-agent=transport=dt_socket,embedding=1,server=y,suspend=n,address=127.0.0.1:56064
Begin MonoManager ReloadAssembly
Registering precompiled unity dll's ...
Register platform support module: C:/Program Files/Unity/Hub/Editor/2022.3.36f1/Editor/Data/PlaybackEngines/WindowsStandaloneSupport/UnityEditor.WindowsStandalone.Extensions.dll
Registered in 0.006747 seconds.
- Loaded All Assemblies, in  0.309 seconds
Native extension for WindowsStandalone target not found
Mono: successfully reloaded assembly
- Finished resetting the current domain, in  0.248 seconds
Domain Reload Profiling: 555ms
	BeginReloadAssembly (99ms)
		ExecutionOrderSort (0ms)
		DisableScriptedObjects (0ms)
		BackupInstance (0ms)
		ReleaseScriptingObjects (0ms)
		CreateAndSetChildDomain (1ms)
	RebuildCommonClasses (31ms)
	RebuildNativeTypeToScriptingClass (9ms)
	initialDomainReloadingComplete (55ms)
	LoadAllAssembliesAndSetupDomain (113ms)
		LoadAssemblies (98ms)
		RebuildTransferFunctionScriptingTraits (0ms)
		AnalyzeDomain (111ms)
			TypeCache.Refresh (110ms)
				TypeCache.ScanAssembly (99ms)
			ScanForSourceGeneratedMonoScriptInfo (0ms)
			ResolveRequiredComponents (0ms)
	FinalizeReload (248ms)
		ReleaseScriptCaches (0ms)
		RebuildScriptCaches (0ms)
		SetupLoadedEditorAssemblies (196ms)
			LogAssemblyErrors (0ms)
			InitializePlatformSupportModulesInManaged (9ms)
			SetLoadedEditorAssemblies (7ms)
			RefreshPlugins (0ms)
			BeforeProcessingInitializeOnLoad (2ms)
			ProcessInitializeOnLoadAttributes (135ms)
			ProcessInitializeOnLoadMethodAttributes (43ms)
			AfterProcessingInitializeOnLoad (0ms)
			EditorAssembliesLoaded (0ms)
		ExecutionOrderSort2 (0ms)
		AwakeInstancesAfterBackupRestoration (0ms)
========================================================================
Worker process is ready to serve import requests
Begin MonoManager ReloadAssembly
- Loaded All Assemblies, in  0.587 seconds
Refreshing native plugins compatible for Editor in 3.66 ms, found 3 plugins.
Native extension for WindowsStandalone target not found
Package Manager log level set to [2]
[Package Manager] Server::EnsureServerProcessIsRunning -- launch failed, reason: Unity was launched with the -noUpm command-line argument
[Package Manager] UpmClient::Send -- Unable to send message (not connected to UPM process).
[Package Manager] Cannot connect to Unity Package Manager local server
Mono: successfully reloaded assembly
- Finished resetting the current domain, in  0.668 seconds
Domain Reload Profiling: 1252ms
	BeginReloadAssembly (145ms)
		ExecutionOrderSort (0ms)
		DisableScriptedObjects (6ms)
		BackupInstance (0ms)
		ReleaseScriptingObjects (0ms)
		CreateAndSetChildDomain (21ms)
	RebuildCommonClasses (30ms)
	RebuildNativeTypeToScriptingClass (9ms)
	initialDomainReloadingComplete (48ms)
	LoadAllAssembliesAndSetupDomain (351ms)
		LoadAssemblies (278ms)
		RebuildTransferFunctionScriptingTraits (0ms)
		AnalyzeDomain (157ms)
			TypeCache.Refresh (137ms)
				TypeCache.ScanAssembly (125ms)
			ScanForSourceGeneratedMonoScriptInfo (15ms)
			ResolveRequiredComponents (5ms)
	FinalizeReload (669ms)
		ReleaseScriptCaches (0ms)
		RebuildScriptCaches (0ms)
		SetupLoadedEditorAssemblies (516ms)
			LogAssemblyErrors (0ms)
			InitializePlatformSupportModulesInManaged (6ms)
			SetLoadedEditorAssemblies (4ms)
			RefreshPlugins (0ms)
			BeforeProcessingInitializeOnLoad (62ms)
			ProcessInitializeOnLoadAttributes (418ms)
			ProcessInitializeOnLoadMethodAttributes (19ms)
			AfterProcessingInitializeOnLoad (7ms)
			EditorAssembliesLoaded (0ms)
		ExecutionOrderSort2 (0ms)
		AwakeInstancesAfterBackupRestoration (7ms)
Launched and connected shader compiler UnityShaderCompiler.exe after 0.06 seconds
Refreshing native plugins compatible for Editor in 3.72 ms, found 3 plugins.
Preloading 0 native plugins for Editor in 0.00 ms.
Unloading 3865 Unused Serialized files (Serialized files now loaded: 0)
Unloading 69 unused Assets / (2.0 MB). Loaded Objects now: 4360.
Memory consumption went from 209.4 MB to 207.4 MB.
Total: 3.935300 ms (FindLiveObjects: 0.274500 ms CreateObjectMapping: 0.216700 ms MarkObjects: 2.872100 ms  DeleteObjects: 0.571100 ms)

AssetImportParameters requested are different than current active one (requested -> active):
  custom:scripting/monoscript/fileName/ProOnlyRangeDrawer.cs: 06dbe8928c84ff230293cb0233df1ecf -> 
  custom:scripting/monoscript/fileName/UMouseExample.cs: 06ff0cf67586c692ac70428e7b92deb0 -> 
  custom:container-demuxer-ogg: 62fdf1f143b41e24485cea50d1cbac27 -> 
  custom:scripting/monoscript/fileName/UaMenu.cs: 82495984b996c9bd458f6dae6952899d -> 
  custom:scripting/monoscript/fileName/TypeSpecBus.cs: bdf891ea43972f99bd350e20e54e2548 -> 
  custom:scripting/monoscript/fileName/LUAppState.cs: dd879bee3a6e5af3d4125fb39f7658a2 -> 
  custom:video-codec-MediaFoundation-h265: 746d11721c4dcdbdad8f713fa42b33f4 -> 
  custom:video-decoder-ogg-theora: a1e56fd34408186e4bbccfd4996cb3dc -> 
  custom:scripting/monoscript/fileName/UStateHandlerExample.cs: e2354a47a3578f345f469a64b7c2ae88 -> 
  custom:scripting/monoscript/fileName/TypeSpecCar.cs: 4ae669c0479d6ce0b8b48d42f088c449 -> 
  custom:framework-win-MediaFoundation: 216162199b28c13a410421893ffa2e32 -> 
  custom:scripting/monoscript/fileName/VRoadProWindow.cs: 5c5b5f6b5b4591c405e6482a71222208 -> 
  custom:scripting/monoscript/fileName/URunTraffic.cs: ecda640a73b5f1869b517619e1535e85 -> 
  custom:scripting/monoscript/fileName/UaPlaySim.cs: 961b6e95b7d27f67e651da849808769f -> 
  custom:CustomObjectIndexerAttribute: 9a22284fe3817be447336de3de66b15e -> 
  custom:scripting/monoscript/fileName/UBuildMap.cs: ba6ca95d60e8dfb71d7ea960ed721b0a -> 
  custom:scripting/monoscript/fileName/UaCamControllerMain.cs: 608d6bfa8bce69f6af7eb0956d66c3f8 -> 
  custom:scripting/monoscript/fileName/Inspectable.cs: 8ead47a13b172630a7ed4c5efe8f13a0 -> 
  custom:container-demuxer-webm: 4f35f7cbe854078d1ac9338744f61a02 -> 
  custom:scripting/monoscript/fileName/UaMapMesh.cs: b66190f0285420f3bc2605dda63a5078 -> 
  custom:scripting/monoscript/fileName/UaBotHandler.cs: 795d79af38c398cb95c812b8006d49f7 -> 
  custom:scripting/monoscript/fileName/UaMapMeshMod.cs: c4833c742638c0c376d232484c33ef08 -> 
  custom:scripting/monoscript/fileName/UaMouse.cs: 990db2078e3ac352b1ad7f578047ae37 -> 
  custom:scripting/monoscript/fileName/TypeSpecTrailer.cs: c3ba11576f622c42f695f463ca32201e -> 
  custom:scripting/monoscript/fileName/VRoadEditorWindow.cs: 4521b77ca15c3f0d13a89bae499f7fad -> 
  custom:container-muxer-webm: aa71ff27fc2769a1b78a27578f13a17b -> 
  custom:scripting/monoscript/fileName/UPlaySimExamplePrefab.cs: d45adc0f0aa2cbdc230e508f78c98512 -> 
  custom:scripting/monoscript/fileName/SubMesh.cs: 97ce68bef3a65664402b82bdbf7ec7f2 -> 
  custom:video-decoder-webm-vp8: 9c59270c3fd7afecdb556c50c9e8de78 -> 
  custom:scripting/monoscript/fileName/MeshTools.cs: bc8e9953a6f81d796be6a4867efbeca6 -> 
  custom:SearchIndexIgnoredProperties: e643bd26f0fe6173181afceb89e7c659 -> 
  custom:AudioImporter_EditorPlatform: d09bf68614088b80899f8185d706f6e7 -> 
  custom:scripting/monoscript/fileName/XyzExtensions.cs: 699a038b2c4b7bdfd27595f05c673221 -> 
  custom:scripting/monoscript/fileName/ProOnlyDrawer.cs: 140c74f6d98aa6a2f75693f5a2cf72de -> 
  custom:scripting/monoscript/fileName/URunTrafficAndroid.cs: 13ba57ee74ec160ed8ca441a704aed81 -> 
  custom:scripting/monoscript/fileName/UPlaySimExample.cs: db2853e1d5d0b0b01a3cea3bd2175faa -> 
  custom:scripting/monoscript/fileName/SceneSaveMonitor.cs: 002ada5a09e4c3ea15cbb45620dd9ea4 -> 
  custom:scripting/monoscript/fileName/NamedSubMesh.cs: f9f93af626b46fe3d18408f6771d72b8 -> 
  custom:scripting/monoscript/fileName/TypeSpecTruck.cs: 4e1a951ed4ac097814c5926b8bcf0bd6 -> 
  custom:video-encoder-webm-vp8: eb34c28f22e8b96e1ab97ce403110664 -> 
  custom:scripting/monoscript/fileName/UExitHandler.cs: 65b422a42c87c5906ca5ab6c9917cd3f -> 
  custom:scripting/monoscript/fileName/ReadOnlyDrawer.cs: b26c4fb1328166ff0500ab0eb78a23c9 -> 
  custom:scripting/monoscript/fileName/AnimatorPedEventReceiver.cs: 02970d66fc89aa32d11fbf4ed57b2393 -> 
  custom:audio-decoder-ogg-vorbis: bf7c407c2cedff20999df2af8eb42d56 -> 
  custom:scripting/monoscript/fileName/UExternalReporterExample.cs: b47dced26726bc1c6cca3385d51d545e -> 
  custom:scripting/monoscript/fileName/UaGamePad.cs: c009e1ef2c316b725495851113c4bcc1 -> 
  custom:scripting/monoscript/fileName/UComment.cs: 2f18d587f279c5c266364d1be9c69d89 -> 
  custom:scripting/monoscript/fileName/UaStateHandler.cs: 2c899633784028fc2ed2ec0f88d26ad5 -> 
  custom:scripting/monoscript/fileName/VRoadWindow.cs: 9b3e75131f5e1d1006211fcab64dc0d7 -> 
  custom:scripting/monoscript/fileName/RoofWrapper.cs: 1e67134df3309cf12ec355d1e5f72a72 -> 
  custom:scripting/monoscript/fileName/UCamControllerExample.cs: d60969678431ad1e2c929f367987fdf1 -> 
  custom:scripting/monoscript/fileName/UBotHandlerExample.cs: a6b4b3b74faa6205a93a9c9249a520f5 -> 
  custom:scripting/monoscript/fileName/UaExternalReporter.cs: 9f8124b70e002cfea54794948b421510 -> 
  custom:audio-encoder-webm-vorbis: bf7c407c2cedff20999df2af8eb42d56 -> 
  custom:scripting/monoscript/fileName/UMenuExample.cs: a5fe31719e8c44b99bec5f364b1a80dc -> 
  custom:scripting/monoscript/fileName/ExternalMapBuilder.cs: e8b19924eeafd6b5db8da6982614af93 -> 
  custom:scripting/monoscript/fileName/UMapMeshExample.cs: aaf935164b4a0db731a09f13538b3a9f -> 
  custom:scripting/monoscript/fileName/SA.cs: 2a89a45dff2f5d604c0dc515647f54f9 -> 
Editor requested this worker to shutdown with reason: Scaling down because of idle timeout
TcpMessagingSession - receive error: operation aborted. errorcode: 995, details: The I/O operation has been aborted because of either a thread exit or an application request.
AssetImportWorker is now disconnected from the server
Process exiting
Exiting without the bug reporter. Application will terminate with return code 0