Using pre-set license
Built from '2022.3/staging' branch; Version is '2022.3.36f1 (95a4219250e5) revision 9806881'; Using compiler version '192829333'; Build Type 'Release'
OS: 'Windows 11  (10.0.22631) 64bit Professional' Language: 'en' Physical Memory: 15713 MB
BatchMode: 1, IsHumanControllingUs: 0, StartBugReporterOnCrash: 0, Is64bit: 1, IsPro: 1

COMMAND LINE ARGUMENTS:
C:\Program Files\Unity\Hub\Editor\2022.3.36f1\Editor\Unity.exe
-adb2
-batchMode
-noUpm
-name
AssetImportWorker9
-projectPath
C:/Unity/Google/BootcampU80
-logFile
Logs/AssetImportWorker9.log
-srvPort
55318
Successfully changed project path to: C:/Unity/Google/BootcampU80
C:/Unity/Google/BootcampU80
[UnityMemory] Configuration Parameters - Can be set up in boot.config
    "memorysetup-bucket-allocator-granularity=16"
    "memorysetup-bucket-allocator-bucket-count=8"
    "memorysetup-bucket-allocator-block-size=33554432"
    "memorysetup-bucket-allocator-block-count=8"
    "memorysetup-main-allocator-block-size=16777216"
    "memorysetup-thread-allocator-block-size=16777216"
    "memorysetup-gfx-main-allocator-block-size=16777216"
    "memorysetup-gfx-thread-allocator-block-size=16777216"
    "memorysetup-cache-allocator-block-size=4194304"
    "memorysetup-typetree-allocator-block-size=2097152"
    "memorysetup-profiler-bucket-allocator-granularity=16"
    "memorysetup-profiler-bucket-allocator-bucket-count=8"
    "memorysetup-profiler-bucket-allocator-block-size=33554432"
    "memorysetup-profiler-bucket-allocator-block-count=8"
    "memorysetup-profiler-allocator-block-size=16777216"
    "memorysetup-profiler-editor-allocator-block-size=1048576"
    "memorysetup-temp-allocator-size-main=16777216"
    "memorysetup-job-temp-allocator-block-size=2097152"
    "memorysetup-job-temp-allocator-block-size-background=1048576"
    "memorysetup-job-temp-allocator-reduction-small-platforms=262144"
    "memorysetup-allocator-temp-initial-block-size-main=262144"
    "memorysetup-allocator-temp-initial-block-size-worker=262144"
    "memorysetup-temp-allocator-size-background-worker=32768"
    "memorysetup-temp-allocator-size-job-worker=262144"
    "memorysetup-temp-allocator-size-preload-manager=33554432"
    "memorysetup-temp-allocator-size-nav-mesh-worker=65536"
    "memorysetup-temp-allocator-size-audio-worker=65536"
    "memorysetup-temp-allocator-size-cloud-worker=32768"
    "memorysetup-temp-allocator-size-gi-baking-worker=262144"
    "memorysetup-temp-allocator-size-gfx=262144"
Player connection [28220] Host "[IP] 192.168.0.19 [Port] 0 [Flags] 2 [Guid] 1904845645 [EditorId] 1904845645 [Version] 1048832 [Id] WindowsEditor(7,Hootbu) [Debug] 1 [PackageName] WindowsEditor [ProjectName] Editor" joined multi-casting on [225.0.0.222:54997]...

Player connection [28220] Host "[IP] 192.168.0.19 [Port] 0 [Flags] 2 [Guid] 1904845645 [EditorId] 1904845645 [Version] 1048832 [Id] WindowsEditor(7,Hootbu) [Debug] 1 [PackageName] WindowsEditor [ProjectName] Editor" joined alternative multi-casting on [225.0.0.222:34997]...

[PhysX] Initialized MultithreadedTaskDispatcher with 16 workers.
Refreshing native plugins compatible for Editor in 10.95 ms, found 3 plugins.
Preloading 0 native plugins for Editor in 0.00 ms.
Initialize engine version: 2022.3.36f1 (95a4219250e5)
[Subsystems] Discovering subsystems at path C:/Program Files/Unity/Hub/Editor/2022.3.36f1/Editor/Data/Resources/UnitySubsystems
[Subsystems] Discovering subsystems at path C:/Unity/Google/BootcampU80/Assets
GfxDevice: creating device client; threaded=0; jobified=0
Direct3D:
    Version:  Direct3D 11.0 [level 11.1]
    Renderer: NVIDIA GeForce RTX 3050 Ti Laptop GPU (ID=0x25a0)
    Vendor:   NVIDIA
    VRAM:     3962 MB
    Driver:   32.0.15.5612
Initialize mono
Mono path[0] = 'C:/Program Files/Unity/Hub/Editor/2022.3.36f1/Editor/Data/Managed'
Mono path[1] = 'C:/Program Files/Unity/Hub/Editor/2022.3.36f1/Editor/Data/MonoBleedingEdge/lib/mono/unityjit-win32'
Mono config path = 'C:/Program Files/Unity/Hub/Editor/2022.3.36f1/Editor/Data/MonoBleedingEdge/etc'
Using monoOptions --debugger-agent=transport=dt_socket,embedding=1,server=y,suspend=n,address=127.0.0.1:56476
Begin MonoManager ReloadAssembly
Registering precompiled unity dll's ...
Register platform support module: C:/Program Files/Unity/Hub/Editor/2022.3.36f1/Editor/Data/PlaybackEngines/WindowsStandaloneSupport/UnityEditor.WindowsStandalone.Extensions.dll
Registered in 0.007377 seconds.
- Loaded All Assemblies, in  0.334 seconds
Native extension for WindowsStandalone target not found
Mono: successfully reloaded assembly
- Finished resetting the current domain, in  0.253 seconds
Domain Reload Profiling: 585ms
	BeginReloadAssembly (116ms)
		ExecutionOrderSort (0ms)
		DisableScriptedObjects (0ms)
		BackupInstance (0ms)
		ReleaseScriptingObjects (0ms)
		CreateAndSetChildDomain (1ms)
	RebuildCommonClasses (30ms)
	RebuildNativeTypeToScriptingClass (9ms)
	initialDomainReloadingComplete (58ms)
	LoadAllAssembliesAndSetupDomain (119ms)
		LoadAssemblies (114ms)
		RebuildTransferFunctionScriptingTraits (0ms)
		AnalyzeDomain (117ms)
			TypeCache.Refresh (116ms)
				TypeCache.ScanAssembly (104ms)
			ScanForSourceGeneratedMonoScriptInfo (0ms)
			ResolveRequiredComponents (0ms)
	FinalizeReload (254ms)
		ReleaseScriptCaches (0ms)
		RebuildScriptCaches (0ms)
		SetupLoadedEditorAssemblies (201ms)
			LogAssemblyErrors (0ms)
			InitializePlatformSupportModulesInManaged (9ms)
			SetLoadedEditorAssemblies (7ms)
			RefreshPlugins (0ms)
			BeforeProcessingInitializeOnLoad (2ms)
			ProcessInitializeOnLoadAttributes (139ms)
			ProcessInitializeOnLoadMethodAttributes (44ms)
			AfterProcessingInitializeOnLoad (0ms)
			EditorAssembliesLoaded (0ms)
		ExecutionOrderSort2 (0ms)
		AwakeInstancesAfterBackupRestoration (0ms)
========================================================================
Worker process is ready to serve import requests
Begin MonoManager ReloadAssembly
- Loaded All Assemblies, in  0.648 seconds
Refreshing native plugins compatible for Editor in 3.94 ms, found 3 plugins.
Native extension for WindowsStandalone target not found
Package Manager log level set to [2]
[Package Manager] Server::EnsureServerProcessIsRunning -- launch failed, reason: Unity was launched with the -noUpm command-line argument
[Package Manager] UpmClient::Send -- Unable to send message (not connected to UPM process).
[Package Manager] Cannot connect to Unity Package Manager local server
Mono: successfully reloaded assembly
- Finished resetting the current domain, in  0.668 seconds
Domain Reload Profiling: 1313ms
	BeginReloadAssembly (143ms)
		ExecutionOrderSort (0ms)
		DisableScriptedObjects (5ms)
		BackupInstance (0ms)
		ReleaseScriptingObjects (0ms)
		CreateAndSetChildDomain (23ms)
	RebuildCommonClasses (30ms)
	RebuildNativeTypeToScriptingClass (10ms)
	initialDomainReloadingComplete (45ms)
	LoadAllAssembliesAndSetupDomain (417ms)
		LoadAssemblies (302ms)
		RebuildTransferFunctionScriptingTraits (0ms)
		AnalyzeDomain (195ms)
			TypeCache.Refresh (168ms)
				TypeCache.ScanAssembly (152ms)
			ScanForSourceGeneratedMonoScriptInfo (21ms)
			ResolveRequiredComponents (4ms)
	FinalizeReload (668ms)
		ReleaseScriptCaches (0ms)
		RebuildScriptCaches (0ms)
		SetupLoadedEditorAssemblies (509ms)
			LogAssemblyErrors (0ms)
			InitializePlatformSupportModulesInManaged (7ms)
			SetLoadedEditorAssemblies (5ms)
			RefreshPlugins (0ms)
			BeforeProcessingInitializeOnLoad (66ms)
			ProcessInitializeOnLoadAttributes (403ms)
			ProcessInitializeOnLoadMethodAttributes (19ms)
			AfterProcessingInitializeOnLoad (8ms)
			EditorAssembliesLoaded (0ms)
		ExecutionOrderSort2 (0ms)
		AwakeInstancesAfterBackupRestoration (6ms)
Launched and connected shader compiler UnityShaderCompiler.exe after 0.09 seconds
Refreshing native plugins compatible for Editor in 3.66 ms, found 3 plugins.
Preloading 0 native plugins for Editor in 0.00 ms.
Unloading 3420 Unused Serialized files (Serialized files now loaded: 0)
Unloading 61 unused Assets / (1.8 MB). Loaded Objects now: 3910.
Memory consumption went from 193.4 MB to 191.6 MB.
Total: 3.523400 ms (FindLiveObjects: 0.261000 ms CreateObjectMapping: 0.179900 ms MarkObjects: 2.594500 ms  DeleteObjects: 0.486700 ms)

AssetImportParameters requested are different than current active one (requested -> active):
  custom:container-demuxer-ogg: 62fdf1f143b41e24485cea50d1cbac27 -> 
  custom:video-codec-MediaFoundation-h265: 746d11721c4dcdbdad8f713fa42b33f4 -> 
  custom:video-decoder-ogg-theora: a1e56fd34408186e4bbccfd4996cb3dc -> 
  custom:framework-win-MediaFoundation: 216162199b28c13a410421893ffa2e32 -> 
  custom:CustomObjectIndexerAttribute: 9a22284fe3817be447336de3de66b15e -> 
  custom:container-demuxer-webm: 4f35f7cbe854078d1ac9338744f61a02 -> 
  custom:container-muxer-webm: aa71ff27fc2769a1b78a27578f13a17b -> 
  custom:video-decoder-webm-vp8: 9c59270c3fd7afecdb556c50c9e8de78 -> 
  custom:SearchIndexIgnoredProperties: e643bd26f0fe6173181afceb89e7c659 -> 
  custom:AudioImporter_EditorPlatform: d09bf68614088b80899f8185d706f6e7 -> 
  custom:video-encoder-webm-vp8: eb34c28f22e8b96e1ab97ce403110664 -> 
  custom:audio-decoder-ogg-vorbis: bf7c407c2cedff20999df2af8eb42d56 -> 
  custom:audio-encoder-webm-vorbis: bf7c407c2cedff20999df2af8eb42d56 -> 
========================================================================
Received Import Request.
  Time since last request: 143741.138279 seconds.
  path: Assets/Flooded_Grounds/PostProcessing/Utilities/CustomMotionTexture/Textures/DebugMotionVectors.png
  artifactKey: Guid(3aac3087967ea4fae858ec0494fd24d9) Importer(815301076,1909f56bfc062723c751e8b465ee728b)
Start importing Assets/Flooded_Grounds/PostProcessing/Utilities/CustomMotionTexture/Textures/DebugMotionVectors.png using Guid(3aac3087967ea4fae858ec0494fd24d9) Importer(815301076,1909f56bfc062723c751e8b465ee728b) [PhysX] Initialized MultithreadedTaskDispatcher with 16 workers.
[PhysX] Initialized MultithreadedTaskDispatcher with 16 workers.
 -> (artifact id: 'f81bb5db4c658bd9802f2861b91162e4') in 0.096105 seconds
Number of updated asset objects reloaded before import = 0
Number of asset objects unloaded after import = 2
========================================================================
Received Import Request.
  Time since last request: 0.000026 seconds.
  path: Assets/Flooded_Grounds/Content/Textures/DET_Concrete1_A.tif
  artifactKey: Guid(c862d600284db8342b7687e0e97de574) Importer(815301076,1909f56bfc062723c751e8b465ee728b)
Start importing Assets/Flooded_Grounds/Content/Textures/DET_Concrete1_A.tif using Guid(c862d600284db8342b7687e0e97de574) Importer(815301076,1909f56bfc062723c751e8b465ee728b) [PhysX] Initialized MultithreadedTaskDispatcher with 16 workers.
[PhysX] Initialized MultithreadedTaskDispatcher with 16 workers.
 -> (artifact id: '3d878a442a172d011ce59ba75b4985a3') in 0.016716 seconds
Number of updated asset objects reloaded before import = 0
Number of asset objects unloaded after import = 2
========================================================================
Received Import Request.
  Time since last request: 0.000032 seconds.
  path: Assets/RPG_FPS_game_assets_industrial/Other_props/Electric_box/Electric_box_v1/Source/Electric_box_v1.tga
  artifactKey: Guid(057064944ec7aca4dabc5785ae094d31) Importer(815301076,1909f56bfc062723c751e8b465ee728b)
Start importing Assets/RPG_FPS_game_assets_industrial/Other_props/Electric_box/Electric_box_v1/Source/Electric_box_v1.tga using Guid(057064944ec7aca4dabc5785ae094d31) Importer(815301076,1909f56bfc062723c751e8b465ee728b) [PhysX] Initialized MultithreadedTaskDispatcher with 16 workers.
[PhysX] Initialized MultithreadedTaskDispatcher with 16 workers.
 -> (artifact id: 'ddea7a8849a22de14e5d77998eaf2afe') in 0.015648 seconds
Number of updated asset objects reloaded before import = 0
Number of asset objects unloaded after import = 2
========================================================================
Received Import Request.
  Time since last request: 0.000036 seconds.
  path: Assets/Flooded_Grounds/Content/Textures/DET_Concrete1_N.tif
  artifactKey: Guid(276e4162aef7f994fafc01a3e444900c) Importer(815301076,1909f56bfc062723c751e8b465ee728b)
Start importing Assets/Flooded_Grounds/Content/Textures/DET_Concrete1_N.tif using Guid(276e4162aef7f994fafc01a3e444900c) Importer(815301076,1909f56bfc062723c751e8b465ee728b) [PhysX] Initialized MultithreadedTaskDispatcher with 16 workers.
[PhysX] Initialized MultithreadedTaskDispatcher with 16 workers.
 -> (artifact id: 'd3aa248ba1c0614da647950010d5fe30') in 0.044040 seconds
Number of updated asset objects reloaded before import = 0
Number of asset objects unloaded after import = 2
========================================================================
Received Import Request.
  Time since last request: 0.000022 seconds.
  path: Assets/Flooded_Grounds/Prefabs/Nature/Trees/TreeCreator_Crinkly_A_Textures/diffuse.png
  artifactKey: Guid(751f84b02bf3975469a3bab18df92ab2) Importer(815301076,1909f56bfc062723c751e8b465ee728b)
Start importing Assets/Flooded_Grounds/Prefabs/Nature/Trees/TreeCreator_Crinkly_A_Textures/diffuse.png using Guid(751f84b02bf3975469a3bab18df92ab2) Importer(815301076,1909f56bfc062723c751e8b465ee728b) [PhysX] Initialized MultithreadedTaskDispatcher with 16 workers.
[PhysX] Initialized MultithreadedTaskDispatcher with 16 workers.
 -> (artifact id: 'b2008bf920632e4bee8a3cc68610633d') in 0.020185 seconds
Number of updated asset objects reloaded before import = 0
Number of asset objects unloaded after import = 2
========================================================================
Received Import Request.
  Time since last request: 0.000018 seconds.
  path: Assets/Flooded_Grounds/Content/Textures/DET_BrushMetal_N.tif
  artifactKey: Guid(388b0d1a3a79bee4e88ecf3e75515867) Importer(815301076,1909f56bfc062723c751e8b465ee728b)
Start importing Assets/Flooded_Grounds/Content/Textures/DET_BrushMetal_N.tif using Guid(388b0d1a3a79bee4e88ecf3e75515867) Importer(815301076,1909f56bfc062723c751e8b465ee728b) [PhysX] Initialized MultithreadedTaskDispatcher with 16 workers.
[PhysX] Initialized MultithreadedTaskDispatcher with 16 workers.
 -> (artifact id: '8ebb492fb70d603be96e58d279f2e9d4') in 0.014730 seconds
Number of updated asset objects reloaded before import = 0
Number of asset objects unloaded after import = 2
========================================================================
Received Import Request.
  Time since last request: 0.000015 seconds.
  path: Assets/Flooded_Grounds/Prefabs/Nature/Trees/TreeCreator_Tall_C_Dead_Textures/diffuse.png
  artifactKey: Guid(15db16efa0580034189bf40d6d163b4a) Importer(815301076,1909f56bfc062723c751e8b465ee728b)
Start importing Assets/Flooded_Grounds/Prefabs/Nature/Trees/TreeCreator_Tall_C_Dead_Textures/diffuse.png using Guid(15db16efa0580034189bf40d6d163b4a) Importer(815301076,1909f56bfc062723c751e8b465ee728b) [PhysX] Initialized MultithreadedTaskDispatcher with 16 workers.
[PhysX] Initialized MultithreadedTaskDispatcher with 16 workers.
 -> (artifact id: '43b100114dd96b8899e019ec787a5df2') in 0.007343 seconds
Number of updated asset objects reloaded before import = 0
Number of asset objects unloaded after import = 2
========================================================================
Received Import Request.
  Time since last request: 0.000050 seconds.
  path: Assets/Flooded_Grounds/Prefabs/Nature/Trees/TreeCreator_Small_A_Textures/diffuse.png
  artifactKey: Guid(c987d1c2e16f99941b95186a978b55be) Importer(815301076,1909f56bfc062723c751e8b465ee728b)
Start importing Assets/Flooded_Grounds/Prefabs/Nature/Trees/TreeCreator_Small_A_Textures/diffuse.png using Guid(c987d1c2e16f99941b95186a978b55be) Importer(815301076,1909f56bfc062723c751e8b465ee728b) [PhysX] Initialized MultithreadedTaskDispatcher with 16 workers.
[PhysX] Initialized MultithreadedTaskDispatcher with 16 workers.
 -> (artifact id: 'd2c1b24bd9974fa59ca77411b5e9803a') in 0.012911 seconds
Number of updated asset objects reloaded before import = 0
Number of asset objects unloaded after import = 2
========================================================================
Received Import Request.
  Time since last request: 0.000016 seconds.
  path: Assets/Flooded_Grounds/Prefabs/Nature/Trees/TreeCreator_Tall_A_Textures/diffuse.png
  artifactKey: Guid(1966f9ae5febdc34ca429301320231b2) Importer(815301076,1909f56bfc062723c751e8b465ee728b)
Start importing Assets/Flooded_Grounds/Prefabs/Nature/Trees/TreeCreator_Tall_A_Textures/diffuse.png using Guid(1966f9ae5febdc34ca429301320231b2) Importer(815301076,1909f56bfc062723c751e8b465ee728b) [PhysX] Initialized MultithreadedTaskDispatcher with 16 workers.
[PhysX] Initialized MultithreadedTaskDispatcher with 16 workers.
 -> (artifact id: '02ea6890d284f189f601fbb5f8611fea') in 0.016656 seconds
Number of updated asset objects reloaded before import = 0
Number of asset objects unloaded after import = 2
========================================================================
Received Import Request.
  Time since last request: 0.000034 seconds.
  path: Assets/RPG_FPS_game_assets_industrial/Other_props/Electric_box/Electric_box_v2/Source/Electric_box_v2.tga
  artifactKey: Guid(f2bf42e3b52f203428aedd3c24b69693) Importer(815301076,1909f56bfc062723c751e8b465ee728b)
Start importing Assets/RPG_FPS_game_assets_industrial/Other_props/Electric_box/Electric_box_v2/Source/Electric_box_v2.tga using Guid(f2bf42e3b52f203428aedd3c24b69693) Importer(815301076,1909f56bfc062723c751e8b465ee728b) [PhysX] Initialized MultithreadedTaskDispatcher with 16 workers.
[PhysX] Initialized MultithreadedTaskDispatcher with 16 workers.
 -> (artifact id: '21951f5d8249d9d2646d6cae5956f511') in 0.019585 seconds
Number of updated asset objects reloaded before import = 0
Number of asset objects unloaded after import = 2
========================================================================
Received Import Request.
  Time since last request: 0.000015 seconds.
  path: Assets/LowpolyStreetPack/Meshes/Textures/fence_01.png
  artifactKey: Guid(d2e282c317ad02943852ebb81818f5c6) Importer(815301076,1909f56bfc062723c751e8b465ee728b)
Start importing Assets/LowpolyStreetPack/Meshes/Textures/fence_01.png using Guid(d2e282c317ad02943852ebb81818f5c6) Importer(815301076,1909f56bfc062723c751e8b465ee728b) [PhysX] Initialized MultithreadedTaskDispatcher with 16 workers.
[PhysX] Initialized MultithreadedTaskDispatcher with 16 workers.
 -> (artifact id: '9b41387aa443acda0208bcdc9edda076') in 0.007919 seconds
Number of updated asset objects reloaded before import = 0
Number of asset objects unloaded after import = 2
========================================================================
Received Import Request.
  Time since last request: 0.000029 seconds.
  path: Assets/RPG_FPS_game_assets_industrial/Dumpsters/Dumpsters_v1/Source/Dumpsters_v1.tga
  artifactKey: Guid(8d573834b9816fa48b0bebb9c00194f0) Importer(815301076,1909f56bfc062723c751e8b465ee728b)
Start importing Assets/RPG_FPS_game_assets_industrial/Dumpsters/Dumpsters_v1/Source/Dumpsters_v1.tga using Guid(8d573834b9816fa48b0bebb9c00194f0) Importer(815301076,1909f56bfc062723c751e8b465ee728b) [PhysX] Initialized MultithreadedTaskDispatcher with 16 workers.
[PhysX] Initialized MultithreadedTaskDispatcher with 16 workers.
 -> (artifact id: '43f0ad57db62b63c1eefda35959ad9d2') in 0.015402 seconds
Number of updated asset objects reloaded before import = 0
Number of asset objects unloaded after import = 2
========================================================================
Received Import Request.
  Time since last request: 0.000014 seconds.
  path: Assets/RPG_FPS_game_assets_industrial/Particles/Dust/Dust_v1/Source/Dust_v1.png
  artifactKey: Guid(d7e5fde27df1afc4589bd84aa08d79af) Importer(815301076,1909f56bfc062723c751e8b465ee728b)
Start importing Assets/RPG_FPS_game_assets_industrial/Particles/Dust/Dust_v1/Source/Dust_v1.png using Guid(d7e5fde27df1afc4589bd84aa08d79af) Importer(815301076,1909f56bfc062723c751e8b465ee728b) [PhysX] Initialized MultithreadedTaskDispatcher with 16 workers.
[PhysX] Initialized MultithreadedTaskDispatcher with 16 workers.
 -> (artifact id: 'b7ec6e3dbaddd916bc200ce1609da16d') in 0.015331 seconds
Number of updated asset objects reloaded before import = 0
Number of asset objects unloaded after import = 2
========================================================================
Received Import Request.
  Time since last request: 0.226670 seconds.
  path: Assets/Flooded_Grounds/Content/Trees/SrcTextures/FOL_Branch1_N.tif
  artifactKey: Guid(8eab5014992a02147bca0eda9e602f53) Importer(815301076,1909f56bfc062723c751e8b465ee728b)
Start importing Assets/Flooded_Grounds/Content/Trees/SrcTextures/FOL_Branch1_N.tif using Guid(8eab5014992a02147bca0eda9e602f53) Importer(815301076,1909f56bfc062723c751e8b465ee728b) [PhysX] Initialized MultithreadedTaskDispatcher with 16 workers.
[PhysX] Initialized MultithreadedTaskDispatcher with 16 workers.
 -> (artifact id: 'bc9c798329911dccceee9ab00c99884a') in 0.024157 seconds
Number of updated asset objects reloaded before import = 0
Number of asset objects unloaded after import = 2
========================================================================
Received Import Request.
  Time since last request: 0.000016 seconds.
  path: Assets/Flooded_Grounds/Content/Trees/SrcTextures/FOL_BushFlower1_N.tif
  artifactKey: Guid(caf13ffc086061d41bef50689b9e6eb9) Importer(815301076,1909f56bfc062723c751e8b465ee728b)
Start importing Assets/Flooded_Grounds/Content/Trees/SrcTextures/FOL_BushFlower1_N.tif using Guid(caf13ffc086061d41bef50689b9e6eb9) Importer(815301076,1909f56bfc062723c751e8b465ee728b) [PhysX] Initialized MultithreadedTaskDispatcher with 16 workers.
[PhysX] Initialized MultithreadedTaskDispatcher with 16 workers.
 -> (artifact id: 'b638c86fca4964df810a16136af646fb') in 0.009432 seconds
Number of updated asset objects reloaded before import = 0
Number of asset objects unloaded after import = 2
========================================================================
Received Import Request.
  Time since last request: 0.000018 seconds.
  path: Assets/RPG_FPS_game_assets_industrial/Other_props/Generators/Generator_v1/Source/Generator_v1.tga
  artifactKey: Guid(41aa5d342e81570478a3901e771ca209) Importer(815301076,1909f56bfc062723c751e8b465ee728b)
Start importing Assets/RPG_FPS_game_assets_industrial/Other_props/Generators/Generator_v1/Source/Generator_v1.tga using Guid(41aa5d342e81570478a3901e771ca209) Importer(815301076,1909f56bfc062723c751e8b465ee728b) [PhysX] Initialized MultithreadedTaskDispatcher with 16 workers.
[PhysX] Initialized MultithreadedTaskDispatcher with 16 workers.
 -> (artifact id: '245814b524ea90993cbd3b826e25fbdd') in 0.006706 seconds
Number of updated asset objects reloaded before import = 0
Number of asset objects unloaded after import = 2
========================================================================
Received Import Request.
  Time since last request: 0.000018 seconds.
  path: Assets/Flooded_Grounds/Content/Textures/GR_Asphalt1_AS.tif
  artifactKey: Guid(1a925eec37989544899b54f458ec2f08) Importer(815301076,1909f56bfc062723c751e8b465ee728b)
Start importing Assets/Flooded_Grounds/Content/Textures/GR_Asphalt1_AS.tif using Guid(1a925eec37989544899b54f458ec2f08) Importer(815301076,1909f56bfc062723c751e8b465ee728b) [PhysX] Initialized MultithreadedTaskDispatcher with 16 workers.
[PhysX] Initialized MultithreadedTaskDispatcher with 16 workers.
 -> (artifact id: 'b8ba70a730ec4f25cfa118e43c06a60d') in 0.010509 seconds
Number of updated asset objects reloaded before import = 0
Number of asset objects unloaded after import = 2
========================================================================
Received Import Request.
  Time since last request: 0.000023 seconds.
  path: Assets/Flooded_Grounds/Content/Textures/GR_Moss1_N.tif
  artifactKey: Guid(3cc5713907ad64743bff036ba79ef950) Importer(815301076,1909f56bfc062723c751e8b465ee728b)
Start importing Assets/Flooded_Grounds/Content/Textures/GR_Moss1_N.tif using Guid(3cc5713907ad64743bff036ba79ef950) Importer(815301076,1909f56bfc062723c751e8b465ee728b) [PhysX] Initialized MultithreadedTaskDispatcher with 16 workers.
[PhysX] Initialized MultithreadedTaskDispatcher with 16 workers.
 -> (artifact id: 'a7e9fcebde22815cafb6e4464c09f9ef') in 0.009507 seconds
Number of updated asset objects reloaded before import = 0
Number of asset objects unloaded after import = 2
========================================================================
Received Import Request.
  Time since last request: 0.000021 seconds.
  path: Assets/Flooded_Grounds/Content/Trees/SrcTextures/FOL_BushFlower1_D.tif
  artifactKey: Guid(5390c10622b90f94989de9ff0a2d2520) Importer(815301076,1909f56bfc062723c751e8b465ee728b)
Start importing Assets/Flooded_Grounds/Content/Trees/SrcTextures/FOL_BushFlower1_D.tif using Guid(5390c10622b90f94989de9ff0a2d2520) Importer(815301076,1909f56bfc062723c751e8b465ee728b) [PhysX] Initialized MultithreadedTaskDispatcher with 16 workers.
[PhysX] Initialized MultithreadedTaskDispatcher with 16 workers.
 -> (artifact id: '9d73a150992e81039c4512d8956b71b9') in 0.009389 seconds
Number of updated asset objects reloaded before import = 0
Number of asset objects unloaded after import = 2
========================================================================
Received Import Request.
  Time since last request: 0.000018 seconds.
  path: Assets/Flooded_Grounds/Content/Trees/SrcTextures/FOL_Trunk1_A.tif
  artifactKey: Guid(36d142a4a8dda2746bfa4cfa29630d71) Importer(815301076,1909f56bfc062723c751e8b465ee728b)
Start importing Assets/Flooded_Grounds/Content/Trees/SrcTextures/FOL_Trunk1_A.tif using Guid(36d142a4a8dda2746bfa4cfa29630d71) Importer(815301076,1909f56bfc062723c751e8b465ee728b) [PhysX] Initialized MultithreadedTaskDispatcher with 16 workers.
[PhysX] Initialized MultithreadedTaskDispatcher with 16 workers.
 -> (artifact id: '45c0729ce700851ac685b7f4ec0016c0') in 0.008593 seconds
Number of updated asset objects reloaded before import = 0
Number of asset objects unloaded after import = 2
========================================================================
Received Import Request.
  Time since last request: 0.000021 seconds.
  path: Assets/Flooded_Grounds/Content/Textures/GR_Asphalt1_N.tif
  artifactKey: Guid(c11fbfccde3717848823659d1dc067bf) Importer(815301076,1909f56bfc062723c751e8b465ee728b)
Start importing Assets/Flooded_Grounds/Content/Textures/GR_Asphalt1_N.tif using Guid(c11fbfccde3717848823659d1dc067bf) Importer(815301076,1909f56bfc062723c751e8b465ee728b) [PhysX] Initialized MultithreadedTaskDispatcher with 16 workers.
[PhysX] Initialized MultithreadedTaskDispatcher with 16 workers.
 -> (artifact id: '1563d261a2a6dab0edd379a76eef4bc4') in 0.012238 seconds
Number of updated asset objects reloaded before import = 0
Number of asset objects unloaded after import = 2
========================================================================
Received Import Request.
  Time since last request: 0.000022 seconds.
  path: Assets/Flooded_Grounds/Content/Trees/SrcTextures/FOL_BushBranch1_D.tif
  artifactKey: Guid(91c87f223cdd2384582ee577eb01c946) Importer(815301076,1909f56bfc062723c751e8b465ee728b)
Start importing Assets/Flooded_Grounds/Content/Trees/SrcTextures/FOL_BushBranch1_D.tif using Guid(91c87f223cdd2384582ee577eb01c946) Importer(815301076,1909f56bfc062723c751e8b465ee728b) [PhysX] Initialized MultithreadedTaskDispatcher with 16 workers.
[PhysX] Initialized MultithreadedTaskDispatcher with 16 workers.
 -> (artifact id: '48ce55a2e2f996bb714abd5b364af711') in 0.012417 seconds
Number of updated asset objects reloaded before import = 0
Number of asset objects unloaded after import = 2
========================================================================
Received Import Request.
  Time since last request: 0.000024 seconds.
  path: Assets/Flooded_Grounds/Content/Trees/SrcTextures/FOL_Branch2_N.tif
  artifactKey: Guid(a7012ccbfd374b84a89fd27deeab137b) Importer(815301076,1909f56bfc062723c751e8b465ee728b)
Start importing Assets/Flooded_Grounds/Content/Trees/SrcTextures/FOL_Branch2_N.tif using Guid(a7012ccbfd374b84a89fd27deeab137b) Importer(815301076,1909f56bfc062723c751e8b465ee728b) [PhysX] Initialized MultithreadedTaskDispatcher with 16 workers.
[PhysX] Initialized MultithreadedTaskDispatcher with 16 workers.
 -> (artifact id: 'c365d15243f0e2c8a22b85173998d0c2') in 0.008135 seconds
Number of updated asset objects reloaded before import = 0
Number of asset objects unloaded after import = 2
========================================================================
Received Import Request.
  Time since last request: 0.000021 seconds.
  path: Assets/Flooded_Grounds/Content/Textures/FOL_Hedge1_N.tif
  artifactKey: Guid(d90049466cf0ab8438d398546b028b67) Importer(815301076,1909f56bfc062723c751e8b465ee728b)
Start importing Assets/Flooded_Grounds/Content/Textures/FOL_Hedge1_N.tif using Guid(d90049466cf0ab8438d398546b028b67) Importer(815301076,1909f56bfc062723c751e8b465ee728b) [PhysX] Initialized MultithreadedTaskDispatcher with 16 workers.
[PhysX] Initialized MultithreadedTaskDispatcher with 16 workers.
 -> (artifact id: '13b401bd4f0b0a2c040f65cd54a28167') in 0.009615 seconds
Number of updated asset objects reloaded before import = 0
Number of asset objects unloaded after import = 2
========================================================================
Received Import Request.
  Time since last request: 0.015460 seconds.
  path: Assets/LowpolyStreetPack/Meshes/Textures/Grass_B.tga
  artifactKey: Guid(a7f8e40afdb01d44ebab4b4a9921fa6a) Importer(815301076,1909f56bfc062723c751e8b465ee728b)
Start importing Assets/LowpolyStreetPack/Meshes/Textures/Grass_B.tga using Guid(a7f8e40afdb01d44ebab4b4a9921fa6a) Importer(815301076,1909f56bfc062723c751e8b465ee728b) [PhysX] Initialized MultithreadedTaskDispatcher with 16 workers.
[PhysX] Initialized MultithreadedTaskDispatcher with 16 workers.
 -> (artifact id: '5fc222912b099650f04a2ab6078a6bde') in 0.005318 seconds
Number of updated asset objects reloaded before import = 0
Number of asset objects unloaded after import = 2
========================================================================
Received Import Request.
  Time since last request: 0.000015 seconds.
  path: Assets/RPG_FPS_game_assets_industrial/Textures/Grass/Grass_v1.tga
  artifactKey: Guid(458fc6f7dd428e748a22f2ed232be143) Importer(815301076,1909f56bfc062723c751e8b465ee728b)
Start importing Assets/RPG_FPS_game_assets_industrial/Textures/Grass/Grass_v1.tga using Guid(458fc6f7dd428e748a22f2ed232be143) Importer(815301076,1909f56bfc062723c751e8b465ee728b) [PhysX] Initialized MultithreadedTaskDispatcher with 16 workers.
[PhysX] Initialized MultithreadedTaskDispatcher with 16 workers.
 -> (artifact id: '0b1a2487b6f5c3774b54f944e5c1a6ae') in 0.007790 seconds
Number of updated asset objects reloaded before import = 0
Number of asset objects unloaded after import = 2
========================================================================
Received Import Request.
  Time since last request: 0.000017 seconds.
  path: Assets/RPG_FPS_game_assets_industrial/Buildings/Industrial/Hangars/Hangar_v4/Source/Hangar_v4.tga
  artifactKey: Guid(8821c02cc3689f749a6dbab1ac0f6ecd) Importer(815301076,1909f56bfc062723c751e8b465ee728b)
Start importing Assets/RPG_FPS_game_assets_industrial/Buildings/Industrial/Hangars/Hangar_v4/Source/Hangar_v4.tga using Guid(8821c02cc3689f749a6dbab1ac0f6ecd) Importer(815301076,1909f56bfc062723c751e8b465ee728b) [PhysX] Initialized MultithreadedTaskDispatcher with 16 workers.
[PhysX] Initialized MultithreadedTaskDispatcher with 16 workers.
 -> (artifact id: 'edf3899a44c1eff2754a96ea362d59f4') in 0.008208 seconds
Number of updated asset objects reloaded before import = 0
Number of asset objects unloaded after import = 2
========================================================================
Received Import Request.
  Time since last request: 0.000029 seconds.
  path: Assets/RPG_FPS_game_assets_industrial/Other_props/Pipes/Industrial_pipes/Industrial_pipe_v1/Source/Industrial_pipe_v1.tga
  artifactKey: Guid(4170b5df5e761b44e8f7cf7e48faec92) Importer(815301076,1909f56bfc062723c751e8b465ee728b)
Start importing Assets/RPG_FPS_game_assets_industrial/Other_props/Pipes/Industrial_pipes/Industrial_pipe_v1/Source/Industrial_pipe_v1.tga using Guid(4170b5df5e761b44e8f7cf7e48faec92) Importer(815301076,1909f56bfc062723c751e8b465ee728b) [PhysX] Initialized MultithreadedTaskDispatcher with 16 workers.
[PhysX] Initialized MultithreadedTaskDispatcher with 16 workers.
 -> (artifact id: 'c3eb6815dcc69b26d441d935a3e4e782') in 0.009773 seconds
Number of updated asset objects reloaded before import = 0
Number of asset objects unloaded after import = 2
========================================================================
Received Import Request.
  Time since last request: 0.000028 seconds.
  path: Assets/RPG_FPS_game_assets_industrial/Textures/Transparent/Lattice/Lattice_v1/Lattice_v1.png
  artifactKey: Guid(70510350e3d466648831bf5261886975) Importer(815301076,1909f56bfc062723c751e8b465ee728b)
Start importing Assets/RPG_FPS_game_assets_industrial/Textures/Transparent/Lattice/Lattice_v1/Lattice_v1.png using Guid(70510350e3d466648831bf5261886975) Importer(815301076,1909f56bfc062723c751e8b465ee728b) [PhysX] Initialized MultithreadedTaskDispatcher with 16 workers.
[PhysX] Initialized MultithreadedTaskDispatcher with 16 workers.
 -> (artifact id: '847e6de09787effa54497cd7b4ae3eb5') in 0.005888 seconds
Number of updated asset objects reloaded before import = 0
Number of asset objects unloaded after import = 2
========================================================================
Received Import Request.
  Time since last request: 0.000016 seconds.
  path: Assets/RPG_FPS_game_assets_industrial/Buildings/Industrial/Hangars/Hangar_v7/Source/Hangar_v7.tga
  artifactKey: Guid(df2c64815c0dd8e44b2fe045ff2f2c1b) Importer(815301076,1909f56bfc062723c751e8b465ee728b)
Start importing Assets/RPG_FPS_game_assets_industrial/Buildings/Industrial/Hangars/Hangar_v7/Source/Hangar_v7.tga using Guid(df2c64815c0dd8e44b2fe045ff2f2c1b) Importer(815301076,1909f56bfc062723c751e8b465ee728b) [PhysX] Initialized MultithreadedTaskDispatcher with 16 workers.
[PhysX] Initialized MultithreadedTaskDispatcher with 16 workers.
 -> (artifact id: '0913191de79a0a3a94c89274b95df9be') in 0.009078 seconds
Number of updated asset objects reloaded before import = 0
Number of asset objects unloaded after import = 2
========================================================================
Received Import Request.
  Time since last request: 0.000022 seconds.
  path: Assets/RPG_FPS_game_assets_industrial/Buildings/Industrial/Hangars/Hangar_v5/Source/Hangar_v5.tga
  artifactKey: Guid(7789047ccb73db64aa64a041fdcef1b5) Importer(815301076,1909f56bfc062723c751e8b465ee728b)
Start importing Assets/RPG_FPS_game_assets_industrial/Buildings/Industrial/Hangars/Hangar_v5/Source/Hangar_v5.tga using Guid(7789047ccb73db64aa64a041fdcef1b5) Importer(815301076,1909f56bfc062723c751e8b465ee728b) [PhysX] Initialized MultithreadedTaskDispatcher with 16 workers.
[PhysX] Initialized MultithreadedTaskDispatcher with 16 workers.
 -> (artifact id: '0048e1318b97acba9ff968709fdb5df9') in 0.008949 seconds
Number of updated asset objects reloaded before import = 0
Number of asset objects unloaded after import = 2
========================================================================
Received Import Request.
  Time since last request: 6.696361 seconds.
  path: Assets/Flooded_Grounds/Content/Textures/NAT_Rocks1_A.tif
  artifactKey: Guid(d7e7d2f467c11f145b19071766826717) Importer(815301076,1909f56bfc062723c751e8b465ee728b)
Start importing Assets/Flooded_Grounds/Content/Textures/NAT_Rocks1_A.tif using Guid(d7e7d2f467c11f145b19071766826717) Importer(815301076,1909f56bfc062723c751e8b465ee728b) [PhysX] Initialized MultithreadedTaskDispatcher with 16 workers.
[PhysX] Initialized MultithreadedTaskDispatcher with 16 workers.
 -> (artifact id: 'ca400214418e65ff988167768fd82d53') in 0.010615 seconds
Number of updated asset objects reloaded before import = 0
Number of asset objects unloaded after import = 2
========================================================================
Received Import Request.
  Time since last request: 0.000018 seconds.
  path: Assets/Flooded_Grounds/Content/Textures/NAT_Rocks1_AO.tif
  artifactKey: Guid(9122d63617accac4cb8caf6e99dfc67f) Importer(815301076,1909f56bfc062723c751e8b465ee728b)
Start importing Assets/Flooded_Grounds/Content/Textures/NAT_Rocks1_AO.tif using Guid(9122d63617accac4cb8caf6e99dfc67f) Importer(815301076,1909f56bfc062723c751e8b465ee728b) [PhysX] Initialized MultithreadedTaskDispatcher with 16 workers.
[PhysX] Initialized MultithreadedTaskDispatcher with 16 workers.
 -> (artifact id: 'bb7beb438cb9c49290c9190f83069ca9') in 0.006543 seconds
Number of updated asset objects reloaded before import = 0
Number of asset objects unloaded after import = 2
========================================================================
Received Import Request.
  Time since last request: 0.000038 seconds.
  path: Assets/Flooded_Grounds/Content/Textures/PROP_Beds1_MS.tif
  artifactKey: Guid(54ac0cf84c7922749a27b7b455266147) Importer(815301076,1909f56bfc062723c751e8b465ee728b)
Start importing Assets/Flooded_Grounds/Content/Textures/PROP_Beds1_MS.tif using Guid(54ac0cf84c7922749a27b7b455266147) Importer(815301076,1909f56bfc062723c751e8b465ee728b) [PhysX] Initialized MultithreadedTaskDispatcher with 16 workers.
[PhysX] Initialized MultithreadedTaskDispatcher with 16 workers.
 -> (artifact id: 'f884b6466a5ed1e0c4f34a9528f8e728') in 0.006550 seconds
Number of updated asset objects reloaded before import = 0
Number of asset objects unloaded after import = 2
========================================================================
Received Import Request.
  Time since last request: 0.000017 seconds.
  path: Assets/Flooded_Grounds/Content/Textures/PROP_Cabinets1_AO.tif
  artifactKey: Guid(6627e89c3fefb9447a70a542c29e66e4) Importer(815301076,1909f56bfc062723c751e8b465ee728b)
Start importing Assets/Flooded_Grounds/Content/Textures/PROP_Cabinets1_AO.tif using Guid(6627e89c3fefb9447a70a542c29e66e4) Importer(815301076,1909f56bfc062723c751e8b465ee728b) [PhysX] Initialized MultithreadedTaskDispatcher with 16 workers.
[PhysX] Initialized MultithreadedTaskDispatcher with 16 workers.
 -> (artifact id: '306697be713cafdcc38fdf795ff28772') in 0.005878 seconds
Number of updated asset objects reloaded before import = 0
Number of asset objects unloaded after import = 2
========================================================================
Received Import Request.
  Time since last request: 0.000016 seconds.
  path: Assets/Flooded_Grounds/Content/Textures/PROP_SmallProps1_N.tif
  artifactKey: Guid(9a023cc720ddf584aa6fdd93c95293e6) Importer(815301076,1909f56bfc062723c751e8b465ee728b)
Start importing Assets/Flooded_Grounds/Content/Textures/PROP_SmallProps1_N.tif using Guid(9a023cc720ddf584aa6fdd93c95293e6) Importer(815301076,1909f56bfc062723c751e8b465ee728b) [PhysX] Initialized MultithreadedTaskDispatcher with 16 workers.
[PhysX] Initialized MultithreadedTaskDispatcher with 16 workers.
 -> (artifact id: 'efe0cdcfa14e049edd0bb84137335788') in 0.010063 seconds
Number of updated asset objects reloaded before import = 0
Number of asset objects unloaded after import = 2
========================================================================
Received Import Request.
  Time since last request: 0.000023 seconds.
  path: Assets/Flooded_Grounds/Content/Textures/PROP_ParkBench1_N.tif
  artifactKey: Guid(034c3269537e8b046976a4bdc3912df1) Importer(815301076,1909f56bfc062723c751e8b465ee728b)
Start importing Assets/Flooded_Grounds/Content/Textures/PROP_ParkBench1_N.tif using Guid(034c3269537e8b046976a4bdc3912df1) Importer(815301076,1909f56bfc062723c751e8b465ee728b) [PhysX] Initialized MultithreadedTaskDispatcher with 16 workers.
[PhysX] Initialized MultithreadedTaskDispatcher with 16 workers.
 -> (artifact id: 'ccbbc0d8ccd0d51b2a3b8ac98be64a08') in 0.014111 seconds
Number of updated asset objects reloaded before import = 0
Number of asset objects unloaded after import = 2
========================================================================
Received Import Request.
  Time since last request: 0.000029 seconds.
  path: Assets/Flooded_Grounds/Content/Textures/PROP_Boat1_A.tif
  artifactKey: Guid(d6f27195030c7464cadb3d67e41abc58) Importer(815301076,1909f56bfc062723c751e8b465ee728b)
Start importing Assets/Flooded_Grounds/Content/Textures/PROP_Boat1_A.tif using Guid(d6f27195030c7464cadb3d67e41abc58) Importer(815301076,1909f56bfc062723c751e8b465ee728b) [PhysX] Initialized MultithreadedTaskDispatcher with 16 workers.
[PhysX] Initialized MultithreadedTaskDispatcher with 16 workers.
 -> (artifact id: '1639c729ed9539c280f67bdadd5762b9') in 0.028937 seconds
Number of updated asset objects reloaded before import = 0
Number of asset objects unloaded after import = 2
========================================================================
Received Import Request.
  Time since last request: 0.000022 seconds.
  path: Assets/Flooded_Grounds/Content/Textures/PROP_Gravestones1_AO.tif
  artifactKey: Guid(7ac9436318cb4474dacd369def18c01a) Importer(815301076,1909f56bfc062723c751e8b465ee728b)
Start importing Assets/Flooded_Grounds/Content/Textures/PROP_Gravestones1_AO.tif using Guid(7ac9436318cb4474dacd369def18c01a) Importer(815301076,1909f56bfc062723c751e8b465ee728b) [PhysX] Initialized MultithreadedTaskDispatcher with 16 workers.
[PhysX] Initialized MultithreadedTaskDispatcher with 16 workers.
 -> (artifact id: 'ff4366f67f57c40262ef0dd7ed80b58f') in 0.009308 seconds
Number of updated asset objects reloaded before import = 0
Number of asset objects unloaded after import = 2
========================================================================
Received Import Request.
  Time since last request: 0.000041 seconds.
  path: Assets/Flooded_Grounds/Content/Textures/PROP_Car1_MS.tif
  artifactKey: Guid(fcbea5eeba999114ca758f91357d3913) Importer(815301076,1909f56bfc062723c751e8b465ee728b)
Start importing Assets/Flooded_Grounds/Content/Textures/PROP_Car1_MS.tif using Guid(fcbea5eeba999114ca758f91357d3913) Importer(815301076,1909f56bfc062723c751e8b465ee728b) [PhysX] Initialized MultithreadedTaskDispatcher with 16 workers.
[PhysX] Initialized MultithreadedTaskDispatcher with 16 workers.
 -> (artifact id: '1f0059f59107d05524a8f4f048783eb1') in 0.009654 seconds
Number of updated asset objects reloaded before import = 0
Number of asset objects unloaded after import = 2
========================================================================
Received Import Request.
  Time since last request: 0.000017 seconds.
  path: Assets/Abandoned buildings/Textures/abandoned_buildings/T_house_roof_D.tga
  artifactKey: Guid(e4d8b6c5e3fe1b8428c10e69963c03a7) Importer(815301076,1909f56bfc062723c751e8b465ee728b)
Start importing Assets/Abandoned buildings/Textures/abandoned_buildings/T_house_roof_D.tga using Guid(e4d8b6c5e3fe1b8428c10e69963c03a7) Importer(815301076,1909f56bfc062723c751e8b465ee728b) [PhysX] Initialized MultithreadedTaskDispatcher with 16 workers.
[PhysX] Initialized MultithreadedTaskDispatcher with 16 workers.
 -> (artifact id: '3dccf56e5fed289ef65658816b2a36c1') in 0.010554 seconds
Number of updated asset objects reloaded before import = 0
Number of asset objects unloaded after import = 2
========================================================================
Received Import Request.
  Time since last request: 0.000026 seconds.
  path: Assets/Flooded_Grounds/Content/Textures/PROP_Ship1_MS.tif
  artifactKey: Guid(17e7c47e2acab94499b4cbab4bee07b8) Importer(815301076,1909f56bfc062723c751e8b465ee728b)
Start importing Assets/Flooded_Grounds/Content/Textures/PROP_Ship1_MS.tif using Guid(17e7c47e2acab94499b4cbab4bee07b8) Importer(815301076,1909f56bfc062723c751e8b465ee728b) [PhysX] Initialized MultithreadedTaskDispatcher with 16 workers.
[PhysX] Initialized MultithreadedTaskDispatcher with 16 workers.
 -> (artifact id: 'cc14ea69f5abb0a0b1e80b9aed863a7a') in 0.011489 seconds
Number of updated asset objects reloaded before import = 0
Number of asset objects unloaded after import = 2
========================================================================
Received Import Request.
  Time since last request: 0.000024 seconds.
  path: Assets/Flooded_Grounds/Content/Textures/PROP_Car1_N.tif
  artifactKey: Guid(6fa141c84c783e443b399bacfc4bee1c) Importer(815301076,1909f56bfc062723c751e8b465ee728b)
Start importing Assets/Flooded_Grounds/Content/Textures/PROP_Car1_N.tif using Guid(6fa141c84c783e443b399bacfc4bee1c) Importer(815301076,1909f56bfc062723c751e8b465ee728b) [PhysX] Initialized MultithreadedTaskDispatcher with 16 workers.
[PhysX] Initialized MultithreadedTaskDispatcher with 16 workers.
 -> (artifact id: 'f14635e2c3e15a51581ebcc8c7e96d98') in 0.044714 seconds
Number of updated asset objects reloaded before import = 0
Number of asset objects unloaded after import = 2
========================================================================
Received Import Request.
  Time since last request: 0.000022 seconds.
  path: Assets/Flooded_Grounds/Content/Textures/PROP_Ship1_A.tif
  artifactKey: Guid(0db1ce58e489f9f4a8e35eec13e03bd3) Importer(815301076,1909f56bfc062723c751e8b465ee728b)
Start importing Assets/Flooded_Grounds/Content/Textures/PROP_Ship1_A.tif using Guid(0db1ce58e489f9f4a8e35eec13e03bd3) Importer(815301076,1909f56bfc062723c751e8b465ee728b) [PhysX] Initialized MultithreadedTaskDispatcher with 16 workers.
[PhysX] Initialized MultithreadedTaskDispatcher with 16 workers.
 -> (artifact id: '72c0fa714cab00e1c3970f552ca110f3') in 0.019562 seconds
Number of updated asset objects reloaded before import = 0
Number of asset objects unloaded after import = 2
========================================================================
Received Import Request.
  Time since last request: 0.000041 seconds.
  path: Assets/Flooded_Grounds/Content/Textures/PROP_Ship1_N.tif
  artifactKey: Guid(95451f45b900f014284693710dc4c8d7) Importer(815301076,1909f56bfc062723c751e8b465ee728b)
Start importing Assets/Flooded_Grounds/Content/Textures/PROP_Ship1_N.tif using Guid(95451f45b900f014284693710dc4c8d7) Importer(815301076,1909f56bfc062723c751e8b465ee728b) [PhysX] Initialized MultithreadedTaskDispatcher with 16 workers.
[PhysX] Initialized MultithreadedTaskDispatcher with 16 workers.
 -> (artifact id: '7a05db51afe169b98aeba588c0449bfc') in 0.048624 seconds
Number of updated asset objects reloaded before import = 0
Number of asset objects unloaded after import = 2
========================================================================
Received Import Request.
  Time since last request: 0.000035 seconds.
  path: Assets/Flooded_Grounds/Content/Textures/PROP_SmallProps2_MS.tif
  artifactKey: Guid(da65dce0b6d460841870d71100057241) Importer(815301076,1909f56bfc062723c751e8b465ee728b)
Start importing Assets/Flooded_Grounds/Content/Textures/PROP_SmallProps2_MS.tif using Guid(da65dce0b6d460841870d71100057241) Importer(815301076,1909f56bfc062723c751e8b465ee728b) [PhysX] Initialized MultithreadedTaskDispatcher with 16 workers.
[PhysX] Initialized MultithreadedTaskDispatcher with 16 workers.
 -> (artifact id: '0dcef9a58dd2352ce5cb2e74c05db0e2') in 0.007585 seconds
Number of updated asset objects reloaded before import = 0
Number of asset objects unloaded after import = 2
========================================================================
Received Import Request.
  Time since last request: 0.000023 seconds.
  path: Assets/Flooded_Grounds/Content/Textures/PROP_Gravestones1_MS.tif
  artifactKey: Guid(a1f36fe6a2375334983d62a76bf346ff) Importer(815301076,1909f56bfc062723c751e8b465ee728b)
Start importing Assets/Flooded_Grounds/Content/Textures/PROP_Gravestones1_MS.tif using Guid(a1f36fe6a2375334983d62a76bf346ff) Importer(815301076,1909f56bfc062723c751e8b465ee728b) [PhysX] Initialized MultithreadedTaskDispatcher with 16 workers.
[PhysX] Initialized MultithreadedTaskDispatcher with 16 workers.
 -> (artifact id: '01226c97e09ae49cf5f71c5696bd690f') in 0.011196 seconds
Number of updated asset objects reloaded before import = 0
Number of asset objects unloaded after import = 2
========================================================================
Received Import Request.
  Time since last request: 0.000020 seconds.
  path: Assets/RPG_FPS_game_assets_industrial/Map_v2/ReflectionProbe-0.exr
  artifactKey: Guid(941a3920fabc92145bf6e307bddf9cba) Importer(815301076,1909f56bfc062723c751e8b465ee728b)
Start importing Assets/RPG_FPS_game_assets_industrial/Map_v2/ReflectionProbe-0.exr using Guid(941a3920fabc92145bf6e307bddf9cba) Importer(815301076,1909f56bfc062723c751e8b465ee728b) [PhysX] Initialized MultithreadedTaskDispatcher with 16 workers.
[PhysX] Initialized MultithreadedTaskDispatcher with 16 workers.
[PhysX] Initialized MultithreadedTaskDispatcher with 16 workers.
 -> (artifact id: 'df893eea680952e75d30b14e7fc4d2c8') in 0.030063 seconds
Number of updated asset objects reloaded before import = 0
Number of asset objects unloaded after import = 1
========================================================================
Received Import Request.
  Time since last request: 2326.734203 seconds.
  path: Assets/LowpolyStreetPack/Prefabs/Roads/Parks/Elements/Park_Corner_A.prefab
  artifactKey: Guid(efcc4d57558c0594ea8916e9c39bc7d4) Importer(815301076,1909f56bfc062723c751e8b465ee728b)
Start importing Assets/LowpolyStreetPack/Prefabs/Roads/Parks/Elements/Park_Corner_A.prefab using Guid(efcc4d57558c0594ea8916e9c39bc7d4) Importer(815301076,1909f56bfc062723c751e8b465ee728b) [PhysX] Initialized MultithreadedTaskDispatcher with 16 workers.
[PhysX] Initialized MultithreadedTaskDispatcher with 16 workers.
 -> (artifact id: '4187e0cebd3f38a00355453c8f3a0baa') in 0.043774 seconds
Number of updated asset objects reloaded before import = 0
Number of asset objects unloaded after import = 12
========================================================================
Received Import Request.
  Time since last request: 0.000042 seconds.
  path: Assets/LowpolyStreetPack/Prefabs/Roads/Parks/Elements/Park_Sidewalk_Corner_A.prefab
  artifactKey: Guid(7d4ae5af8165b424bac617f4d0c12a07) Importer(815301076,1909f56bfc062723c751e8b465ee728b)
Start importing Assets/LowpolyStreetPack/Prefabs/Roads/Parks/Elements/Park_Sidewalk_Corner_A.prefab using Guid(7d4ae5af8165b424bac617f4d0c12a07) Importer(815301076,1909f56bfc062723c751e8b465ee728b) [PhysX] Initialized MultithreadedTaskDispatcher with 16 workers.
[PhysX] Initialized MultithreadedTaskDispatcher with 16 workers.
 -> (artifact id: '7dc7deac2c63f9dcbbd07e9b9936ee63') in 0.024518 seconds
Number of updated asset objects reloaded before import = 0
Number of asset objects unloaded after import = 10
========================================================================
Received Import Request.
  Time since last request: 0.000052 seconds.
  path: Assets/LowpolyStreetPack/Prefabs/Roads/Parks/Elements/Park_Sidewalk_Corner_B.prefab
  artifactKey: Guid(8a026fa77da54f743a96b801337eb29a) Importer(815301076,1909f56bfc062723c751e8b465ee728b)
Start importing Assets/LowpolyStreetPack/Prefabs/Roads/Parks/Elements/Park_Sidewalk_Corner_B.prefab using Guid(8a026fa77da54f743a96b801337eb29a) Importer(815301076,1909f56bfc062723c751e8b465ee728b) [PhysX] Initialized MultithreadedTaskDispatcher with 16 workers.
[PhysX] Initialized MultithreadedTaskDispatcher with 16 workers.
 -> (artifact id: '8d6de66d33710ffdf6d20e09f7fafca7') in 0.023856 seconds
Number of updated asset objects reloaded before import = 0
Number of asset objects unloaded after import = 10
========================================================================
Received Import Request.
  Time since last request: 0.000035 seconds.
  path: Assets/LowpolyStreetPack/Prefabs/Roads/Parks/Elements/Park_Sidewalk_End.prefab
  artifactKey: Guid(438f52309bcadde48abffadc0bb7652c) Importer(815301076,1909f56bfc062723c751e8b465ee728b)
Start importing Assets/LowpolyStreetPack/Prefabs/Roads/Parks/Elements/Park_Sidewalk_End.prefab using Guid(438f52309bcadde48abffadc0bb7652c) Importer(815301076,1909f56bfc062723c751e8b465ee728b) [PhysX] Initialized MultithreadedTaskDispatcher with 16 workers.
[PhysX] Initialized MultithreadedTaskDispatcher with 16 workers.
 -> (artifact id: '555140f427dc0f3aa7fed9000aa7e70b') in 0.021543 seconds
Number of updated asset objects reloaded before import = 0
Number of asset objects unloaded after import = 10
========================================================================
Received Import Request.
  Time since last request: 2.793269 seconds.
  path: Assets/LowpolyStreetPack/Prefabs/Roads/Pavement/D/Pavement_D_B.prefab
  artifactKey: Guid(011eb6ac7d231144682cb0dea048552a) Importer(815301076,1909f56bfc062723c751e8b465ee728b)
Start importing Assets/LowpolyStreetPack/Prefabs/Roads/Pavement/D/Pavement_D_B.prefab using Guid(011eb6ac7d231144682cb0dea048552a) Importer(815301076,1909f56bfc062723c751e8b465ee728b) [PhysX] Initialized MultithreadedTaskDispatcher with 16 workers.
[PhysX] Initialized MultithreadedTaskDispatcher with 16 workers.
 -> (artifact id: '1593dadbc1c9532bceec530a23fc9633') in 0.028936 seconds
Number of updated asset objects reloaded before import = 0
Number of asset objects unloaded after import = 10
========================================================================
Received Import Request.
  Time since last request: 0.000022 seconds.
  path: Assets/LowpolyStreetPack/Prefabs/Roads/Pavement/D/Pavement_D_D.prefab
  artifactKey: Guid(e46c7a3454f1f994f9ad3a0948236b50) Importer(815301076,1909f56bfc062723c751e8b465ee728b)
Start importing Assets/LowpolyStreetPack/Prefabs/Roads/Pavement/D/Pavement_D_D.prefab using Guid(e46c7a3454f1f994f9ad3a0948236b50) Importer(815301076,1909f56bfc062723c751e8b465ee728b) [PhysX] Initialized MultithreadedTaskDispatcher with 16 workers.
[PhysX] Initialized MultithreadedTaskDispatcher with 16 workers.
 -> (artifact id: '207f205d5bf84aeed397fd8e697aa72a') in 0.030050 seconds
Number of updated asset objects reloaded before import = 0
Number of asset objects unloaded after import = 10
========================================================================
Received Import Request.
  Time since last request: 0.000023 seconds.
  path: Assets/LowpolyStreetPack/Prefabs/Roads/Pavement/D/Pavement_D_E.prefab
  artifactKey: Guid(f07850d3bd7e4c34a811a640a883ab6b) Importer(815301076,1909f56bfc062723c751e8b465ee728b)
Start importing Assets/LowpolyStreetPack/Prefabs/Roads/Pavement/D/Pavement_D_E.prefab using Guid(f07850d3bd7e4c34a811a640a883ab6b) Importer(815301076,1909f56bfc062723c751e8b465ee728b) [PhysX] Initialized MultithreadedTaskDispatcher with 16 workers.
[PhysX] Initialized MultithreadedTaskDispatcher with 16 workers.
 -> (artifact id: 'c36afe5a681e3d153b43e2e949330ca0') in 0.025429 seconds
Number of updated asset objects reloaded before import = 0
Number of asset objects unloaded after import = 10
========================================================================
Received Import Request.
  Time since last request: 6.677113 seconds.
  path: Assets/LowpolyStreetPack/Prefabs/Roads/Streets/Road_Cross_A_B.prefab
  artifactKey: Guid(6abaadc8b9590114b85efdcd4aceae2a) Importer(815301076,1909f56bfc062723c751e8b465ee728b)
Start importing Assets/LowpolyStreetPack/Prefabs/Roads/Streets/Road_Cross_A_B.prefab using Guid(6abaadc8b9590114b85efdcd4aceae2a) Importer(815301076,1909f56bfc062723c751e8b465ee728b) [PhysX] Initialized MultithreadedTaskDispatcher with 16 workers.
[PhysX] Initialized MultithreadedTaskDispatcher with 16 workers.
 -> (artifact id: 'd6298d5b466856c1ea09df63a4ccb5a6') in 0.048077 seconds
Number of updated asset objects reloaded before import = 0
Number of asset objects unloaded after import = 10
========================================================================
Received Import Request.
  Time since last request: 0.000029 seconds.
  path: Assets/LowpolyStreetPack/Prefabs/Roads/Streets/Road_Intersection_A.prefab
  artifactKey: Guid(ea055b41d57bcfa4f933e17644a305ba) Importer(815301076,1909f56bfc062723c751e8b465ee728b)
Start importing Assets/LowpolyStreetPack/Prefabs/Roads/Streets/Road_Intersection_A.prefab using Guid(ea055b41d57bcfa4f933e17644a305ba) Importer(815301076,1909f56bfc062723c751e8b465ee728b) [PhysX] Initialized MultithreadedTaskDispatcher with 16 workers.
[PhysX] Initialized MultithreadedTaskDispatcher with 16 workers.
 -> (artifact id: 'b4f351c530ef539a8d380695de3746dd') in 0.049649 seconds
Number of updated asset objects reloaded before import = 0
Number of asset objects unloaded after import = 10
========================================================================
Received Import Request.
  Time since last request: 0.000024 seconds.
  path: Assets/LowpolyStreetPack/Prefabs/Roads/Streets/Road_End_A.prefab
  artifactKey: Guid(46aceb8c4fbd8a3478e3bb41629a9afd) Importer(815301076,1909f56bfc062723c751e8b465ee728b)
Start importing Assets/LowpolyStreetPack/Prefabs/Roads/Streets/Road_End_A.prefab using Guid(46aceb8c4fbd8a3478e3bb41629a9afd) Importer(815301076,1909f56bfc062723c751e8b465ee728b) [PhysX] Initialized MultithreadedTaskDispatcher with 16 workers.
[PhysX] Initialized MultithreadedTaskDispatcher with 16 workers.
 -> (artifact id: '5d2dcc8289e4cd50d7af8141c42db6d1') in 0.022001 seconds
Number of updated asset objects reloaded before import = 0
Number of asset objects unloaded after import = 10
========================================================================
Received Import Request.
  Time since last request: 0.000019 seconds.
  path: Assets/LowpolyStreetPack/Prefabs/Roads/Streets/Road_Cross_Double_B_B.prefab
  artifactKey: Guid(e544891603a68eb41a8c40ea47764ab5) Importer(815301076,1909f56bfc062723c751e8b465ee728b)
Start importing Assets/LowpolyStreetPack/Prefabs/Roads/Streets/Road_Cross_Double_B_B.prefab using Guid(e544891603a68eb41a8c40ea47764ab5) Importer(815301076,1909f56bfc062723c751e8b465ee728b) [PhysX] Initialized MultithreadedTaskDispatcher with 16 workers.
[PhysX] Initialized MultithreadedTaskDispatcher with 16 workers.
 -> (artifact id: '2a4ae73ef58dec3030bf3a8914ba9d77') in 0.023442 seconds
Number of updated asset objects reloaded before import = 0
Number of asset objects unloaded after import = 10
========================================================================
Received Import Request.
  Time since last request: 0.000023 seconds.
  path: Assets/LowpolyStreetPack/Prefabs/Roads/Streets/Road_Intersection_D.prefab
  artifactKey: Guid(b296d935b89065c40908341d9004426e) Importer(815301076,1909f56bfc062723c751e8b465ee728b)
Start importing Assets/LowpolyStreetPack/Prefabs/Roads/Streets/Road_Intersection_D.prefab using Guid(b296d935b89065c40908341d9004426e) Importer(815301076,1909f56bfc062723c751e8b465ee728b) [PhysX] Initialized MultithreadedTaskDispatcher with 16 workers.
[PhysX] Initialized MultithreadedTaskDispatcher with 16 workers.
 -> (artifact id: '8308e48434e9e3ce483979f6ce93dd38') in 0.026614 seconds
Number of updated asset objects reloaded before import = 0
Number of asset objects unloaded after import = 10
========================================================================
Received Import Request.
  Time since last request: 0.000020 seconds.
  path: Assets/LowpolyStreetPack/Prefabs/Roads/Streets/Road_Streight_Double_A.prefab
  artifactKey: Guid(d7d436d613cf3c04391992a34ceb777e) Importer(815301076,1909f56bfc062723c751e8b465ee728b)
Start importing Assets/LowpolyStreetPack/Prefabs/Roads/Streets/Road_Streight_Double_A.prefab using Guid(d7d436d613cf3c04391992a34ceb777e) Importer(815301076,1909f56bfc062723c751e8b465ee728b) [PhysX] Initialized MultithreadedTaskDispatcher with 16 workers.
[PhysX] Initialized MultithreadedTaskDispatcher with 16 workers.
 -> (artifact id: 'e97fe42b9d1f24b43cef0362306ddda8') in 0.025449 seconds
Number of updated asset objects reloaded before import = 0
Number of asset objects unloaded after import = 10
========================================================================
Received Import Request.
  Time since last request: 0.000069 seconds.
  path: Assets/LowpolyStreetPack/Prefabs/Roads/Streets/Road_Cross_C_A.prefab
  artifactKey: Guid(349b813d00b77df41b5431df22c4012c) Importer(815301076,1909f56bfc062723c751e8b465ee728b)
Start importing Assets/LowpolyStreetPack/Prefabs/Roads/Streets/Road_Cross_C_A.prefab using Guid(349b813d00b77df41b5431df22c4012c) Importer(815301076,1909f56bfc062723c751e8b465ee728b) [PhysX] Initialized MultithreadedTaskDispatcher with 16 workers.
[PhysX] Initialized MultithreadedTaskDispatcher with 16 workers.
 -> (artifact id: 'd8e15d263188071a05f6ce736dd6be50') in 0.023774 seconds
Number of updated asset objects reloaded before import = 0
Number of asset objects unloaded after import = 10
========================================================================
Received Import Request.
  Time since last request: 0.000068 seconds.
  path: Assets/LowpolyStreetPack/Prefabs/Roads/Streets/Road_End_B.prefab
  artifactKey: Guid(de05db20770e11c4cb0ed895f43a95c7) Importer(815301076,1909f56bfc062723c751e8b465ee728b)
Start importing Assets/LowpolyStreetPack/Prefabs/Roads/Streets/Road_End_B.prefab using Guid(de05db20770e11c4cb0ed895f43a95c7) Importer(815301076,1909f56bfc062723c751e8b465ee728b) [PhysX] Initialized MultithreadedTaskDispatcher with 16 workers.
[PhysX] Initialized MultithreadedTaskDispatcher with 16 workers.
 -> (artifact id: '2c3994c0c1317fa7ac527cf4850d8700') in 0.028122 seconds
Number of updated asset objects reloaded before import = 0
Number of asset objects unloaded after import = 10
========================================================================
Received Import Request.
  Time since last request: 4053.419213 seconds.
  path: Assets/RPG_FPS_game_assets_industrial/Map_v2/Lightmap-0_comp_light.exr
  artifactKey: Guid(ca091a4cc8ed9c24895d87f1dfc51549) Importer(815301076,1909f56bfc062723c751e8b465ee728b)
Start importing Assets/RPG_FPS_game_assets_industrial/Map_v2/Lightmap-0_comp_light.exr using Guid(ca091a4cc8ed9c24895d87f1dfc51549) Importer(815301076,1909f56bfc062723c751e8b465ee728b) [PhysX] Initialized MultithreadedTaskDispatcher with 16 workers.
[PhysX] Initialized MultithreadedTaskDispatcher with 16 workers.
 -> (artifact id: 'a5ce161fbbbc6c57113c56d608660179') in 0.160237 seconds
Number of updated asset objects reloaded before import = 0
Number of asset objects unloaded after import = 2
========================================================================
Received Import Request.
  Time since last request: 0.000119 seconds.
  path: Assets/RPG_FPS_game_assets_industrial/Map_v2/Lightmap-3_comp_light.exr
  artifactKey: Guid(192e6daa4a2a3564fa9666141890e3d0) Importer(815301076,1909f56bfc062723c751e8b465ee728b)
Start importing Assets/RPG_FPS_game_assets_industrial/Map_v2/Lightmap-3_comp_light.exr using Guid(192e6daa4a2a3564fa9666141890e3d0) Importer(815301076,1909f56bfc062723c751e8b465ee728b) [PhysX] Initialized MultithreadedTaskDispatcher with 16 workers.
[PhysX] Initialized MultithreadedTaskDispatcher with 16 workers.
 -> (artifact id: '3cf42371bc7afc70b1e3f2dcd4f0ffab') in 0.033158 seconds
Number of updated asset objects reloaded before import = 0
Number of asset objects unloaded after import = 2
========================================================================
Received Import Request.
  Time since last request: 0.000027 seconds.
  path: Assets/RPG_FPS_game_assets_industrial/Map_v2/Lightmap-2_comp_light.exr
  artifactKey: Guid(b05c768f841313a47bd574782ba4fe40) Importer(815301076,1909f56bfc062723c751e8b465ee728b)
Start importing Assets/RPG_FPS_game_assets_industrial/Map_v2/Lightmap-2_comp_light.exr using Guid(b05c768f841313a47bd574782ba4fe40) Importer(815301076,1909f56bfc062723c751e8b465ee728b) [PhysX] Initialized MultithreadedTaskDispatcher with 16 workers.
[PhysX] Initialized MultithreadedTaskDispatcher with 16 workers.
 -> (artifact id: 'b5bd32ddab891634634cc809bc3dc539') in 0.028526 seconds
Number of updated asset objects reloaded before import = 0
Number of asset objects unloaded after import = 2
========================================================================
Received Import Request.
  Time since last request: 5.578065 seconds.
  path: Assets/RPG_FPS_game_assets_industrial/Roads/Floor_elevation_sets/UNIFloor_elevation_set_v1/UNIConcrete_wall_v1_S_L_2.prefab
  artifactKey: Guid(67b4ca73507352a40a4ba54118669807) Importer(815301076,1909f56bfc062723c751e8b465ee728b)
Start importing Assets/RPG_FPS_game_assets_industrial/Roads/Floor_elevation_sets/UNIFloor_elevation_set_v1/UNIConcrete_wall_v1_S_L_2.prefab using Guid(67b4ca73507352a40a4ba54118669807) Importer(815301076,1909f56bfc062723c751e8b465ee728b) [PhysX] Initialized MultithreadedTaskDispatcher with 16 workers.
[PhysX] Initialized MultithreadedTaskDispatcher with 16 workers.
 -> (artifact id: 'd803f15dcd08c9e9687f720b1dbbc870') in 0.017625 seconds
Number of updated asset objects reloaded before import = 0
Number of asset objects unloaded after import = 20
========================================================================
Received Import Request.
  Time since last request: 0.009732 seconds.
  path: Assets/RPG_FPS_game_assets_industrial/Roads/Floor_elevation_sets/UNIFloor_elevation_set_v1/UNIConcrete_wall_v1_S_left.prefab
  artifactKey: Guid(38c764ae84d05c74aa08d07948986de3) Importer(815301076,1909f56bfc062723c751e8b465ee728b)
Start importing Assets/RPG_FPS_game_assets_industrial/Roads/Floor_elevation_sets/UNIFloor_elevation_set_v1/UNIConcrete_wall_v1_S_left.prefab using Guid(38c764ae84d05c74aa08d07948986de3) Importer(815301076,1909f56bfc062723c751e8b465ee728b) [PhysX] Initialized MultithreadedTaskDispatcher with 16 workers.
[PhysX] Initialized MultithreadedTaskDispatcher with 16 workers.
 -> (artifact id: 'e588ae667d51594db7810052d192cac3') in 0.009725 seconds
Number of updated asset objects reloaded before import = 0
Number of asset objects unloaded after import = 10
========================================================================
Received Import Request.
  Time since last request: 0.000016 seconds.
  path: Assets/RPG_FPS_game_assets_industrial/Roads/Floor_elevation_sets/UNIFloor_elevation_set_v1/UNIConcrete_wall_v1_S_right.prefab
  artifactKey: Guid(507134deeacac104cade4f939779e63f) Importer(815301076,1909f56bfc062723c751e8b465ee728b)
Start importing Assets/RPG_FPS_game_assets_industrial/Roads/Floor_elevation_sets/UNIFloor_elevation_set_v1/UNIConcrete_wall_v1_S_right.prefab using Guid(507134deeacac104cade4f939779e63f) Importer(815301076,1909f56bfc062723c751e8b465ee728b) [PhysX] Initialized MultithreadedTaskDispatcher with 16 workers.
[PhysX] Initialized MultithreadedTaskDispatcher with 16 workers.
 -> (artifact id: '6447377d7587e4b71caf350ffaf414e3') in 0.009410 seconds
Number of updated asset objects reloaded before import = 0
Number of asset objects unloaded after import = 10
========================================================================
Received Import Request.
  Time since last request: 0.000015 seconds.
  path: Assets/RPG_FPS_game_assets_industrial/Roads/Floor_elevation_sets/UNIFloor_elevation_set_v1/UNIConcrete_wall_v1_S_single.prefab
  artifactKey: Guid(88ff00979f9abfc40b8bd0cfc885d175) Importer(815301076,1909f56bfc062723c751e8b465ee728b)
Start importing Assets/RPG_FPS_game_assets_industrial/Roads/Floor_elevation_sets/UNIFloor_elevation_set_v1/UNIConcrete_wall_v1_S_single.prefab using Guid(88ff00979f9abfc40b8bd0cfc885d175) Importer(815301076,1909f56bfc062723c751e8b465ee728b) [PhysX] Initialized MultithreadedTaskDispatcher with 16 workers.
[PhysX] Initialized MultithreadedTaskDispatcher with 16 workers.
 -> (artifact id: 'f73196608bb8b863dff076cb1de8cf35') in 0.008122 seconds
Number of updated asset objects reloaded before import = 0
Number of asset objects unloaded after import = 10
========================================================================
Received Import Request.
  Time since last request: 0.000020 seconds.
  path: Assets/RPG_FPS_game_assets_industrial/Roads/Floor_elevation_sets/UNIFloor_elevation_set_v1/UNIConcrete_wall_v1_W_end_1.prefab
  artifactKey: Guid(c3bbd9f38e0f2744a9cd075aabf8c52d) Importer(815301076,1909f56bfc062723c751e8b465ee728b)
Start importing Assets/RPG_FPS_game_assets_industrial/Roads/Floor_elevation_sets/UNIFloor_elevation_set_v1/UNIConcrete_wall_v1_W_end_1.prefab using Guid(c3bbd9f38e0f2744a9cd075aabf8c52d) Importer(815301076,1909f56bfc062723c751e8b465ee728b) [PhysX] Initialized MultithreadedTaskDispatcher with 16 workers.
[PhysX] Initialized MultithreadedTaskDispatcher with 16 workers.
 -> (artifact id: 'dd357069507bc8da652f210140d8f361') in 0.008467 seconds
Number of updated asset objects reloaded before import = 0
Number of asset objects unloaded after import = 10
========================================================================
Received Import Request.
  Time since last request: 0.000019 seconds.
  path: Assets/RPG_FPS_game_assets_industrial/Roads/Floor_elevation_sets/UNIFloor_elevation_set_v1/UNIConcrete_wall_v1_W_end_3.prefab
  artifactKey: Guid(51ef0a690170e4447993cb966ef83781) Importer(815301076,1909f56bfc062723c751e8b465ee728b)
Start importing Assets/RPG_FPS_game_assets_industrial/Roads/Floor_elevation_sets/UNIFloor_elevation_set_v1/UNIConcrete_wall_v1_W_end_3.prefab using Guid(51ef0a690170e4447993cb966ef83781) Importer(815301076,1909f56bfc062723c751e8b465ee728b) [PhysX] Initialized MultithreadedTaskDispatcher with 16 workers.
[PhysX] Initialized MultithreadedTaskDispatcher with 16 workers.
 -> (artifact id: 'c0400aec22ba68b212d60018f17435a3') in 0.007888 seconds
Number of updated asset objects reloaded before import = 0
Number of asset objects unloaded after import = 10
========================================================================
Received Import Request.
  Time since last request: 0.008235 seconds.
  path: Assets/RPG_FPS_game_assets_industrial/Roads/Floor_elevation_sets/UNIFloor_elevation_set_v1/UNIConcrete_wall_v1_W_tile_1.prefab
  artifactKey: Guid(ce4929b3f402674448dd1e25c648d9b7) Importer(815301076,1909f56bfc062723c751e8b465ee728b)
Start importing Assets/RPG_FPS_game_assets_industrial/Roads/Floor_elevation_sets/UNIFloor_elevation_set_v1/UNIConcrete_wall_v1_W_tile_1.prefab using Guid(ce4929b3f402674448dd1e25c648d9b7) Importer(815301076,1909f56bfc062723c751e8b465ee728b) [PhysX] Initialized MultithreadedTaskDispatcher with 16 workers.
[PhysX] Initialized MultithreadedTaskDispatcher with 16 workers.
 -> (artifact id: '93b3e2f4018a0c44ff09c44ff317787f') in 0.008556 seconds
Number of updated asset objects reloaded before import = 0
Number of asset objects unloaded after import = 10
========================================================================
Received Import Request.
  Time since last request: 0.000025 seconds.
  path: Assets/RPG_FPS_game_assets_industrial/Roads/Floor_elevation_sets/UNIFloor_elevation_set_v1/UNIConcrete_wall_v1_W_2.prefab
  artifactKey: Guid(b31e382504d035d458b4818d7195a336) Importer(815301076,1909f56bfc062723c751e8b465ee728b)
Start importing Assets/RPG_FPS_game_assets_industrial/Roads/Floor_elevation_sets/UNIFloor_elevation_set_v1/UNIConcrete_wall_v1_W_2.prefab using Guid(b31e382504d035d458b4818d7195a336) Importer(815301076,1909f56bfc062723c751e8b465ee728b) [PhysX] Initialized MultithreadedTaskDispatcher with 16 workers.
[PhysX] Initialized MultithreadedTaskDispatcher with 16 workers.
 -> (artifact id: '319ddb20442a5d06005ea05229a22f0b') in 0.011022 seconds
Number of updated asset objects reloaded before import = 0
Number of asset objects unloaded after import = 20
========================================================================
Received Import Request.
  Time since last request: 0.000021 seconds.
  path: Assets/RPG_FPS_game_assets_industrial/Roads/Floor_elevation_sets/UNIFloor_elevation_set_v1/UNIConcrete_wall_v1_S_middle.prefab
  artifactKey: Guid(e08e48c08f76113458c351bd1e07e5ef) Importer(815301076,1909f56bfc062723c751e8b465ee728b)
Start importing Assets/RPG_FPS_game_assets_industrial/Roads/Floor_elevation_sets/UNIFloor_elevation_set_v1/UNIConcrete_wall_v1_S_middle.prefab using Guid(e08e48c08f76113458c351bd1e07e5ef) Importer(815301076,1909f56bfc062723c751e8b465ee728b) [PhysX] Initialized MultithreadedTaskDispatcher with 16 workers.
[PhysX] Initialized MultithreadedTaskDispatcher with 16 workers.
 -> (artifact id: '08d8dd511063883a91041af7aa272745') in 0.008734 seconds
Number of updated asset objects reloaded before import = 0
Number of asset objects unloaded after import = 10
========================================================================
Received Import Request.
  Time since last request: 64.499175 seconds.
  path: Assets/Flooded_Grounds/Prefabs/Buildings/Cabins/Cabin1_Deco_WindowGlass_A.prefab
  artifactKey: Guid(715fd63a46fbdbe4aaa1d6f63749e896) Importer(815301076,1909f56bfc062723c751e8b465ee728b)
Start importing Assets/Flooded_Grounds/Prefabs/Buildings/Cabins/Cabin1_Deco_WindowGlass_A.prefab using Guid(715fd63a46fbdbe4aaa1d6f63749e896) Importer(815301076,1909f56bfc062723c751e8b465ee728b) [PhysX] Initialized MultithreadedTaskDispatcher with 16 workers.
[PhysX] Initialized MultithreadedTaskDispatcher with 16 workers.
 -> (artifact id: '8742783c2acdf148c87d58fff6daeb93') in 0.093941 seconds
Number of updated asset objects reloaded before import = 0
Number of asset objects unloaded after import = 12
========================================================================
Received Import Request.
  Time since last request: 0.000026 seconds.
  path: Assets/Flooded_Grounds/Prefabs/Buildings/Cabins/Cabin2_End1.prefab
  artifactKey: Guid(3fd2fe4dce6b88f4e9f2fc1dcd085960) Importer(815301076,1909f56bfc062723c751e8b465ee728b)
Start importing Assets/Flooded_Grounds/Prefabs/Buildings/Cabins/Cabin2_End1.prefab using Guid(3fd2fe4dce6b88f4e9f2fc1dcd085960) Importer(815301076,1909f56bfc062723c751e8b465ee728b) [PhysX] Initialized MultithreadedTaskDispatcher with 16 workers.
[PhysX] Initialized MultithreadedTaskDispatcher with 16 workers.
 -> (artifact id: '8046d76dbd4a8c66a8266d52286f113c') in 0.144128 seconds
Number of updated asset objects reloaded before import = 0
Number of asset objects unloaded after import = 17
========================================================================
Received Import Request.
  Time since last request: 0.000028 seconds.
  path: Assets/Flooded_Grounds/Prefabs/Buildings/Cabins/Cabin2_End2.prefab
  artifactKey: Guid(964f82ef1f120264f91e97059c36cc64) Importer(815301076,1909f56bfc062723c751e8b465ee728b)
Start importing Assets/Flooded_Grounds/Prefabs/Buildings/Cabins/Cabin2_End2.prefab using Guid(964f82ef1f120264f91e97059c36cc64) Importer(815301076,1909f56bfc062723c751e8b465ee728b) [PhysX] Initialized MultithreadedTaskDispatcher with 16 workers.
[PhysX] Initialized MultithreadedTaskDispatcher with 16 workers.
 -> (artifact id: 'b3809477cc12169a0e3eb42ee9289ebf') in 0.054975 seconds
Number of updated asset objects reloaded before import = 0
Number of asset objects unloaded after import = 17
========================================================================
Received Import Request.
  Time since last request: 0.000052 seconds.
  path: Assets/Flooded_Grounds/Prefabs/Buildings/Cabins/Cabin2_Stairs.prefab
  artifactKey: Guid(de27278e60c8d8b42a3ae02c5da3edf8) Importer(815301076,1909f56bfc062723c751e8b465ee728b)
Start importing Assets/Flooded_Grounds/Prefabs/Buildings/Cabins/Cabin2_Stairs.prefab using Guid(de27278e60c8d8b42a3ae02c5da3edf8) Importer(815301076,1909f56bfc062723c751e8b465ee728b) [PhysX] Initialized MultithreadedTaskDispatcher with 16 workers.
[PhysX] Initialized MultithreadedTaskDispatcher with 16 workers.
 -> (artifact id: 'eda318616a9a7d2ed396b9f709642b84') in 0.052359 seconds
Number of updated asset objects reloaded before import = 0
Number of asset objects unloaded after import = 17
========================================================================
Received Import Request.
  Time since last request: 0.000030 seconds.
  path: Assets/Flooded_Grounds/Prefabs/Buildings/Cabins/Outhouse_A.prefab
  artifactKey: Guid(42f9613ec0908c044b86298687d21ba2) Importer(815301076,1909f56bfc062723c751e8b465ee728b)
Start importing Assets/Flooded_Grounds/Prefabs/Buildings/Cabins/Outhouse_A.prefab using Guid(42f9613ec0908c044b86298687d21ba2) Importer(815301076,1909f56bfc062723c751e8b465ee728b) [PhysX] Initialized MultithreadedTaskDispatcher with 16 workers.
[PhysX] Initialized MultithreadedTaskDispatcher with 16 workers.
 -> (artifact id: 'ecfb24de2a5a587b6b8a2e0ad7d91c9c') in 0.050546 seconds
Number of updated asset objects reloaded before import = 0
Number of asset objects unloaded after import = 17
========================================================================
Received Import Request.
  Time since last request: 0.000063 seconds.
  path: Assets/Flooded_Grounds/Prefabs/Buildings/Cabins/Cabin2_Deco_WindowGlass_A.prefab
  artifactKey: Guid(773c221436526d44f8af6a31cd3c49ad) Importer(815301076,1909f56bfc062723c751e8b465ee728b)
Start importing Assets/Flooded_Grounds/Prefabs/Buildings/Cabins/Cabin2_Deco_WindowGlass_A.prefab using Guid(773c221436526d44f8af6a31cd3c49ad) Importer(815301076,1909f56bfc062723c751e8b465ee728b) [PhysX] Initialized MultithreadedTaskDispatcher with 16 workers.
[PhysX] Initialized MultithreadedTaskDispatcher with 16 workers.
 -> (artifact id: 'bd5d33443c57df4289978b036a2a373a') in 0.019948 seconds
Number of updated asset objects reloaded before import = 0
Number of asset objects unloaded after import = 12
========================================================================
Received Import Request.
  Time since last request: 3.866513 seconds.
  path: Assets/Flooded_Grounds/Prefabs/Buildings/Bridge/BLD_Bridge_B.prefab
  artifactKey: Guid(6f60540659e8d0040aaae31620c1ac44) Importer(815301076,1909f56bfc062723c751e8b465ee728b)
Start importing Assets/Flooded_Grounds/Prefabs/Buildings/Bridge/BLD_Bridge_B.prefab using Guid(6f60540659e8d0040aaae31620c1ac44) Importer(815301076,1909f56bfc062723c751e8b465ee728b) [PhysX] Initialized MultithreadedTaskDispatcher with 16 workers.
[PhysX] Initialized MultithreadedTaskDispatcher with 16 workers.
 -> (artifact id: 'd5d0d29b70674be59da8c763ef561a0e') in 0.163210 seconds
Number of updated asset objects reloaded before import = 0
Number of asset objects unloaded after import = 34
========================================================================
Received Import Request.
  Time since last request: 427.657613 seconds.
  path: Assets/Flooded_Grounds/Prefabs/Buildings/BrickHouse/BrickHouse_Deco_Handrail_A.prefab
  artifactKey: Guid(6a8ddc2ca1fe3f642beafd6fdd154d77) Importer(815301076,1909f56bfc062723c751e8b465ee728b)
Start importing Assets/Flooded_Grounds/Prefabs/Buildings/BrickHouse/BrickHouse_Deco_Handrail_A.prefab using Guid(6a8ddc2ca1fe3f642beafd6fdd154d77) Importer(815301076,1909f56bfc062723c751e8b465ee728b) [PhysX] Initialized MultithreadedTaskDispatcher with 16 workers.
[PhysX] Initialized MultithreadedTaskDispatcher with 16 workers.
 -> (artifact id: 'f4bb24f7a4a921ad6682494e7fda6023') in 0.105552 seconds
Number of updated asset objects reloaded before import = 0
Number of asset objects unloaded after import = 15
========================================================================
Received Import Request.
  Time since last request: 0.000031 seconds.
  path: Assets/Flooded_Grounds/Prefabs/Buildings/BrickHouse/BrickHouse_End_A.prefab
  artifactKey: Guid(fa3b1e3b9faf39b4cbc9301d3dd1c175) Importer(815301076,1909f56bfc062723c751e8b465ee728b)
Start importing Assets/Flooded_Grounds/Prefabs/Buildings/BrickHouse/BrickHouse_End_A.prefab using Guid(fa3b1e3b9faf39b4cbc9301d3dd1c175) Importer(815301076,1909f56bfc062723c751e8b465ee728b) [PhysX] Initialized MultithreadedTaskDispatcher with 16 workers.
[PhysX] Initialized MultithreadedTaskDispatcher with 16 workers.
 -> (artifact id: '37171c1b3bc627eadf0e923f1e1e391f') in 0.068384 seconds
Number of updated asset objects reloaded before import = 0
Number of asset objects unloaded after import = 15
========================================================================
Received Import Request.
  Time since last request: 0.000042 seconds.
  path: Assets/Flooded_Grounds/Prefabs/Buildings/BrickHouse/BrickHouse_IntWall_A.prefab
  artifactKey: Guid(32d75b8d1b966c6489dd7b9cea692094) Importer(815301076,1909f56bfc062723c751e8b465ee728b)
Start importing Assets/Flooded_Grounds/Prefabs/Buildings/BrickHouse/BrickHouse_IntWall_A.prefab using Guid(32d75b8d1b966c6489dd7b9cea692094) Importer(815301076,1909f56bfc062723c751e8b465ee728b) [PhysX] Initialized MultithreadedTaskDispatcher with 16 workers.
[PhysX] Initialized MultithreadedTaskDispatcher with 16 workers.
 -> (artifact id: 'e9d747ecdedcdcfd6090dfa84d5d0739') in 0.035250 seconds
Number of updated asset objects reloaded before import = 0
Number of asset objects unloaded after import = 15
========================================================================
Received Import Request.
  Time since last request: 0.000025 seconds.
  path: Assets/Flooded_Grounds/Prefabs/Buildings/BrickHouse/BrickHouse_Floor_Mid_A_DM_A.prefab
  artifactKey: Guid(929978fd58ecd9f4a8dfb230290db510) Importer(815301076,1909f56bfc062723c751e8b465ee728b)
Start importing Assets/Flooded_Grounds/Prefabs/Buildings/BrickHouse/BrickHouse_Floor_Mid_A_DM_A.prefab using Guid(929978fd58ecd9f4a8dfb230290db510) Importer(815301076,1909f56bfc062723c751e8b465ee728b) [PhysX] Initialized MultithreadedTaskDispatcher with 16 workers.
[PhysX] Initialized MultithreadedTaskDispatcher with 16 workers.
 -> (artifact id: '89c5f74eaa8e28b36591568497622ea4') in 0.059640 seconds
Number of updated asset objects reloaded before import = 0
Number of asset objects unloaded after import = 15
========================================================================
Received Import Request.
  Time since last request: 0.000020 seconds.
  path: Assets/Flooded_Grounds/Prefabs/Buildings/BrickHouse/BrickHouse_Ext_B.prefab
  artifactKey: Guid(19dabbbfc2c1ea246a20ea6c8c8c2e92) Importer(815301076,1909f56bfc062723c751e8b465ee728b)
Start importing Assets/Flooded_Grounds/Prefabs/Buildings/BrickHouse/BrickHouse_Ext_B.prefab using Guid(19dabbbfc2c1ea246a20ea6c8c8c2e92) Importer(815301076,1909f56bfc062723c751e8b465ee728b) [PhysX] Initialized MultithreadedTaskDispatcher with 16 workers.
[PhysX] Initialized MultithreadedTaskDispatcher with 16 workers.
 -> (artifact id: '500e5d53ec228912765b80ac632939c2') in 0.047872 seconds
Number of updated asset objects reloaded before import = 0
Number of asset objects unloaded after import = 15
========================================================================
Received Import Request.
  Time since last request: 0.000027 seconds.
  path: Assets/Flooded_Grounds/Prefabs/Buildings/BrickHouse/BrickHouse_Deco_IntColumn_A.prefab
  artifactKey: Guid(91aa488086ba1864bac8975b7b13487b) Importer(815301076,1909f56bfc062723c751e8b465ee728b)
Start importing Assets/Flooded_Grounds/Prefabs/Buildings/BrickHouse/BrickHouse_Deco_IntColumn_A.prefab using Guid(91aa488086ba1864bac8975b7b13487b) Importer(815301076,1909f56bfc062723c751e8b465ee728b) [PhysX] Initialized MultithreadedTaskDispatcher with 16 workers.
[PhysX] Initialized MultithreadedTaskDispatcher with 16 workers.
 -> (artifact id: '4aeec2ebe5c3b1be5043aff17dd4802c') in 0.051158 seconds
Number of updated asset objects reloaded before import = 0
Number of asset objects unloaded after import = 15
========================================================================
Received Import Request.
  Time since last request: 0.000019 seconds.
  path: Assets/Flooded_Grounds/Prefabs/Buildings/BrickHouse/BrickHouse_Floor_Mid_A_DM_B.prefab
  artifactKey: Guid(172519860681a8b4cba807037132dde8) Importer(815301076,1909f56bfc062723c751e8b465ee728b)
Start importing Assets/Flooded_Grounds/Prefabs/Buildings/BrickHouse/BrickHouse_Floor_Mid_A_DM_B.prefab using Guid(172519860681a8b4cba807037132dde8) Importer(815301076,1909f56bfc062723c751e8b465ee728b) [PhysX] Initialized MultithreadedTaskDispatcher with 16 workers.
[PhysX] Initialized MultithreadedTaskDispatcher with 16 workers.
 -> (artifact id: 'bafa348bdee1e14026f559851d7e5492') in 0.058845 seconds
Number of updated asset objects reloaded before import = 0
Number of asset objects unloaded after import = 16
========================================================================
Received Import Request.
  Time since last request: 0.000025 seconds.
  path: Assets/Flooded_Grounds/Prefabs/Buildings/BrickHouse/BrickHouse_Floor_End_A_DM_A.prefab
  artifactKey: Guid(e2e47abf26e89c2468ffd16360aa882a) Importer(815301076,1909f56bfc062723c751e8b465ee728b)
Start importing Assets/Flooded_Grounds/Prefabs/Buildings/BrickHouse/BrickHouse_Floor_End_A_DM_A.prefab using Guid(e2e47abf26e89c2468ffd16360aa882a) Importer(815301076,1909f56bfc062723c751e8b465ee728b) [PhysX] Initialized MultithreadedTaskDispatcher with 16 workers.
[PhysX] Initialized MultithreadedTaskDispatcher with 16 workers.
 -> (artifact id: 'c767e2d1b8c5358b5413ac0fd0866ae9') in 0.045877 seconds
Number of updated asset objects reloaded before import = 0
Number of asset objects unloaded after import = 15
========================================================================
Received Import Request.
  Time since last request: 0.000037 seconds.
  path: Assets/Flooded_Grounds/Prefabs/Buildings/BrickHouse/BrickHouse_Mid_B.prefab
  artifactKey: Guid(f4d2356b6ba44cd408e5e133a4a1f2cd) Importer(815301076,1909f56bfc062723c751e8b465ee728b)
Start importing Assets/Flooded_Grounds/Prefabs/Buildings/BrickHouse/BrickHouse_Mid_B.prefab using Guid(f4d2356b6ba44cd408e5e133a4a1f2cd) Importer(815301076,1909f56bfc062723c751e8b465ee728b) [PhysX] Initialized MultithreadedTaskDispatcher with 16 workers.
[PhysX] Initialized MultithreadedTaskDispatcher with 16 workers.
 -> (artifact id: '2d6ef47a6391ea8586078aac86b8505f') in 0.061051 seconds
Number of updated asset objects reloaded before import = 0
Number of asset objects unloaded after import = 15
========================================================================
Received Import Request.
  Time since last request: 0.000021 seconds.
  path: Assets/Flooded_Grounds/Prefabs/Buildings/BrickHouse/BrickHouse_Door_A.prefab
  artifactKey: Guid(7c026980fc17fa642b7a22557ebb0007) Importer(815301076,1909f56bfc062723c751e8b465ee728b)
Start importing Assets/Flooded_Grounds/Prefabs/Buildings/BrickHouse/BrickHouse_Door_A.prefab using Guid(7c026980fc17fa642b7a22557ebb0007) Importer(815301076,1909f56bfc062723c751e8b465ee728b) [PhysX] Initialized MultithreadedTaskDispatcher with 16 workers.
[PhysX] Initialized MultithreadedTaskDispatcher with 16 workers.
 -> (artifact id: '521a03278d245d2232bbc53e3c489bdd') in 0.040604 seconds
Number of updated asset objects reloaded before import = 0
Number of asset objects unloaded after import = 14
========================================================================
Received Import Request.
  Time since last request: 0.000021 seconds.
  path: Assets/Flooded_Grounds/Prefabs/Buildings/BrickHouse/BrickHouse_Mid_A.prefab
  artifactKey: Guid(a169505b1ca79d04e97789db788de88c) Importer(815301076,1909f56bfc062723c751e8b465ee728b)
Start importing Assets/Flooded_Grounds/Prefabs/Buildings/BrickHouse/BrickHouse_Mid_A.prefab using Guid(a169505b1ca79d04e97789db788de88c) Importer(815301076,1909f56bfc062723c751e8b465ee728b) [PhysX] Initialized MultithreadedTaskDispatcher with 16 workers.
[PhysX] Initialized MultithreadedTaskDispatcher with 16 workers.
 -> (artifact id: '7aed58f93f31ddd8d0046f0e81369c1e') in 0.040928 seconds
Number of updated asset objects reloaded before import = 0
Number of asset objects unloaded after import = 15
========================================================================
Received Import Request.
  Time since last request: 0.000021 seconds.
  path: Assets/Flooded_Grounds/Prefabs/Buildings/BrickHouse/BrickHouse_Deco_WindowGlass_B.prefab
  artifactKey: Guid(eaaa713946d21c349acbc0f8b739f316) Importer(815301076,1909f56bfc062723c751e8b465ee728b)
Start importing Assets/Flooded_Grounds/Prefabs/Buildings/BrickHouse/BrickHouse_Deco_WindowGlass_B.prefab using Guid(eaaa713946d21c349acbc0f8b739f316) Importer(815301076,1909f56bfc062723c751e8b465ee728b) [PhysX] Initialized MultithreadedTaskDispatcher with 16 workers.
[PhysX] Initialized MultithreadedTaskDispatcher with 16 workers.
 -> (artifact id: '9e623f61f7f82f6d4a247daf1647a843') in 0.014907 seconds
Number of updated asset objects reloaded before import = 0
Number of asset objects unloaded after import = 12
========================================================================
Received Import Request.
  Time since last request: 0.000016 seconds.
  path: Assets/Flooded_Grounds/Prefabs/Buildings/BrickHouse/BrickHouse_Floor_Mid_B.prefab
  artifactKey: Guid(3f9bb54b0ba0f5a4b8aa264f45880ffc) Importer(815301076,1909f56bfc062723c751e8b465ee728b)
Start importing Assets/Flooded_Grounds/Prefabs/Buildings/BrickHouse/BrickHouse_Floor_Mid_B.prefab using Guid(3f9bb54b0ba0f5a4b8aa264f45880ffc) Importer(815301076,1909f56bfc062723c751e8b465ee728b) [PhysX] Initialized MultithreadedTaskDispatcher with 16 workers.
[PhysX] Initialized MultithreadedTaskDispatcher with 16 workers.
 -> (artifact id: 'c3ce0775e871b7685336ef74bde7e7f2') in 0.060493 seconds
Number of updated asset objects reloaded before import = 0
Number of asset objects unloaded after import = 15
Editor requested this worker to shutdown with reason: Scaling down because of idle timeout
TcpMessagingSession - receive error: operation aborted. errorcode: 995, details: The I/O operation has been aborted because of either a thread exit or an application request.
AssetImportWorker is now disconnected from the server
Process exiting
Exiting without the bug reporter. Application will terminate with return code 0