Using pre-set license
Built from '2022.3/staging' branch; Version is '2022.3.36f1 (95a4219250e5) revision 9806881'; Using compiler version '192829333'; Build Type 'Release'
OS: 'Windows 11  (10.0.22631) 64bit Professional' Language: 'en' Physical Memory: 15713 MB
BatchMode: 1, IsHumanControllingUs: 0, StartBugReporterOnCrash: 0, Is64bit: 1, IsPro: 1

COMMAND LINE ARGUMENTS:
C:\Program Files\Unity\Hub\Editor\2022.3.36f1\Editor\Unity.exe
-adb2
-batchMode
-noUpm
-name
AssetImportWorker50
-projectPath
C:/Users/emiry/Documents/GitHub/U80
-logFile
Logs/AssetImportWorker50.log
-srvPort
57102
Successfully changed project path to: C:/Users/emiry/Documents/GitHub/U80
C:/Users/emiry/Documents/GitHub/U80
[UnityMemory] Configuration Parameters - Can be set up in boot.config
    "memorysetup-bucket-allocator-granularity=16"
    "memorysetup-bucket-allocator-bucket-count=8"
    "memorysetup-bucket-allocator-block-size=33554432"
    "memorysetup-bucket-allocator-block-count=8"
    "memorysetup-main-allocator-block-size=16777216"
    "memorysetup-thread-allocator-block-size=16777216"
    "memorysetup-gfx-main-allocator-block-size=16777216"
    "memorysetup-gfx-thread-allocator-block-size=16777216"
    "memorysetup-cache-allocator-block-size=4194304"
    "memorysetup-typetree-allocator-block-size=2097152"
    "memorysetup-profiler-bucket-allocator-granularity=16"
    "memorysetup-profiler-bucket-allocator-bucket-count=8"
    "memorysetup-profiler-bucket-allocator-block-size=33554432"
    "memorysetup-profiler-bucket-allocator-block-count=8"
    "memorysetup-profiler-allocator-block-size=16777216"
    "memorysetup-profiler-editor-allocator-block-size=1048576"
    "memorysetup-temp-allocator-size-main=16777216"
    "memorysetup-job-temp-allocator-block-size=2097152"
    "memorysetup-job-temp-allocator-block-size-background=1048576"
    "memorysetup-job-temp-allocator-reduction-small-platforms=262144"
    "memorysetup-allocator-temp-initial-block-size-main=262144"
    "memorysetup-allocator-temp-initial-block-size-worker=262144"
    "memorysetup-temp-allocator-size-background-worker=32768"
    "memorysetup-temp-allocator-size-job-worker=262144"
    "memorysetup-temp-allocator-size-preload-manager=33554432"
    "memorysetup-temp-allocator-size-nav-mesh-worker=65536"
    "memorysetup-temp-allocator-size-audio-worker=65536"
    "memorysetup-temp-allocator-size-cloud-worker=32768"
    "memorysetup-temp-allocator-size-gi-baking-worker=262144"
    "memorysetup-temp-allocator-size-gfx=262144"
Player connection [36048] Host "[IP] 192.168.0.19 [Port] 0 [Flags] 2 [Guid] 928867161 [EditorId] 928867161 [Version] 1048832 [Id] WindowsEditor(7,Hootbu) [Debug] 1 [PackageName] WindowsEditor [ProjectName] Editor" joined multi-casting on [225.0.0.222:54997]...

Player connection [36048] Host "[IP] 192.168.0.19 [Port] 0 [Flags] 2 [Guid] 928867161 [EditorId] 928867161 [Version] 1048832 [Id] WindowsEditor(7,Hootbu) [Debug] 1 [PackageName] WindowsEditor [ProjectName] Editor" joined alternative multi-casting on [225.0.0.222:34997]...

[PhysX] Initialized MultithreadedTaskDispatcher with 16 workers.
Refreshing native plugins compatible for Editor in 9.98 ms, found 3 plugins.
Preloading 0 native plugins for Editor in 0.00 ms.
Initialize engine version: 2022.3.36f1 (95a4219250e5)
[Subsystems] Discovering subsystems at path C:/Program Files/Unity/Hub/Editor/2022.3.36f1/Editor/Data/Resources/UnitySubsystems
[Subsystems] Discovering subsystems at path C:/Users/emiry/Documents/GitHub/U80/Assets
GfxDevice: creating device client; threaded=0; jobified=0
Direct3D:
    Version:  Direct3D 11.0 [level 11.1]
    Renderer: NVIDIA GeForce RTX 3050 Ti Laptop GPU (ID=0x25a0)
    Vendor:   NVIDIA
    VRAM:     3962 MB
    Driver:   32.0.15.6070
Initialize mono
Mono path[0] = 'C:/Program Files/Unity/Hub/Editor/2022.3.36f1/Editor/Data/Managed'
Mono path[1] = 'C:/Program Files/Unity/Hub/Editor/2022.3.36f1/Editor/Data/MonoBleedingEdge/lib/mono/unityjit-win32'
Mono config path = 'C:/Program Files/Unity/Hub/Editor/2022.3.36f1/Editor/Data/MonoBleedingEdge/etc'
Using monoOptions --debugger-agent=transport=dt_socket,embedding=1,server=y,suspend=n,address=127.0.0.1:56936
Begin MonoManager ReloadAssembly
Registering precompiled unity dll's ...
Register platform support module: C:/Program Files/Unity/Hub/Editor/2022.3.36f1/Editor/Data/PlaybackEngines/WindowsStandaloneSupport/UnityEditor.WindowsStandalone.Extensions.dll
Registered in 0.008291 seconds.
- Loaded All Assemblies, in  0.327 seconds
Native extension for WindowsStandalone target not found
Mono: successfully reloaded assembly
- Finished resetting the current domain, in  0.353 seconds
Domain Reload Profiling: 678ms
	BeginReloadAssembly (96ms)
		ExecutionOrderSort (0ms)
		DisableScriptedObjects (0ms)
		BackupInstance (0ms)
		ReleaseScriptingObjects (0ms)
		CreateAndSetChildDomain (1ms)
	RebuildCommonClasses (29ms)
	RebuildNativeTypeToScriptingClass (9ms)
	initialDomainReloadingComplete (56ms)
	LoadAllAssembliesAndSetupDomain (135ms)
		LoadAssemblies (94ms)
		RebuildTransferFunctionScriptingTraits (0ms)
		AnalyzeDomain (133ms)
			TypeCache.Refresh (132ms)
				TypeCache.ScanAssembly (113ms)
			ScanForSourceGeneratedMonoScriptInfo (0ms)
			ResolveRequiredComponents (1ms)
	FinalizeReload (353ms)
		ReleaseScriptCaches (0ms)
		RebuildScriptCaches (0ms)
		SetupLoadedEditorAssemblies (287ms)
			LogAssemblyErrors (0ms)
			InitializePlatformSupportModulesInManaged (10ms)
			SetLoadedEditorAssemblies (9ms)
			RefreshPlugins (0ms)
			BeforeProcessingInitializeOnLoad (2ms)
			ProcessInitializeOnLoadAttributes (207ms)
			ProcessInitializeOnLoadMethodAttributes (59ms)
			AfterProcessingInitializeOnLoad (0ms)
			EditorAssembliesLoaded (0ms)
		ExecutionOrderSort2 (0ms)
		AwakeInstancesAfterBackupRestoration (0ms)
========================================================================
Worker process is ready to serve import requests
Begin MonoManager ReloadAssembly
- Loaded All Assemblies, in  0.647 seconds
Refreshing native plugins compatible for Editor in 3.73 ms, found 3 plugins.
Native extension for WindowsStandalone target not found
Package Manager log level set to [2]
[Package Manager] Server::EnsureServerProcessIsRunning -- launch failed, reason: Unity was launched with the -noUpm command-line argument
[Package Manager] UpmClient::Send -- Unable to send message (not connected to UPM process).
[Package Manager] Cannot connect to Unity Package Manager local server
Mono: successfully reloaded assembly
- Finished resetting the current domain, in  0.674 seconds
Domain Reload Profiling: 1318ms
	BeginReloadAssembly (154ms)
		ExecutionOrderSort (0ms)
		DisableScriptedObjects (5ms)
		BackupInstance (0ms)
		ReleaseScriptingObjects (0ms)
		CreateAndSetChildDomain (21ms)
	RebuildCommonClasses (40ms)
	RebuildNativeTypeToScriptingClass (9ms)
	initialDomainReloadingComplete (40ms)
	LoadAllAssembliesAndSetupDomain (401ms)
		LoadAssemblies (320ms)
		RebuildTransferFunctionScriptingTraits (0ms)
		AnalyzeDomain (168ms)
			TypeCache.Refresh (147ms)
				TypeCache.ScanAssembly (135ms)
			ScanForSourceGeneratedMonoScriptInfo (15ms)
			ResolveRequiredComponents (4ms)
	FinalizeReload (675ms)
		ReleaseScriptCaches (0ms)
		RebuildScriptCaches (0ms)
		SetupLoadedEditorAssemblies (540ms)
			LogAssemblyErrors (0ms)
			InitializePlatformSupportModulesInManaged (6ms)
			SetLoadedEditorAssemblies (4ms)
			RefreshPlugins (0ms)
			BeforeProcessingInitializeOnLoad (60ms)
			ProcessInitializeOnLoadAttributes (443ms)
			ProcessInitializeOnLoadMethodAttributes (20ms)
			AfterProcessingInitializeOnLoad (7ms)
			EditorAssembliesLoaded (0ms)
		ExecutionOrderSort2 (0ms)
		AwakeInstancesAfterBackupRestoration (6ms)
Launched and connected shader compiler UnityShaderCompiler.exe after 0.06 seconds
Refreshing native plugins compatible for Editor in 4.51 ms, found 3 plugins.
Preloading 0 native plugins for Editor in 0.00 ms.
Unloading 3865 Unused Serialized files (Serialized files now loaded: 0)
Unloading 69 unused Assets / (2.0 MB). Loaded Objects now: 4362.
Memory consumption went from 209.7 MB to 207.7 MB.
Total: 3.601700 ms (FindLiveObjects: 0.304700 ms CreateObjectMapping: 0.126000 ms MarkObjects: 2.611500 ms  DeleteObjects: 0.558100 ms)

AssetImportParameters requested are different than current active one (requested -> active):
  custom:scripting/monoscript/fileName/ProOnlyRangeDrawer.cs: 06dbe8928c84ff230293cb0233df1ecf -> 
  custom:scripting/monoscript/fileName/UMouseExample.cs: 06ff0cf67586c692ac70428e7b92deb0 -> 
  custom:container-demuxer-ogg: 62fdf1f143b41e24485cea50d1cbac27 -> 
  custom:scripting/monoscript/fileName/UaMenu.cs: 82495984b996c9bd458f6dae6952899d -> 
  custom:scripting/monoscript/fileName/TypeSpecBus.cs: bdf891ea43972f99bd350e20e54e2548 -> 
  custom:scripting/monoscript/fileName/LUAppState.cs: dd879bee3a6e5af3d4125fb39f7658a2 -> 
  custom:video-codec-MediaFoundation-h265: 746d11721c4dcdbdad8f713fa42b33f4 -> 
  custom:video-decoder-ogg-theora: a1e56fd34408186e4bbccfd4996cb3dc -> 
  custom:scripting/monoscript/fileName/UStateHandlerExample.cs: e2354a47a3578f345f469a64b7c2ae88 -> 
  custom:scripting/monoscript/fileName/TypeSpecCar.cs: 4ae669c0479d6ce0b8b48d42f088c449 -> 
  custom:framework-win-MediaFoundation: 216162199b28c13a410421893ffa2e32 -> 
  custom:scripting/monoscript/fileName/VRoadProWindow.cs: 5c5b5f6b5b4591c405e6482a71222208 -> 
  custom:scripting/monoscript/fileName/URunTraffic.cs: ecda640a73b5f1869b517619e1535e85 -> 
  custom:scripting/monoscript/fileName/UaPlaySim.cs: 961b6e95b7d27f67e651da849808769f -> 
  custom:CustomObjectIndexerAttribute: 9a22284fe3817be447336de3de66b15e -> 
  custom:scripting/monoscript/fileName/UBuildMap.cs: ba6ca95d60e8dfb71d7ea960ed721b0a -> 
  custom:scripting/monoscript/fileName/UaCamControllerMain.cs: 608d6bfa8bce69f6af7eb0956d66c3f8 -> 
  custom:scripting/monoscript/fileName/Inspectable.cs: 8ead47a13b172630a7ed4c5efe8f13a0 -> 
  custom:container-demuxer-webm: 4f35f7cbe854078d1ac9338744f61a02 -> 
  custom:scripting/monoscript/fileName/UaMapMesh.cs: b66190f0285420f3bc2605dda63a5078 -> 
  custom:scripting/monoscript/fileName/UaBotHandler.cs: 795d79af38c398cb95c812b8006d49f7 -> 
  custom:scripting/monoscript/fileName/UaMapMeshMod.cs: c4833c742638c0c376d232484c33ef08 -> 
  custom:scripting/monoscript/fileName/UaMouse.cs: 990db2078e3ac352b1ad7f578047ae37 -> 
  custom:scripting/monoscript/fileName/TypeSpecTrailer.cs: c3ba11576f622c42f695f463ca32201e -> 
  custom:scripting/monoscript/fileName/VRoadEditorWindow.cs: 4521b77ca15c3f0d13a89bae499f7fad -> 
  custom:container-muxer-webm: aa71ff27fc2769a1b78a27578f13a17b -> 
  custom:scripting/monoscript/fileName/UPlaySimExamplePrefab.cs: d45adc0f0aa2cbdc230e508f78c98512 -> 
  custom:scripting/monoscript/fileName/SubMesh.cs: 97ce68bef3a65664402b82bdbf7ec7f2 -> 
  custom:video-decoder-webm-vp8: 9c59270c3fd7afecdb556c50c9e8de78 -> 
  custom:scripting/monoscript/fileName/MeshTools.cs: bc8e9953a6f81d796be6a4867efbeca6 -> 
  custom:SearchIndexIgnoredProperties: e643bd26f0fe6173181afceb89e7c659 -> 
  custom:AudioImporter_EditorPlatform: d09bf68614088b80899f8185d706f6e7 -> 
  custom:scripting/monoscript/fileName/XyzExtensions.cs: 699a038b2c4b7bdfd27595f05c673221 -> 
  custom:scripting/monoscript/fileName/ProOnlyDrawer.cs: 140c74f6d98aa6a2f75693f5a2cf72de -> 
  custom:scripting/monoscript/fileName/URunTrafficAndroid.cs: 13ba57ee74ec160ed8ca441a704aed81 -> 
  custom:scripting/monoscript/fileName/UPlaySimExample.cs: db2853e1d5d0b0b01a3cea3bd2175faa -> 
  custom:scripting/monoscript/fileName/SceneSaveMonitor.cs: 002ada5a09e4c3ea15cbb45620dd9ea4 -> 
  custom:scripting/monoscript/fileName/NamedSubMesh.cs: f9f93af626b46fe3d18408f6771d72b8 -> 
  custom:scripting/monoscript/fileName/TypeSpecTruck.cs: 4e1a951ed4ac097814c5926b8bcf0bd6 -> 
  custom:video-encoder-webm-vp8: eb34c28f22e8b96e1ab97ce403110664 -> 
  custom:scripting/monoscript/fileName/UExitHandler.cs: 65b422a42c87c5906ca5ab6c9917cd3f -> 
  custom:scripting/monoscript/fileName/ReadOnlyDrawer.cs: b26c4fb1328166ff0500ab0eb78a23c9 -> 
  custom:scripting/monoscript/fileName/AnimatorPedEventReceiver.cs: 02970d66fc89aa32d11fbf4ed57b2393 -> 
  custom:audio-decoder-ogg-vorbis: bf7c407c2cedff20999df2af8eb42d56 -> 
  custom:scripting/monoscript/fileName/UExternalReporterExample.cs: b47dced26726bc1c6cca3385d51d545e -> 
  custom:scripting/monoscript/fileName/UaGamePad.cs: c009e1ef2c316b725495851113c4bcc1 -> 
  custom:scripting/monoscript/fileName/UComment.cs: 2f18d587f279c5c266364d1be9c69d89 -> 
  custom:scripting/monoscript/fileName/UaStateHandler.cs: 2c899633784028fc2ed2ec0f88d26ad5 -> 
  custom:scripting/monoscript/fileName/VRoadWindow.cs: 9b3e75131f5e1d1006211fcab64dc0d7 -> 
  custom:scripting/monoscript/fileName/RoofWrapper.cs: 1e67134df3309cf12ec355d1e5f72a72 -> 
  custom:scripting/monoscript/fileName/UCamControllerExample.cs: d60969678431ad1e2c929f367987fdf1 -> 
  custom:scripting/monoscript/fileName/UBotHandlerExample.cs: a6b4b3b74faa6205a93a9c9249a520f5 -> 
  custom:scripting/monoscript/fileName/UaExternalReporter.cs: 9f8124b70e002cfea54794948b421510 -> 
  custom:audio-encoder-webm-vorbis: bf7c407c2cedff20999df2af8eb42d56 -> 
  custom:scripting/monoscript/fileName/UMenuExample.cs: a5fe31719e8c44b99bec5f364b1a80dc -> 
  custom:scripting/monoscript/fileName/ExternalMapBuilder.cs: e8b19924eeafd6b5db8da6982614af93 -> 
  custom:scripting/monoscript/fileName/UMapMeshExample.cs: aaf935164b4a0db731a09f13538b3a9f -> 
  custom:scripting/monoscript/fileName/SA.cs: 2a89a45dff2f5d604c0dc515647f54f9 -> 
========================================================================
Received Import Request.
  Time since last request: 178867.351797 seconds.
  path: Assets/russian_buildings/textures/rus_build_16.png
  artifactKey: Guid(dede1148035556a438cfe45a35cdd01c) Importer(815301076,1909f56bfc062723c751e8b465ee728b)
Start importing Assets/russian_buildings/textures/rus_build_16.png using Guid(dede1148035556a438cfe45a35cdd01c) Importer(815301076,1909f56bfc062723c751e8b465ee728b) [PhysX] Initialized MultithreadedTaskDispatcher with 16 workers.
[PhysX] Initialized MultithreadedTaskDispatcher with 16 workers.
 -> (artifact id: '61c8f193b4aad2911bfbcb7df5587943') in 0.060349 seconds
Number of updated asset objects reloaded before import = 0
Number of asset objects unloaded after import = 2
========================================================================
Received Import Request.
  Time since last request: 0.326609 seconds.
  path: Assets/russian_buildings/textures/rus_build_08_s.png
  artifactKey: Guid(2f20fd39e8116d74a882d1b04bde5036) Importer(815301076,1909f56bfc062723c751e8b465ee728b)
Start importing Assets/russian_buildings/textures/rus_build_08_s.png using Guid(2f20fd39e8116d74a882d1b04bde5036) Importer(815301076,1909f56bfc062723c751e8b465ee728b) [PhysX] Initialized MultithreadedTaskDispatcher with 16 workers.
[PhysX] Initialized MultithreadedTaskDispatcher with 16 workers.
 -> (artifact id: 'effa39d2e8447200402d287cd5ccc81b') in 0.007550 seconds
Number of updated asset objects reloaded before import = 0
Number of asset objects unloaded after import = 2
========================================================================
Received Import Request.
  Time since last request: 0.000015 seconds.
  path: Assets/russian_buildings/textures/rus_build_10.png
  artifactKey: Guid(5a125ecd9eb58a84fbedcf7569256ab1) Importer(815301076,1909f56bfc062723c751e8b465ee728b)
Start importing Assets/russian_buildings/textures/rus_build_10.png using Guid(5a125ecd9eb58a84fbedcf7569256ab1) Importer(815301076,1909f56bfc062723c751e8b465ee728b) [PhysX] Initialized MultithreadedTaskDispatcher with 16 workers.
[PhysX] Initialized MultithreadedTaskDispatcher with 16 workers.
 -> (artifact id: '8375599c017aa4159d5773e0472c33a6') in 0.007868 seconds
Number of updated asset objects reloaded before import = 0
Number of asset objects unloaded after import = 2
========================================================================
Received Import Request.
  Time since last request: 0.000017 seconds.
  path: Assets/russian_buildings/textures/rus_build_13.png
  artifactKey: Guid(15ddd6bb39b9c484f9e34dd0b29568bf) Importer(815301076,1909f56bfc062723c751e8b465ee728b)
Start importing Assets/russian_buildings/textures/rus_build_13.png using Guid(15ddd6bb39b9c484f9e34dd0b29568bf) Importer(815301076,1909f56bfc062723c751e8b465ee728b) [PhysX] Initialized MultithreadedTaskDispatcher with 16 workers.
[PhysX] Initialized MultithreadedTaskDispatcher with 16 workers.
 -> (artifact id: 'ce0400e980e9758949b1b312b7576dce') in 0.007570 seconds
Number of updated asset objects reloaded before import = 0
Number of asset objects unloaded after import = 2
========================================================================
Received Import Request.
  Time since last request: 0.000018 seconds.
  path: Assets/russian_buildings/textures/rus_build_11_h.png
  artifactKey: Guid(db1d4d96b3a27984bad80d2025da46a4) Importer(815301076,1909f56bfc062723c751e8b465ee728b)
Start importing Assets/russian_buildings/textures/rus_build_11_h.png using Guid(db1d4d96b3a27984bad80d2025da46a4) Importer(815301076,1909f56bfc062723c751e8b465ee728b) [PhysX] Initialized MultithreadedTaskDispatcher with 16 workers.
[PhysX] Initialized MultithreadedTaskDispatcher with 16 workers.
 -> (artifact id: '7e5f8e9bea4afd84043e503a7fa0d4ff') in 0.008567 seconds
Number of updated asset objects reloaded before import = 0
Number of asset objects unloaded after import = 2
========================================================================
Received Import Request.
  Time since last request: 0.315605 seconds.
  path: Assets/russian_buildings/textures/rus_build_01_n.png
  artifactKey: Guid(d087ada33197fbb4c88e2c08bd36de20) Importer(815301076,1909f56bfc062723c751e8b465ee728b)
Start importing Assets/russian_buildings/textures/rus_build_01_n.png using Guid(d087ada33197fbb4c88e2c08bd36de20) Importer(815301076,1909f56bfc062723c751e8b465ee728b) [PhysX] Initialized MultithreadedTaskDispatcher with 16 workers.
[PhysX] Initialized MultithreadedTaskDispatcher with 16 workers.
 -> (artifact id: '830ea7b9dff4c783ecd19ce92ce59796') in 0.034602 seconds
Number of updated asset objects reloaded before import = 0
Number of asset objects unloaded after import = 2
========================================================================
Received Import Request.
  Time since last request: 0.000025 seconds.
  path: Assets/russian_buildings/textures/rus_build_06.png
  artifactKey: Guid(1aa5dc17d671bd448b9a1e9f5b6e7dbe) Importer(815301076,1909f56bfc062723c751e8b465ee728b)
Start importing Assets/russian_buildings/textures/rus_build_06.png using Guid(1aa5dc17d671bd448b9a1e9f5b6e7dbe) Importer(815301076,1909f56bfc062723c751e8b465ee728b) [PhysX] Initialized MultithreadedTaskDispatcher with 16 workers.
[PhysX] Initialized MultithreadedTaskDispatcher with 16 workers.
 -> (artifact id: '8337191553b8c7dd6a6a6fc9d14bccc8') in 0.008826 seconds
Number of updated asset objects reloaded before import = 0
Number of asset objects unloaded after import = 2
========================================================================
Received Import Request.
  Time since last request: 0.173466 seconds.
  path: Assets/RoadArchitect/Textures/Signs/RoadReflectorNormal.png
  artifactKey: Guid(ec77b0f247eeab0488233786da9dcece) Importer(815301076,1909f56bfc062723c751e8b465ee728b)
Start importing Assets/RoadArchitect/Textures/Signs/RoadReflectorNormal.png using Guid(ec77b0f247eeab0488233786da9dcece) Importer(815301076,1909f56bfc062723c751e8b465ee728b) [PhysX] Initialized MultithreadedTaskDispatcher with 16 workers.
[PhysX] Initialized MultithreadedTaskDispatcher with 16 workers.
 -> (artifact id: 'ce40a3442573d6dab43d1b9c31de4491') in 0.007140 seconds
Number of updated asset objects reloaded before import = 0
Number of asset objects unloaded after import = 2
========================================================================
Received Import Request.
  Time since last request: 0.012583 seconds.
  path: Assets/RoadArchitect/Textures/FedSigns/Square/RunawayVehiclesOnlyDiffuse.png
  artifactKey: Guid(c09aea19df4e3e7469436c269d47e4a8) Importer(815301076,1909f56bfc062723c751e8b465ee728b)
Start importing Assets/RoadArchitect/Textures/FedSigns/Square/RunawayVehiclesOnlyDiffuse.png using Guid(c09aea19df4e3e7469436c269d47e4a8) Importer(815301076,1909f56bfc062723c751e8b465ee728b) [PhysX] Initialized MultithreadedTaskDispatcher with 16 workers.
[PhysX] Initialized MultithreadedTaskDispatcher with 16 workers.
 -> (artifact id: '096b4f7d823ac8d668afe2692bec4bf7') in 0.007480 seconds
Number of updated asset objects reloaded before import = 0
Number of asset objects unloaded after import = 2
========================================================================
Received Import Request.
  Time since last request: 97.738862 seconds.
  path: Assets/LowpolyStreetPack/Prefabs/StreetProps/PlantPots/QuickBuild/PlantPot_A_V01.prefab
  artifactKey: Guid(5f8e8b7b7a2c586408e4c48f6cf88b9e) Importer(815301076,1909f56bfc062723c751e8b465ee728b)
Start importing Assets/LowpolyStreetPack/Prefabs/StreetProps/PlantPots/QuickBuild/PlantPot_A_V01.prefab using Guid(5f8e8b7b7a2c586408e4c48f6cf88b9e) Importer(815301076,1909f56bfc062723c751e8b465ee728b) [PhysX] Initialized MultithreadedTaskDispatcher with 16 workers.
[PhysX] Initialized MultithreadedTaskDispatcher with 16 workers.
 -> (artifact id: '64c02f2d1394be7cf6363c8c1d4dd7e5') in 0.131520 seconds
Number of updated asset objects reloaded before import = 0
Number of asset objects unloaded after import = 22
========================================================================
Received Import Request.
  Time since last request: 0.000060 seconds.
  path: Assets/LowpolyStreetPack/Prefabs/StreetProps/PlantPots/QuickBuild/PlantPot_A_V03.prefab
  artifactKey: Guid(ddfcbbb1c20f9974ca2e37062be14ba7) Importer(815301076,1909f56bfc062723c751e8b465ee728b)
Start importing Assets/LowpolyStreetPack/Prefabs/StreetProps/PlantPots/QuickBuild/PlantPot_A_V03.prefab using Guid(ddfcbbb1c20f9974ca2e37062be14ba7) Importer(815301076,1909f56bfc062723c751e8b465ee728b) [PhysX] Initialized MultithreadedTaskDispatcher with 16 workers.
[PhysX] Initialized MultithreadedTaskDispatcher with 16 workers.
 -> (artifact id: '5108609c0d05a60c717aa417d97072e2') in 0.037097 seconds
Number of updated asset objects reloaded before import = 0
Number of asset objects unloaded after import = 22
========================================================================
Received Import Request.
  Time since last request: 0.000043 seconds.
  path: Assets/LowpolyStreetPack/Prefabs/StreetProps/PlantPots/QuickBuild/PlantPot_A_V05.prefab
  artifactKey: Guid(1b50922de90e0654cbf5db85af07e8dc) Importer(815301076,1909f56bfc062723c751e8b465ee728b)
Start importing Assets/LowpolyStreetPack/Prefabs/StreetProps/PlantPots/QuickBuild/PlantPot_A_V05.prefab using Guid(1b50922de90e0654cbf5db85af07e8dc) Importer(815301076,1909f56bfc062723c751e8b465ee728b) [PhysX] Initialized MultithreadedTaskDispatcher with 16 workers.
[PhysX] Initialized MultithreadedTaskDispatcher with 16 workers.
 -> (artifact id: '2911f9a01994025b1f5b830d18c306a2') in 0.027591 seconds
Number of updated asset objects reloaded before import = 0
Number of asset objects unloaded after import = 22
========================================================================
Received Import Request.
  Time since last request: 0.000027 seconds.
  path: Assets/LowpolyStreetPack/Prefabs/StreetProps/PlantPots/QuickBuild/PlantPot_C_V03.prefab
  artifactKey: Guid(13bfc4c75c9ad4e4c9457712dbc8252a) Importer(815301076,1909f56bfc062723c751e8b465ee728b)
Start importing Assets/LowpolyStreetPack/Prefabs/StreetProps/PlantPots/QuickBuild/PlantPot_C_V03.prefab using Guid(13bfc4c75c9ad4e4c9457712dbc8252a) Importer(815301076,1909f56bfc062723c751e8b465ee728b) [PhysX] Initialized MultithreadedTaskDispatcher with 16 workers.
[PhysX] Initialized MultithreadedTaskDispatcher with 16 workers.
 -> (artifact id: '0808162ff64ba8f68fe226ffbf9e7800') in 0.024513 seconds
Number of updated asset objects reloaded before import = 0
Number of asset objects unloaded after import = 27
========================================================================
Received Import Request.
  Time since last request: 0.000017 seconds.
  path: Assets/LowpolyStreetPack/Prefabs/StreetProps/PlantPots/QuickBuild/PlantPot_D_V02.prefab
  artifactKey: Guid(415ae327681e843459645b9ef3f3a4db) Importer(815301076,1909f56bfc062723c751e8b465ee728b)
Start importing Assets/LowpolyStreetPack/Prefabs/StreetProps/PlantPots/QuickBuild/PlantPot_D_V02.prefab using Guid(415ae327681e843459645b9ef3f3a4db) Importer(815301076,1909f56bfc062723c751e8b465ee728b) [PhysX] Initialized MultithreadedTaskDispatcher with 16 workers.
[PhysX] Initialized MultithreadedTaskDispatcher with 16 workers.
 -> (artifact id: '19b4509139b30431eb83069e90199acb') in 0.030642 seconds
Number of updated asset objects reloaded before import = 0
Number of asset objects unloaded after import = 40
========================================================================
Received Import Request.
  Time since last request: 0.000017 seconds.
  path: Assets/LowpolyStreetPack/Prefabs/StreetProps/PlantPots/Elements/PlantPot_D.prefab
  artifactKey: Guid(1eb1160e40bf85e4dbc4b816c147a719) Importer(815301076,1909f56bfc062723c751e8b465ee728b)
Start importing Assets/LowpolyStreetPack/Prefabs/StreetProps/PlantPots/Elements/PlantPot_D.prefab using Guid(1eb1160e40bf85e4dbc4b816c147a719) Importer(815301076,1909f56bfc062723c751e8b465ee728b) [PhysX] Initialized MultithreadedTaskDispatcher with 16 workers.
[PhysX] Initialized MultithreadedTaskDispatcher with 16 workers.
 -> (artifact id: '5ce3b02754c6e64cc79f0352eb1a582b') in 0.026580 seconds
Number of updated asset objects reloaded before import = 0
Number of asset objects unloaded after import = 12
========================================================================
Received Import Request.
  Time since last request: 0.000020 seconds.
  path: Assets/LowpolyStreetPack/Prefabs/StreetProps/PlantPots/QuickBuild/PlantPot_C_V01.prefab
  artifactKey: Guid(16396581252dc7f418d57dad32e882d9) Importer(815301076,1909f56bfc062723c751e8b465ee728b)
Start importing Assets/LowpolyStreetPack/Prefabs/StreetProps/PlantPots/QuickBuild/PlantPot_C_V01.prefab using Guid(16396581252dc7f418d57dad32e882d9) Importer(815301076,1909f56bfc062723c751e8b465ee728b) [PhysX] Initialized MultithreadedTaskDispatcher with 16 workers.
[PhysX] Initialized MultithreadedTaskDispatcher with 16 workers.
 -> (artifact id: 'f0cc680246ba7518513f20b26a4386d8') in 0.024576 seconds
Number of updated asset objects reloaded before import = 0
Number of asset objects unloaded after import = 27
========================================================================
Received Import Request.
  Time since last request: 0.000021 seconds.
  path: Assets/LowpolyStreetPack/Prefabs/StreetProps/PlantPots/QuickBuild/PlantPot_A_V06.prefab
  artifactKey: Guid(347ada20f0d4e3b4fb00956605422db5) Importer(815301076,1909f56bfc062723c751e8b465ee728b)
Start importing Assets/LowpolyStreetPack/Prefabs/StreetProps/PlantPots/QuickBuild/PlantPot_A_V06.prefab using Guid(347ada20f0d4e3b4fb00956605422db5) Importer(815301076,1909f56bfc062723c751e8b465ee728b) [PhysX] Initialized MultithreadedTaskDispatcher with 16 workers.
[PhysX] Initialized MultithreadedTaskDispatcher with 16 workers.
 -> (artifact id: '221b5a12437642e46f90ee26472ad716') in 0.030499 seconds
Number of updated asset objects reloaded before import = 0
Number of asset objects unloaded after import = 22
========================================================================
Received Import Request.
  Time since last request: 0.000043 seconds.
  path: Assets/LowpolyStreetPack/Prefabs/StreetProps/PlantPots/QuickBuild/PlantPot_D_V03.prefab
  artifactKey: Guid(1056deee5853f9b4b803937253095a86) Importer(815301076,1909f56bfc062723c751e8b465ee728b)
Start importing Assets/LowpolyStreetPack/Prefabs/StreetProps/PlantPots/QuickBuild/PlantPot_D_V03.prefab using Guid(1056deee5853f9b4b803937253095a86) Importer(815301076,1909f56bfc062723c751e8b465ee728b) [PhysX] Initialized MultithreadedTaskDispatcher with 16 workers.
[PhysX] Initialized MultithreadedTaskDispatcher with 16 workers.
 -> (artifact id: '67bb5e1ee74deb3f7d1914b975a6d581') in 0.025994 seconds
Number of updated asset objects reloaded before import = 0
Number of asset objects unloaded after import = 41
========================================================================
Received Import Request.
  Time since last request: 0.000027 seconds.
  path: Assets/LowpolyStreetPack/Prefabs/StreetProps/PlantPots/QuickBuild/PlantPot_B_V02.prefab
  artifactKey: Guid(db5a25ddc3185af4db2ea401a0e626c1) Importer(815301076,1909f56bfc062723c751e8b465ee728b)
Start importing Assets/LowpolyStreetPack/Prefabs/StreetProps/PlantPots/QuickBuild/PlantPot_B_V02.prefab using Guid(db5a25ddc3185af4db2ea401a0e626c1) Importer(815301076,1909f56bfc062723c751e8b465ee728b) [PhysX] Initialized MultithreadedTaskDispatcher with 16 workers.
[PhysX] Initialized MultithreadedTaskDispatcher with 16 workers.
 -> (artifact id: '1c835f0d5433bfb267cd41beef9b985b') in 0.026343 seconds
Number of updated asset objects reloaded before import = 0
Number of asset objects unloaded after import = 21
Editor requested this worker to shutdown with reason: Scaling down because of idle timeout
TcpMessagingSession - receive error: operation aborted. errorcode: 995, details: The I/O operation has been aborted because of either a thread exit or an application request.
AssetImportWorker is now disconnected from the server
Process exiting
Exiting without the bug reporter. Application will terminate with return code 0