Using pre-set license
Built from '2022.3/staging' branch; Version is '2022.3.36f1 (95a4219250e5) revision 9806881'; Using compiler version '192829333'; Build Type 'Release'
OS: 'Windows 11  (10.0.22631) 64bit Professional' Language: 'en' Physical Memory: 15713 MB
BatchMode: 1, IsHumanControllingUs: 0, StartBugReporterOnCrash: 0, Is64bit: 1, IsPro: 1

COMMAND LINE ARGUMENTS:
C:\Program Files\Unity\Hub\Editor\2022.3.36f1\Editor\Unity.exe
-adb2
-batchMode
-noUpm
-name
AssetImportWorker47
-projectPath
C:/Users/emiry/Documents/GitHub/U80
-logFile
Logs/AssetImportWorker47.log
-srvPort
57102
Successfully changed project path to: C:/Users/emiry/Documents/GitHub/U80
C:/Users/emiry/Documents/GitHub/U80
[UnityMemory] Configuration Parameters - Can be set up in boot.config
    "memorysetup-bucket-allocator-granularity=16"
    "memorysetup-bucket-allocator-bucket-count=8"
    "memorysetup-bucket-allocator-block-size=33554432"
    "memorysetup-bucket-allocator-block-count=8"
    "memorysetup-main-allocator-block-size=16777216"
    "memorysetup-thread-allocator-block-size=16777216"
    "memorysetup-gfx-main-allocator-block-size=16777216"
    "memorysetup-gfx-thread-allocator-block-size=16777216"
    "memorysetup-cache-allocator-block-size=4194304"
    "memorysetup-typetree-allocator-block-size=2097152"
    "memorysetup-profiler-bucket-allocator-granularity=16"
    "memorysetup-profiler-bucket-allocator-bucket-count=8"
    "memorysetup-profiler-bucket-allocator-block-size=33554432"
    "memorysetup-profiler-bucket-allocator-block-count=8"
    "memorysetup-profiler-allocator-block-size=16777216"
    "memorysetup-profiler-editor-allocator-block-size=1048576"
    "memorysetup-temp-allocator-size-main=16777216"
    "memorysetup-job-temp-allocator-block-size=2097152"
    "memorysetup-job-temp-allocator-block-size-background=1048576"
    "memorysetup-job-temp-allocator-reduction-small-platforms=262144"
    "memorysetup-allocator-temp-initial-block-size-main=262144"
    "memorysetup-allocator-temp-initial-block-size-worker=262144"
    "memorysetup-temp-allocator-size-background-worker=32768"
    "memorysetup-temp-allocator-size-job-worker=262144"
    "memorysetup-temp-allocator-size-preload-manager=33554432"
    "memorysetup-temp-allocator-size-nav-mesh-worker=65536"
    "memorysetup-temp-allocator-size-audio-worker=65536"
    "memorysetup-temp-allocator-size-cloud-worker=32768"
    "memorysetup-temp-allocator-size-gi-baking-worker=262144"
    "memorysetup-temp-allocator-size-gfx=262144"
Player connection [36360] Host "[IP] 192.168.0.19 [Port] 0 [Flags] 2 [Guid] 1163074655 [EditorId] 1163074655 [Version] 1048832 [Id] WindowsEditor(7,Hootbu) [Debug] 1 [PackageName] WindowsEditor [ProjectName] Editor" joined multi-casting on [225.0.0.222:54997]...

Player connection [36360] Host "[IP] 192.168.0.19 [Port] 0 [Flags] 2 [Guid] 1163074655 [EditorId] 1163074655 [Version] 1048832 [Id] WindowsEditor(7,Hootbu) [Debug] 1 [PackageName] WindowsEditor [ProjectName] Editor" joined alternative multi-casting on [225.0.0.222:34997]...

[PhysX] Initialized MultithreadedTaskDispatcher with 16 workers.
Refreshing native plugins compatible for Editor in 10.39 ms, found 3 plugins.
Preloading 0 native plugins for Editor in 0.00 ms.
Initialize engine version: 2022.3.36f1 (95a4219250e5)
[Subsystems] Discovering subsystems at path C:/Program Files/Unity/Hub/Editor/2022.3.36f1/Editor/Data/Resources/UnitySubsystems
[Subsystems] Discovering subsystems at path C:/Users/emiry/Documents/GitHub/U80/Assets
GfxDevice: creating device client; threaded=0; jobified=0
Direct3D:
    Version:  Direct3D 11.0 [level 11.1]
    Renderer: NVIDIA GeForce RTX 3050 Ti Laptop GPU (ID=0x25a0)
    Vendor:   NVIDIA
    VRAM:     3962 MB
    Driver:   32.0.15.6070
Initialize mono
Mono path[0] = 'C:/Program Files/Unity/Hub/Editor/2022.3.36f1/Editor/Data/Managed'
Mono path[1] = 'C:/Program Files/Unity/Hub/Editor/2022.3.36f1/Editor/Data/MonoBleedingEdge/lib/mono/unityjit-win32'
Mono config path = 'C:/Program Files/Unity/Hub/Editor/2022.3.36f1/Editor/Data/MonoBleedingEdge/etc'
Using monoOptions --debugger-agent=transport=dt_socket,embedding=1,server=y,suspend=n,address=127.0.0.1:56376
Begin MonoManager ReloadAssembly
Registering precompiled unity dll's ...
Register platform support module: C:/Program Files/Unity/Hub/Editor/2022.3.36f1/Editor/Data/PlaybackEngines/WindowsStandaloneSupport/UnityEditor.WindowsStandalone.Extensions.dll
Registered in 0.007370 seconds.
- Loaded All Assemblies, in  0.309 seconds
Native extension for WindowsStandalone target not found
Mono: successfully reloaded assembly
- Finished resetting the current domain, in  0.251 seconds
Domain Reload Profiling: 559ms
	BeginReloadAssembly (99ms)
		ExecutionOrderSort (0ms)
		DisableScriptedObjects (0ms)
		BackupInstance (0ms)
		ReleaseScriptingObjects (0ms)
		CreateAndSetChildDomain (1ms)
	RebuildCommonClasses (28ms)
	RebuildNativeTypeToScriptingClass (9ms)
	initialDomainReloadingComplete (55ms)
	LoadAllAssembliesAndSetupDomain (116ms)
		LoadAssemblies (97ms)
		RebuildTransferFunctionScriptingTraits (0ms)
		AnalyzeDomain (114ms)
			TypeCache.Refresh (113ms)
				TypeCache.ScanAssembly (102ms)
			ScanForSourceGeneratedMonoScriptInfo (0ms)
			ResolveRequiredComponents (0ms)
	FinalizeReload (252ms)
		ReleaseScriptCaches (0ms)
		RebuildScriptCaches (0ms)
		SetupLoadedEditorAssemblies (200ms)
			LogAssemblyErrors (0ms)
			InitializePlatformSupportModulesInManaged (8ms)
			SetLoadedEditorAssemblies (7ms)
			RefreshPlugins (0ms)
			BeforeProcessingInitializeOnLoad (2ms)
			ProcessInitializeOnLoadAttributes (135ms)
			ProcessInitializeOnLoadMethodAttributes (48ms)
			AfterProcessingInitializeOnLoad (0ms)
			EditorAssembliesLoaded (0ms)
		ExecutionOrderSort2 (0ms)
		AwakeInstancesAfterBackupRestoration (0ms)
========================================================================
Worker process is ready to serve import requests
Begin MonoManager ReloadAssembly
- Loaded All Assemblies, in  0.798 seconds
Refreshing native plugins compatible for Editor in 3.83 ms, found 3 plugins.
Native extension for WindowsStandalone target not found
Package Manager log level set to [2]
[Package Manager] Server::EnsureServerProcessIsRunning -- launch failed, reason: Unity was launched with the -noUpm command-line argument
[Package Manager] UpmClient::Send -- Unable to send message (not connected to UPM process).
[Package Manager] Cannot connect to Unity Package Manager local server
Mono: successfully reloaded assembly
- Finished resetting the current domain, in  0.766 seconds
Domain Reload Profiling: 1561ms
	BeginReloadAssembly (157ms)
		ExecutionOrderSort (0ms)
		DisableScriptedObjects (5ms)
		BackupInstance (0ms)
		ReleaseScriptingObjects (0ms)
		CreateAndSetChildDomain (21ms)
	RebuildCommonClasses (29ms)
	RebuildNativeTypeToScriptingClass (9ms)
	initialDomainReloadingComplete (41ms)
	LoadAllAssembliesAndSetupDomain (558ms)
		LoadAssemblies (419ms)
		RebuildTransferFunctionScriptingTraits (0ms)
		AnalyzeDomain (231ms)
			TypeCache.Refresh (197ms)
				TypeCache.ScanAssembly (180ms)
			ScanForSourceGeneratedMonoScriptInfo (25ms)
			ResolveRequiredComponents (8ms)
	FinalizeReload (767ms)
		ReleaseScriptCaches (0ms)
		RebuildScriptCaches (0ms)
		SetupLoadedEditorAssemblies (594ms)
			LogAssemblyErrors (0ms)
			InitializePlatformSupportModulesInManaged (13ms)
			SetLoadedEditorAssemblies (7ms)
			RefreshPlugins (0ms)
			BeforeProcessingInitializeOnLoad (84ms)
			ProcessInitializeOnLoadAttributes (464ms)
			ProcessInitializeOnLoadMethodAttributes (19ms)
			AfterProcessingInitializeOnLoad (8ms)
			EditorAssembliesLoaded (0ms)
		ExecutionOrderSort2 (0ms)
		AwakeInstancesAfterBackupRestoration (6ms)
Launched and connected shader compiler UnityShaderCompiler.exe after 0.05 seconds
Refreshing native plugins compatible for Editor in 3.73 ms, found 3 plugins.
Preloading 0 native plugins for Editor in 0.00 ms.
Unloading 3865 Unused Serialized files (Serialized files now loaded: 0)
Unloading 69 unused Assets / (2.1 MB). Loaded Objects now: 4362.
Memory consumption went from 209.5 MB to 207.5 MB.
Total: 3.697800 ms (FindLiveObjects: 0.261600 ms CreateObjectMapping: 0.107400 ms MarkObjects: 2.781800 ms  DeleteObjects: 0.545800 ms)

AssetImportParameters requested are different than current active one (requested -> active):
  custom:scripting/monoscript/fileName/ProOnlyRangeDrawer.cs: 06dbe8928c84ff230293cb0233df1ecf -> 
  custom:scripting/monoscript/fileName/UMouseExample.cs: 06ff0cf67586c692ac70428e7b92deb0 -> 
  custom:container-demuxer-ogg: 62fdf1f143b41e24485cea50d1cbac27 -> 
  custom:scripting/monoscript/fileName/UaMenu.cs: 82495984b996c9bd458f6dae6952899d -> 
  custom:scripting/monoscript/fileName/TypeSpecBus.cs: bdf891ea43972f99bd350e20e54e2548 -> 
  custom:scripting/monoscript/fileName/LUAppState.cs: dd879bee3a6e5af3d4125fb39f7658a2 -> 
  custom:video-codec-MediaFoundation-h265: 746d11721c4dcdbdad8f713fa42b33f4 -> 
  custom:video-decoder-ogg-theora: a1e56fd34408186e4bbccfd4996cb3dc -> 
  custom:scripting/monoscript/fileName/UStateHandlerExample.cs: e2354a47a3578f345f469a64b7c2ae88 -> 
  custom:scripting/monoscript/fileName/TypeSpecCar.cs: 4ae669c0479d6ce0b8b48d42f088c449 -> 
  custom:framework-win-MediaFoundation: 216162199b28c13a410421893ffa2e32 -> 
  custom:scripting/monoscript/fileName/VRoadProWindow.cs: 5c5b5f6b5b4591c405e6482a71222208 -> 
  custom:scripting/monoscript/fileName/URunTraffic.cs: ecda640a73b5f1869b517619e1535e85 -> 
  custom:scripting/monoscript/fileName/UaPlaySim.cs: 961b6e95b7d27f67e651da849808769f -> 
  custom:CustomObjectIndexerAttribute: 9a22284fe3817be447336de3de66b15e -> 
  custom:scripting/monoscript/fileName/UBuildMap.cs: ba6ca95d60e8dfb71d7ea960ed721b0a -> 
  custom:scripting/monoscript/fileName/UaCamControllerMain.cs: 608d6bfa8bce69f6af7eb0956d66c3f8 -> 
  custom:scripting/monoscript/fileName/Inspectable.cs: 8ead47a13b172630a7ed4c5efe8f13a0 -> 
  custom:container-demuxer-webm: 4f35f7cbe854078d1ac9338744f61a02 -> 
  custom:scripting/monoscript/fileName/UaMapMesh.cs: b66190f0285420f3bc2605dda63a5078 -> 
  custom:scripting/monoscript/fileName/UaBotHandler.cs: 795d79af38c398cb95c812b8006d49f7 -> 
  custom:scripting/monoscript/fileName/UaMapMeshMod.cs: c4833c742638c0c376d232484c33ef08 -> 
  custom:scripting/monoscript/fileName/UaMouse.cs: 990db2078e3ac352b1ad7f578047ae37 -> 
  custom:scripting/monoscript/fileName/TypeSpecTrailer.cs: c3ba11576f622c42f695f463ca32201e -> 
  custom:scripting/monoscript/fileName/VRoadEditorWindow.cs: 4521b77ca15c3f0d13a89bae499f7fad -> 
  custom:container-muxer-webm: aa71ff27fc2769a1b78a27578f13a17b -> 
  custom:scripting/monoscript/fileName/UPlaySimExamplePrefab.cs: d45adc0f0aa2cbdc230e508f78c98512 -> 
  custom:scripting/monoscript/fileName/SubMesh.cs: 97ce68bef3a65664402b82bdbf7ec7f2 -> 
  custom:video-decoder-webm-vp8: 9c59270c3fd7afecdb556c50c9e8de78 -> 
  custom:scripting/monoscript/fileName/MeshTools.cs: bc8e9953a6f81d796be6a4867efbeca6 -> 
  custom:SearchIndexIgnoredProperties: e643bd26f0fe6173181afceb89e7c659 -> 
  custom:AudioImporter_EditorPlatform: d09bf68614088b80899f8185d706f6e7 -> 
  custom:scripting/monoscript/fileName/XyzExtensions.cs: 699a038b2c4b7bdfd27595f05c673221 -> 
  custom:scripting/monoscript/fileName/ProOnlyDrawer.cs: 140c74f6d98aa6a2f75693f5a2cf72de -> 
  custom:scripting/monoscript/fileName/URunTrafficAndroid.cs: 13ba57ee74ec160ed8ca441a704aed81 -> 
  custom:scripting/monoscript/fileName/UPlaySimExample.cs: db2853e1d5d0b0b01a3cea3bd2175faa -> 
  custom:scripting/monoscript/fileName/SceneSaveMonitor.cs: 002ada5a09e4c3ea15cbb45620dd9ea4 -> 
  custom:scripting/monoscript/fileName/NamedSubMesh.cs: f9f93af626b46fe3d18408f6771d72b8 -> 
  custom:scripting/monoscript/fileName/TypeSpecTruck.cs: 4e1a951ed4ac097814c5926b8bcf0bd6 -> 
  custom:video-encoder-webm-vp8: eb34c28f22e8b96e1ab97ce403110664 -> 
  custom:scripting/monoscript/fileName/UExitHandler.cs: 65b422a42c87c5906ca5ab6c9917cd3f -> 
  custom:scripting/monoscript/fileName/ReadOnlyDrawer.cs: b26c4fb1328166ff0500ab0eb78a23c9 -> 
  custom:scripting/monoscript/fileName/AnimatorPedEventReceiver.cs: 02970d66fc89aa32d11fbf4ed57b2393 -> 
  custom:audio-decoder-ogg-vorbis: bf7c407c2cedff20999df2af8eb42d56 -> 
  custom:scripting/monoscript/fileName/UExternalReporterExample.cs: b47dced26726bc1c6cca3385d51d545e -> 
  custom:scripting/monoscript/fileName/UaGamePad.cs: c009e1ef2c316b725495851113c4bcc1 -> 
  custom:scripting/monoscript/fileName/UComment.cs: 2f18d587f279c5c266364d1be9c69d89 -> 
  custom:scripting/monoscript/fileName/UaStateHandler.cs: 2c899633784028fc2ed2ec0f88d26ad5 -> 
  custom:scripting/monoscript/fileName/VRoadWindow.cs: 9b3e75131f5e1d1006211fcab64dc0d7 -> 
  custom:scripting/monoscript/fileName/RoofWrapper.cs: 1e67134df3309cf12ec355d1e5f72a72 -> 
  custom:scripting/monoscript/fileName/UCamControllerExample.cs: d60969678431ad1e2c929f367987fdf1 -> 
  custom:scripting/monoscript/fileName/UBotHandlerExample.cs: a6b4b3b74faa6205a93a9c9249a520f5 -> 
  custom:scripting/monoscript/fileName/UaExternalReporter.cs: 9f8124b70e002cfea54794948b421510 -> 
  custom:audio-encoder-webm-vorbis: bf7c407c2cedff20999df2af8eb42d56 -> 
  custom:scripting/monoscript/fileName/UMenuExample.cs: a5fe31719e8c44b99bec5f364b1a80dc -> 
  custom:scripting/monoscript/fileName/ExternalMapBuilder.cs: e8b19924eeafd6b5db8da6982614af93 -> 
  custom:scripting/monoscript/fileName/UMapMeshExample.cs: aaf935164b4a0db731a09f13538b3a9f -> 
  custom:scripting/monoscript/fileName/SA.cs: 2a89a45dff2f5d604c0dc515647f54f9 -> 
========================================================================
Received Import Request.
  Time since last request: 178631.296436 seconds.
  path: Assets/Flooded_Grounds/PostProcessing/Textures/Lens Dirt/LensDirt00.png
  artifactKey: Guid(69e847bbff1cf5449a4ee0bbd045dbc9) Importer(815301076,1909f56bfc062723c751e8b465ee728b)
Start importing Assets/Flooded_Grounds/PostProcessing/Textures/Lens Dirt/LensDirt00.png using Guid(69e847bbff1cf5449a4ee0bbd045dbc9) Importer(815301076,1909f56bfc062723c751e8b465ee728b) [PhysX] Initialized MultithreadedTaskDispatcher with 16 workers.
[PhysX] Initialized MultithreadedTaskDispatcher with 16 workers.
 -> (artifact id: '42f4d5886feb9fbd4cb9f769a4bc73a7') in 0.066692 seconds
Number of updated asset objects reloaded before import = 0
Number of asset objects unloaded after import = 2
========================================================================
Received Import Request.
  Time since last request: 0.099016 seconds.
  path: Assets/RoadArchitect/Editor/Icons/loadbgglow.png
  artifactKey: Guid(26b9d2023e63e834bb04e97cff0187cc) Importer(815301076,1909f56bfc062723c751e8b465ee728b)
Start importing Assets/RoadArchitect/Editor/Icons/loadbgglow.png using Guid(26b9d2023e63e834bb04e97cff0187cc) Importer(815301076,1909f56bfc062723c751e8b465ee728b) [PhysX] Initialized MultithreadedTaskDispatcher with 16 workers.
[PhysX] Initialized MultithreadedTaskDispatcher with 16 workers.
 -> (artifact id: '13343ae355d37d4e5178c3693cf3a0a0') in 0.012677 seconds
Number of updated asset objects reloaded before import = 0
Number of asset objects unloaded after import = 2
========================================================================
Received Import Request.
  Time since last request: 0.000020 seconds.
  path: Assets/RoadArchitect/Textures/FedSigns/330/MedianAlertLeftDiffuse.png
  artifactKey: Guid(33d5b96491d9b6a4182b55c23d5a42ce) Importer(815301076,1909f56bfc062723c751e8b465ee728b)
Start importing Assets/RoadArchitect/Textures/FedSigns/330/MedianAlertLeftDiffuse.png using Guid(33d5b96491d9b6a4182b55c23d5a42ce) Importer(815301076,1909f56bfc062723c751e8b465ee728b) [PhysX] Initialized MultithreadedTaskDispatcher with 16 workers.
[PhysX] Initialized MultithreadedTaskDispatcher with 16 workers.
 -> (artifact id: '04f160e0d72e06e0650f1a4737301148') in 0.007363 seconds
Number of updated asset objects reloaded before import = 0
Number of asset objects unloaded after import = 2
========================================================================
Received Import Request.
  Time since last request: 0.274664 seconds.
  path: Assets/RoadArchitect/Textures/Metal2Diffuse.png
  artifactKey: Guid(5d580c356568c5d4dad72da3ccf65edf) Importer(815301076,1909f56bfc062723c751e8b465ee728b)
Start importing Assets/RoadArchitect/Textures/Metal2Diffuse.png using Guid(5d580c356568c5d4dad72da3ccf65edf) Importer(815301076,1909f56bfc062723c751e8b465ee728b) [PhysX] Initialized MultithreadedTaskDispatcher with 16 workers.
[PhysX] Initialized MultithreadedTaskDispatcher with 16 workers.
 -> (artifact id: '6f27aba7b1b1ba1d8977e44160dcd24d') in 0.006249 seconds
Number of updated asset objects reloaded before import = 0
Number of asset objects unloaded after import = 2
========================================================================
Received Import Request.
  Time since last request: 0.000016 seconds.
  path: Assets/Flooded_Grounds/Content/Textures/MISC_Grid.tif
  artifactKey: Guid(c49f6b57ebaac5847ba14f1e511415e1) Importer(815301076,1909f56bfc062723c751e8b465ee728b)
Start importing Assets/Flooded_Grounds/Content/Textures/MISC_Grid.tif using Guid(c49f6b57ebaac5847ba14f1e511415e1) Importer(815301076,1909f56bfc062723c751e8b465ee728b) [PhysX] Initialized MultithreadedTaskDispatcher with 16 workers.
[PhysX] Initialized MultithreadedTaskDispatcher with 16 workers.
 -> (artifact id: '46253b15de2fa8b733e78239241d5fdb') in 0.006247 seconds
Number of updated asset objects reloaded before import = 0
Number of asset objects unloaded after import = 2
========================================================================
Received Import Request.
  Time since last request: 0.010414 seconds.
  path: Assets/LowpolyStreetPack/Meshes/Textures/mud.png
  artifactKey: Guid(f25d78572808cbb4fbf0a3a24f1c3880) Importer(815301076,1909f56bfc062723c751e8b465ee728b)
Start importing Assets/LowpolyStreetPack/Meshes/Textures/mud.png using Guid(f25d78572808cbb4fbf0a3a24f1c3880) Importer(815301076,1909f56bfc062723c751e8b465ee728b) [PhysX] Initialized MultithreadedTaskDispatcher with 16 workers.
[PhysX] Initialized MultithreadedTaskDispatcher with 16 workers.
 -> (artifact id: '503c3bf55da0dac0fd91e43d0eb6f740') in 0.008034 seconds
Number of updated asset objects reloaded before import = 0
Number of asset objects unloaded after import = 2
========================================================================
Received Import Request.
  Time since last request: 0.061569 seconds.
  path: Assets/Flooded_Grounds/Content/Textures/NAT_Grass1_N.tif
  artifactKey: Guid(33ae1acfe6693134e960e547690a42da) Importer(815301076,1909f56bfc062723c751e8b465ee728b)
Start importing Assets/Flooded_Grounds/Content/Textures/NAT_Grass1_N.tif using Guid(33ae1acfe6693134e960e547690a42da) Importer(815301076,1909f56bfc062723c751e8b465ee728b) [PhysX] Initialized MultithreadedTaskDispatcher with 16 workers.
[PhysX] Initialized MultithreadedTaskDispatcher with 16 workers.
 -> (artifact id: 'a820d71b0c05cd8ebbaca4f08c9b8d19') in 0.045068 seconds
Number of updated asset objects reloaded before import = 0
Number of asset objects unloaded after import = 2
========================================================================
Received Import Request.
  Time since last request: 0.024865 seconds.
  path: Assets/RoadArchitect/Textures/FedSigns/Square/NoHMDiffuse.png
  artifactKey: Guid(2eeed48ed9a3ed746bf2d768a9590e92) Importer(815301076,1909f56bfc062723c751e8b465ee728b)
Start importing Assets/RoadArchitect/Textures/FedSigns/Square/NoHMDiffuse.png using Guid(2eeed48ed9a3ed746bf2d768a9590e92) Importer(815301076,1909f56bfc062723c751e8b465ee728b) [PhysX] Initialized MultithreadedTaskDispatcher with 16 workers.
[PhysX] Initialized MultithreadedTaskDispatcher with 16 workers.
 -> (artifact id: 'e496fe730515e322bce3315f588783d0') in 0.005150 seconds
Number of updated asset objects reloaded before import = 0
Number of asset objects unloaded after import = 2
========================================================================
Received Import Request.
  Time since last request: 0.000023 seconds.
  path: Assets/RoadArchitect/Textures/FedSigns/Square/NoMotorVehiclesDiffuse.png
  artifactKey: Guid(4a443fe1ad9cde24d83620f134749a49) Importer(815301076,1909f56bfc062723c751e8b465ee728b)
Start importing Assets/RoadArchitect/Textures/FedSigns/Square/NoMotorVehiclesDiffuse.png using Guid(4a443fe1ad9cde24d83620f134749a49) Importer(815301076,1909f56bfc062723c751e8b465ee728b) [PhysX] Initialized MultithreadedTaskDispatcher with 16 workers.
[PhysX] Initialized MultithreadedTaskDispatcher with 16 workers.
 -> (artifact id: '33867e97b3a1f059590e55563a539a8e') in 0.005686 seconds
Number of updated asset objects reloaded before import = 0
Number of asset objects unloaded after import = 2
========================================================================
Received Import Request.
  Time since last request: 0.000016 seconds.
  path: Assets/RoadArchitect/Textures/FedSigns/Square/NoPlayingDiffuse.png
  artifactKey: Guid(369de4227873b1d4da6d29630c270cbe) Importer(815301076,1909f56bfc062723c751e8b465ee728b)
Start importing Assets/RoadArchitect/Textures/FedSigns/Square/NoPlayingDiffuse.png using Guid(369de4227873b1d4da6d29630c270cbe) Importer(815301076,1909f56bfc062723c751e8b465ee728b) [PhysX] Initialized MultithreadedTaskDispatcher with 16 workers.
[PhysX] Initialized MultithreadedTaskDispatcher with 16 workers.
 -> (artifact id: '5201b624faef069e99c21292e40c9913') in 0.006031 seconds
Number of updated asset objects reloaded before import = 0
Number of asset objects unloaded after import = 2
========================================================================
Received Import Request.
  Time since last request: 0.047748 seconds.
  path: Assets/Flooded_Grounds/Prefabs/Nature/Trees/TreeCreator_Tall_B_Textures/normal_specular.png
  artifactKey: Guid(f0cb33afac60bc24ba6b72c683b664b4) Importer(815301076,1909f56bfc062723c751e8b465ee728b)
Start importing Assets/Flooded_Grounds/Prefabs/Nature/Trees/TreeCreator_Tall_B_Textures/normal_specular.png using Guid(f0cb33afac60bc24ba6b72c683b664b4) Importer(815301076,1909f56bfc062723c751e8b465ee728b) [PhysX] Initialized MultithreadedTaskDispatcher with 16 workers.
[PhysX] Initialized MultithreadedTaskDispatcher with 16 workers.
 -> (artifact id: 'be524468694806f352f5aa36b2367a77') in 0.010666 seconds
Number of updated asset objects reloaded before import = 0
Number of asset objects unloaded after import = 2
========================================================================
Received Import Request.
  Time since last request: 0.000295 seconds.
  path: Assets/Flooded_Grounds/Prefabs/Nature/Trees/TreeCreator_Bush_A_Textures/normal_specular.png
  artifactKey: Guid(53055e6f318187d4086d26c88c945f97) Importer(815301076,1909f56bfc062723c751e8b465ee728b)
Start importing Assets/Flooded_Grounds/Prefabs/Nature/Trees/TreeCreator_Bush_A_Textures/normal_specular.png using Guid(53055e6f318187d4086d26c88c945f97) Importer(815301076,1909f56bfc062723c751e8b465ee728b) [PhysX] Initialized MultithreadedTaskDispatcher with 16 workers.
[PhysX] Initialized MultithreadedTaskDispatcher with 16 workers.
 -> (artifact id: '430664fe1e0f48aacff4ff3719545f40') in 0.010080 seconds
Number of updated asset objects reloaded before import = 0
Number of asset objects unloaded after import = 2
========================================================================
Received Import Request.
  Time since last request: 0.193767 seconds.
  path: Assets/RoadArchitect/Textures/FedSigns/Square/NoUTurnDiffuse.png
  artifactKey: Guid(fb2b7e31e95701345991bb18be8c8cb9) Importer(815301076,1909f56bfc062723c751e8b465ee728b)
Start importing Assets/RoadArchitect/Textures/FedSigns/Square/NoUTurnDiffuse.png using Guid(fb2b7e31e95701345991bb18be8c8cb9) Importer(815301076,1909f56bfc062723c751e8b465ee728b) [PhysX] Initialized MultithreadedTaskDispatcher with 16 workers.
[PhysX] Initialized MultithreadedTaskDispatcher with 16 workers.
 -> (artifact id: 'f109bd746db71b72e3ff3fba29708d15') in 0.006479 seconds
Number of updated asset objects reloaded before import = 0
Number of asset objects unloaded after import = 2
========================================================================
Received Import Request.
  Time since last request: 0.000015 seconds.
  path: Assets/RoadArchitect/Textures/FedSigns/617/OH327Diffuse.png
  artifactKey: Guid(99b77d926a7489547b86d41d3bb366c4) Importer(815301076,1909f56bfc062723c751e8b465ee728b)
Start importing Assets/RoadArchitect/Textures/FedSigns/617/OH327Diffuse.png using Guid(99b77d926a7489547b86d41d3bb366c4) Importer(815301076,1909f56bfc062723c751e8b465ee728b) [PhysX] Initialized MultithreadedTaskDispatcher with 16 workers.
[PhysX] Initialized MultithreadedTaskDispatcher with 16 workers.
 -> (artifact id: '964ac277f184cd822b203e2859a34330') in 0.006468 seconds
Number of updated asset objects reloaded before import = 0
Number of asset objects unloaded after import = 2
========================================================================
Received Import Request.
  Time since last request: 0.000015 seconds.
  path: Assets/RoadArchitect/Textures/FedSigns/617/NY385Diffuse.png
  artifactKey: Guid(0a08c6c5f8e3fe24ea8b99dfa08b740c) Importer(815301076,1909f56bfc062723c751e8b465ee728b)
Start importing Assets/RoadArchitect/Textures/FedSigns/617/NY385Diffuse.png using Guid(0a08c6c5f8e3fe24ea8b99dfa08b740c) Importer(815301076,1909f56bfc062723c751e8b465ee728b) [PhysX] Initialized MultithreadedTaskDispatcher with 16 workers.
[PhysX] Initialized MultithreadedTaskDispatcher with 16 workers.
 -> (artifact id: '8e152c0fea1e061d184dbd272e64d73c') in 0.006058 seconds
Number of updated asset objects reloaded before import = 0
Number of asset objects unloaded after import = 2
========================================================================
Received Import Request.
  Time since last request: 0.084413 seconds.
  path: Assets/RoadArchitect/Textures/FedSigns/617/OK112Diffuse.png
  artifactKey: Guid(b41eec0cd22f5bc4aa00b7b3076bfe8b) Importer(815301076,1909f56bfc062723c751e8b465ee728b)
Start importing Assets/RoadArchitect/Textures/FedSigns/617/OK112Diffuse.png using Guid(b41eec0cd22f5bc4aa00b7b3076bfe8b) Importer(815301076,1909f56bfc062723c751e8b465ee728b) [PhysX] Initialized MultithreadedTaskDispatcher with 16 workers.
[PhysX] Initialized MultithreadedTaskDispatcher with 16 workers.
 -> (artifact id: '30d44f41c667959fd0fe91973748c887') in 0.007776 seconds
Number of updated asset objects reloaded before import = 0
Number of asset objects unloaded after import = 2
========================================================================
Received Import Request.
  Time since last request: 1.240603 seconds.
  path: Assets/RoadArchitect/Textures/FedSigns/Diamond/Construction/OrangeFreshOilDiffuse.png
  artifactKey: Guid(b3bf70a2a27cc6e43a08056a7b69990f) Importer(815301076,1909f56bfc062723c751e8b465ee728b)
Start importing Assets/RoadArchitect/Textures/FedSigns/Diamond/Construction/OrangeFreshOilDiffuse.png using Guid(b3bf70a2a27cc6e43a08056a7b69990f) Importer(815301076,1909f56bfc062723c751e8b465ee728b) [PhysX] Initialized MultithreadedTaskDispatcher with 16 workers.
[PhysX] Initialized MultithreadedTaskDispatcher with 16 workers.
 -> (artifact id: '42c19335aad6cb71cebecfc4509431ad') in 0.008908 seconds
Number of updated asset objects reloaded before import = 0
Number of asset objects unloaded after import = 2
========================================================================
Received Import Request.
  Time since last request: 0.055151 seconds.
  path: Assets/RoadArchitect/Editor/Icons/otherbg2.png
  artifactKey: Guid(bc35923530c6bbd438ace7969b4c77ef) Importer(815301076,1909f56bfc062723c751e8b465ee728b)
Start importing Assets/RoadArchitect/Editor/Icons/otherbg2.png using Guid(bc35923530c6bbd438ace7969b4c77ef) Importer(815301076,1909f56bfc062723c751e8b465ee728b) [PhysX] Initialized MultithreadedTaskDispatcher with 16 workers.
[PhysX] Initialized MultithreadedTaskDispatcher with 16 workers.
 -> (artifact id: '66e9d5bd84661478875849cfa7bf6442') in 0.005618 seconds
Number of updated asset objects reloaded before import = 0
Number of asset objects unloaded after import = 2
========================================================================
Received Import Request.
  Time since last request: 0.001953 seconds.
  path: Assets/RoadArchitect/Textures/FedSigns/396/PassWithCareDiffuse.png
  artifactKey: Guid(baaa22813d6ac5444a192695818e552a) Importer(815301076,1909f56bfc062723c751e8b465ee728b)
Start importing Assets/RoadArchitect/Textures/FedSigns/396/PassWithCareDiffuse.png using Guid(baaa22813d6ac5444a192695818e552a) Importer(815301076,1909f56bfc062723c751e8b465ee728b) [PhysX] Initialized MultithreadedTaskDispatcher with 16 workers.
[PhysX] Initialized MultithreadedTaskDispatcher with 16 workers.
 -> (artifact id: '8e22b6eea893d712ccefe660341048ee') in 0.006423 seconds
Number of updated asset objects reloaded before import = 0
Number of asset objects unloaded after import = 2
Editor requested this worker to shutdown with reason: Scaling down because of idle timeout
TcpMessagingSession - receive error: operation aborted. errorcode: 995, details: The I/O operation has been aborted because of either a thread exit or an application request.
AssetImportWorker is now disconnected from the server
Process exiting
Exiting without the bug reporter. Application will terminate with return code 0